#
# A fatal error has been detected by the Java Runtime Environment:
#
#  Internal Error (jvmciRuntime.cpp:1609), pid=31, tid=45
#  fatal error: Fatal exception in JVMCI: Error calling jdk.vm.ci.services.Services.serializeSavedProperties
#
# JRE version: OpenJDK Runtime Environment GraalVM CE 22.3.0 (17.0.5+8) (build 17.0.5+8-jvmci-22.3-b08)
# Java VM: OpenJDK 64-Bit Server VM GraalVM CE 22.3.0 (17.0.5+8-jvmci-22.3-b08, mixed mode, sharing, tiered, jvmci, jvmci compiler, compressed oops, compressed class ptrs, parallel gc, linux-amd64)
# Problematic frame:
# V  [libjvm.so+0x972714]  JVMCIRuntime::fatal_exception(JVMCIEnv*, char const*)+0x74
#
# Core dump will be written. Default location: Core dumps may be processed with "/usr/share/apport/apport -p%p -s%s -c%c -d%d -P%P -u%u -g%g -- %E" (or dumping to /home/runner/HelloWorld-2/core.31)
#
# If you would like to submit a bug report, please visit:
#   https://github.com/oracle/graal/issues
#

---------------  S U M M A R Y ------------

Command Line: -XX:ThreadPriorityPolicy=1 -XX:+UnlockExperimentalVMOptions -XX:+EnableJVMCIProduct -XX:JVMCIThreadsPerNativeLibraryRuntime=1 -XX:-UnlockExperimentalVMOptions -Declipse.application=org.eclipse.jdt.ls.core.id1 -Dosgi.bundles.defaultStartLevel=4 -Declipse.product=org.eclipse.jdt.ls.core.product -Dlog.level=ALL -Xverify:none -XX:+UseParallelGC -XX:GCTimeRatio=4 -XX:AdaptiveSizePolicyWeight=90 -Dsun.zip.disableMemoryMapping=true -Xmx512m -Xms100m /nix/store/m6gcpi1ii6rghy04cjwjddcavv7i90df-jdt-language-server-1.9.0/share/java/plugins/org.eclipse.equinox.launcher_1.6.400.v20210924-0641.jar --add-modules=ALL-SYSTEM --add-opens java.base/java.util=ALL-UNNAMED --add-opens java.base/java.lang=ALL-UNNAMED -configuration /home/runner/.cache/jdt-language-server/config -data /home/runner/.cache/jdt-language-server/data/home/runner/HelloWorld-2

Host: AMD EPYC 7B12, 8 cores, 1G, Ubuntu 20.04.2 LTS
Time: Wed Mar  8 14:07:52 2023 UTC elapsed time: 826.820147 seconds (0d 0h 13m 46s)

---------------  T H R E A D  ---------------

Current thread (0x00007ff9680b21e0):  JavaThread "JVMCI-native CompilerThread0" daemon [_thread_in_vm, id=45, stack(0x00007ff94f2b3000,0x00007ff94f4b3000)]


Current CompileTask:
JVMCI-native: 826821 6885       4       jdk.internal.reflect.ClassFileAssembler::emitConstantPoolUTF8 (50 bytes)

Stack: [0x00007ff94f2b3000,0x00007ff94f4b3000],  sp=0x00007ff94f4b1380,  free space=2040k
Native frames: (J=compiled Java code, j=interpreted, Vv=VM code, C=native code)
V  [libjvm.so+0x972714]  JVMCIRuntime::fatal_exception(JVMCIEnv*, char const*)+0x74
V  [libjvm.so+0x93e2fe]  JVMCIEnv::copy_saved_properties()+0x14e
V  [libjvm.so+0x9732a9]  JVMCIRuntime::initialize(JVMCIEnv*)+0xb19
V  [libjvm.so+0x9738a2]  JVMCIRuntime::get_HotSpotJVMCIRuntime(JVMCIEnv*)+0x12
V  [libjvm.so+0x9749f2]  JVMCIRuntime::compile_method(JVMCIEnv*, JVMCICompiler*, methodHandle const&, int)+0xd2
V  [libjvm.so+0x5b0d20]  CompileBroker::invoke_compiler_on_method(CompileTask*)+0x1470
V  [libjvm.so+0x5b12e8]  CompileBroker::compiler_thread_loop()+0x528
V  [libjvm.so+0xd82460]  JavaThread::thread_main_inner()+0xd0
V  [libjvm.so+0xd85a40]  Thread::call_run()+0xc0
V  [libjvm.so+0xbdb1e1]  thread_native_entry(Thread*)+0xe1

Register to memory mapping:

RAX=0x00007ff96f05a000 points into unknown readable memory: 0x0000000000000058 | 58 00 00 00 00 00 00 00
RBX=0x00007ff970155398: <offset 0x0000000000ef5398> in /nix/store/gpxl5qgg8kicmcvivwmybwjlpf7wh20l-graalvm17-ce-22.3.0/lib/server/libjvm.so at 0x00007ff96f260000
RCX=0x00007ff97010d1e8: <offset 0x0000000000ead1e8> in /nix/store/gpxl5qgg8kicmcvivwmybwjlpf7wh20l-graalvm17-ce-22.3.0/lib/server/libjvm.so at 0x00007ff96f260000
RDX=0x0000000000000649 is an unknown value
RSP=0x00007ff94f4b1380 is pointing into the stack for thread: 0x00007ff9680b21e0
RBP=0x00007ff94f4b13a0 is pointing into the stack for thread: 0x00007ff9680b21e0
RSI=0x00007ff970155c48: <offset 0x0000000000ef5c48> in /nix/store/gpxl5qgg8kicmcvivwmybwjlpf7wh20l-graalvm17-ce-22.3.0/lib/server/libjvm.so at 0x00007ff96f260000
RDI=0x00000000e0000000 is an oop: java.lang.String 
{0x00000000e0000000} - klass: 'java/lang/String'
 - string: "resolution"
R8 =0x00007ff970155398: <offset 0x0000000000ef5398> in /nix/store/gpxl5qgg8kicmcvivwmybwjlpf7wh20l-graalvm17-ce-22.3.0/lib/server/libjvm.so at 0x00007ff96f260000
R9 =0x00007ff94f4b1330 is pointing into the stack for thread: 0x00007ff9680b21e0
R10=0x00007ff94f4b2948 is pointing into the stack for thread: 0x00007ff9680b21e0
R11=0x0000000000000293 is an unknown value
R12=0x0 is NULL
R13=0x00007ff9680b21e0 is a thread
R14=0x00007ff968000b80 points into unknown readable memory: 0x00007ff970386a38 | 38 6a 38 70 f9 7f 00 00
R15=0x00007ff970494e40: <offset 0x0000000001234e40> in /nix/store/gpxl5qgg8kicmcvivwmybwjlpf7wh20l-graalvm17-ce-22.3.0/lib/server/libjvm.so at 0x00007ff96f260000


Registers:
RAX=0x00007ff96f05a000, RBX=0x00007ff970155398, RCX=0x00007ff97010d1e8, RDX=0x0000000000000649
RSP=0x00007ff94f4b1380, RBP=0x00007ff94f4b13a0, RSI=0x00007ff970155c48, RDI=0x00000000e0000000
R8 =0x00007ff970155398, R9 =0x00007ff94f4b1330, R10=0x00007ff94f4b2948, R11=0x0000000000000293
R12=0x0000000000000000, R13=0x00007ff9680b21e0, R14=0x00007ff968000b80, R15=0x00007ff970494e40
RIP=0x00007ff96fbd2714, EFLAGS=0x0000000000010206, CSGSFS=0x002b000000000033, ERR=0x0000000000000006
  TRAPNO=0x000000000000000e

Top of Stack: (sp=0x00007ff94f4b1380)
0x00007ff94f4b1380:   00007ff94f4b1940 00007ff9680b21e0
0x00007ff94f4b1390:   00007ff96d9eb8c8 0000000800c417a0
0x00007ff94f4b13a0:   00007ff94f4b1500 00007ff96fb9e2fe
0x00007ff94f4b13b0:   00007ff94f4b13e0 00007ff94f4b1440 

Instructions: (pc=0x00007ff96fbd2714)
0x00007ff96fbd2614:   30 e8 f6 cf e8 ff 4c 89 e7 e8 2e 48 d1 ff 84 db
0x00007ff96fbd2624:   75 2a 4d 85 ed 74 04 4d 8b 6d 00 48 83 c4 08 44
0x00007ff96fbd2634:   89 f9 4c 89 f2 4c 89 ee 5b 4c 89 e7 41 5c 41 5d
0x00007ff96fbd2644:   41 5e 41 5f 5d e9 e2 47 d1 ff 66 90 48 83 c4 08
0x00007ff96fbd2654:   5b 41 5c 41 5d 41 5e 41 5f 5d c3 90 31 d2 be 08
0x00007ff96fbd2664:   00 00 00 4c 89 ff e8 b1 78 a3 ff 49 89 c5 e9 37
0x00007ff96fbd2674:   ff ff ff 66 0f 1f 84 00 00 00 00 00 48 8b 7a 08
0x00007ff96fbd2684:   e9 6d ff ff ff 0f 1f 80 00 00 00 00 e8 5b 48 0a
0x00007ff96fbd2694:   00 84 c0 75 89 e9 6a ff ff ff 66 90 55 48 89 e5
0x00007ff96fbd26a4:   41 56 41 55 41 54 49 89 fc 53 48 89 f3 66 48 8d
0x00007ff96fbd26b4:   3d 27 5e 85 00 66 66 48 e8 df 43 8d ff 4c 8b 28
0x00007ff96fbd26c4:   8b 05 be 72 8a 00 85 c0 75 14 ba 01 00 00 00 48
0x00007ff96fbd26d4:   8d 0d ae 72 8a 00 f0 0f b1 11 85 c0 74 4e be c8
0x00007ff96fbd26e4:   00 00 00 4c 89 ef e8 01 0b 41 00 48 8d 05 12 ac
0x00007ff96fbd26f4:   85 00 49 89 d8 48 8d 0d e8 aa 53 00 ba 49 06 00
0x00007ff96fbd2704:   00 48 8d 35 3c 35 58 00 bf 00 00 00 e0 48 8b 00
0x00007ff96fbd2714:   c6 00 58 31 c0 e8 e2 91 c6 ff 5b 41 5c 41 5d 41
0x00007ff96fbd2724:   5e 5d e9 55 34 26 00 0f 1f 44 00 00 48 8d 05 81
0x00007ff96fbd2734:   a3 8b 00 48 89 df 4c 8b 30 e8 9e 43 8d ff 48 89
0x00007ff96fbd2744:   de 48 89 c2 49 8b 06 4c 89 f7 ff 50 08 4c 89 f7
0x00007ff96fbd2754:   e8 a7 5c 27 00 4d 85 e4 74 12 be 01 00 00 00 4c
0x00007ff96fbd2764:   89 e7 e8 35 43 fc ff eb 82 0f 1f 00 be 01 00 00
0x00007ff96fbd2774:   00 4c 89 ef e8 d3 fd ff ff e9 6d ff ff ff 66 66
0x00007ff96fbd2784:   2e 0f 1f 84 00 00 00 00 00 0f 1f 00 55 48 89 e5
0x00007ff96fbd2794:   41 57 41 56 41 55 41 54 53 48 81 ec 08 02 00 00
0x00007ff96fbd27a4:   64 48 8b 04 25 28 00 00 00 48 89 45 c8 8b 07 83
0x00007ff96fbd27b4:   f8 02 0f 84 11 04 00 00 4c 8b 6f 18 49 89 ff 49
0x00007ff96fbd27c4:   89 f4 4d 85 ed 74 14 4c 89 ef e8 5d 57 22 00 41
0x00007ff96fbd27d4:   8b 07 83 f8 02 0f 84 19 04 00 00 48 8d 1d 9a 06
0x00007ff96fbd27e4:   8a 00 4c 8d 35 0b 3c 58 00 eb 38 90 48 85 d2 7f
0x00007ff96fbd27f4:   0d 48 8d 05 b4 c0 85 00 48 83 38 00 7e 0e 41 8b
0x00007ff96fbd2804:   77 2c 4c 89 f7 31 c0 e8 a0 b2 f7 ff 49 8b 7f 18 


Stack slot to memory mapping:
stack at sp + 0 slots: 0x00007ff94f4b1940 is pointing into the stack for thread: 0x00007ff9680b21e0
stack at sp + 1 slots: 0x00007ff9680b21e0 is a thread
stack at sp + 2 slots: 0x00007ff96d9eb8c8 points into unknown readable memory: 0x6573001880c9ffff | ff ff c9 80 18 00 73 65
stack at sp + 3 slots: 0x0000000800c417a0 is a pointer to class: 
jdk.vm.ci.services.Services {0x0000000800c417a0}
 - instance size:     2
 - klass size:        65
 - access:            public final synchronized 
 - state:             fully_initialized
 - name:              'jdk/vm/ci/services/Services'
 - super:             'java/lang/Object'
 - sub:               
 - arrays:            NULL
 - methods:           Array<T>(0x00007ff96c843600)
 - method ordering:   Array<T>(0x0000000800928960)
 - default_methods:   Array<T>(0x0000000000000000)
 - local interfaces:  Array<T>(0x00000008005ce810)
 - trans. interfaces: Array<T>(0x00000008005ce810)
 - constants:         constant pool [427] {0x00007ff96c8426e0} for 'jdk/vm/ci/services/Services' cache=0x00007ff96c8448d0
 - class loader data:  loader data: 0x00007ff9680283f0 of 'bootstrap'
 - source file:       'Services.java'
 - class annotations:       Array<T>(0x0000000000000000)
 - class type annotations:  Array<T>(0x0000000000000000)
 - field annotations:       Array<T>(0x0000000000000000)
 - field type annotations:  Array<T>(0x0000000000000000)
 - inner classes:     Array<T>(0x00007ff96c8448a0)
 - nest members:     Array<T>(0x00007ff96c8448c0)
 - permitted subclasses:     Array<T>(0x00000008005ce7a0)
 - java mirror:       a 'java/lang/Class'{0x00000000e0147ca8} = 'jdk/vm/ci/services/Services'
 - vtable length      5  (start addr: 0x0000000800c41970)
 - itable length      2 (start addr: 0x0000000800c41998)
 - ---- static fields (3 words):
 - public static final 'IS_BUILDING_NATIVE_IMAGE' 'Z' @128 
 - public static final 'IS_IN_NATIVE_IMAGE' 'Z' @129 
 - private static volatile 'savedProperties' 'Ljava/util/Map;' @112 
 - static final 'JVMCI_ENABLED' 'Z' @130 
 - private static final 'servicesCache' 'Ljava/util/Map;' @116 
 - private static final 'MAX_UNICODE_IN_UTF8_LENGTH' 'I' @120 
 - private static final 'MAX_UTF8_PROPERTY_STRING_LENGTH' 'I' @124 
 - ---- non-static fields (0 words):
 - non-static oop maps: 
stack at sp + 4 slots: 0x00007ff94f4b1500 is pointing into the stack for thread: 0x00007ff9680b21e0
stack at sp + 5 slots: 0x00007ff96fb9e2fe: <offset 0x000000000093e2fe> in /nix/store/gpxl5qgg8kicmcvivwmybwjlpf7wh20l-graalvm17-ce-22.3.0/lib/server/libjvm.so at 0x00007ff96f260000
stack at sp + 6 slots: 0x00007ff94f4b13e0 is pointing into the stack for thread: 0x00007ff9680b21e0
stack at sp + 7 slots: 0x00007ff94f4b1440 is pointing into the stack for thread: 0x00007ff9680b21e0


---------------  P R O C E S S  ---------------

Threads class SMR info:
_java_thread_list=0x00007ff8e00d1e70, length=24, elements={
0x00007ff968026690, 0x00007ff9680a64d0, 0x00007ff9680a7910, 0x00007ff9680ae050,
0x00007ff9680af400, 0x00007ff9680b07f0, 0x00007ff9680b21e0, 0x00007ff9680b36f0,
0x00007ff9680b4b40, 0x00007ff9680dfa20, 0x00007ff968127550, 0x00007ff968362650,
0x00007ff968395900, 0x00007ff968398140, 0x00007ff96837cdb0, 0x00007ff9000171f0,
0x00007ff9002a1370, 0x00007ff900304b30, 0x00007ff8f00010d0, 0x00007ff9004810a0,
0x00007ff9006deac0, 0x00007ff9684b3550, 0x00007ff96821a8f0, 0x00007ff8e0001130
}

Java Threads: ( => current thread )
  0x00007ff968026690 JavaThread "main" [_thread_blocked, id=37, stack(0x00007ff96f07b000,0x00007ff96f17b000)]
  0x00007ff9680a64d0 JavaThread "Reference Handler" daemon [_thread_blocked, id=40, stack(0x00007ff96d092000,0x00007ff96d192000)]
  0x00007ff9680a7910 JavaThread "Finalizer" daemon [_thread_blocked, id=41, stack(0x00007ff96c700000,0x00007ff96c800000)]
  0x00007ff9680ae050 JavaThread "Signal Dispatcher" daemon [_thread_blocked, id=42, stack(0x00007ff96c31a000,0x00007ff96c41a000)]
  0x00007ff9680af400 JavaThread "Service Thread" daemon [_thread_blocked, id=43, stack(0x00007ff96c21a000,0x00007ff96c31a000)]
  0x00007ff9680b07f0 JavaThread "Monitor Deflation Thread" daemon [_thread_blocked, id=44, stack(0x00007ff96c11a000,0x00007ff96c21a000)]
=>0x00007ff9680b21e0 JavaThread "JVMCI-native CompilerThread0" daemon [_thread_in_vm, id=45, stack(0x00007ff94f2b3000,0x00007ff94f4b3000)]
  0x00007ff9680b36f0 JavaThread "C1 CompilerThread0" daemon [_thread_blocked, id=46, stack(0x00007ff94f0b3000,0x00007ff94f2b3000)]
  0x00007ff9680b4b40 JavaThread "Sweeper thread" daemon [_thread_blocked, id=47, stack(0x00007ff96c01a000,0x00007ff96c11a000)]
  0x00007ff9680dfa20 JavaThread "Common-Cleaner" daemon [_thread_blocked, id=48, stack(0x00007ff94efb3000,0x00007ff94f0b3000)]
  0x00007ff968127550 JavaThread "Notification Thread" daemon [_thread_blocked, id=49, stack(0x00007ff94eeb3000,0x00007ff94efb3000)]
  0x00007ff968362650 JavaThread "Active Thread: Equinox Container: 97429bc1-3976-49bf-b8ee-28d2345d5267" [_thread_blocked, id=63, stack(0x00007ff94c900000,0x00007ff94ca00000)]
  0x00007ff968395900 JavaThread "Framework Event Dispatcher: Equinox Container: 97429bc1-3976-49bf-b8ee-28d2345d5267" daemon [_thread_blocked, id=72, stack(0x00007ff94c700000,0x00007ff94c800000)]
  0x00007ff968398140 JavaThread "Start Level: Equinox Container: 97429bc1-3976-49bf-b8ee-28d2345d5267" daemon [_thread_blocked, id=73, stack(0x00007ff94c500000,0x00007ff94c600000)]
  0x00007ff96837cdb0 JavaThread "Refresh Thread: Equinox Container: 97429bc1-3976-49bf-b8ee-28d2345d5267" daemon [_thread_blocked, id=75, stack(0x00007ff94c300000,0x00007ff94c400000)]
  0x00007ff9000171f0 JavaThread "SCR Component Actor" daemon [_thread_blocked, id=84, stack(0x00007ff94c200000,0x00007ff94c300000)]
  0x00007ff9002a1370 JavaThread "Worker-JM" [_thread_blocked, id=94, stack(0x00007ff916d00000,0x00007ff916e00000)]
  0x00007ff900304b30 JavaThread "Worker-0: Periodic workspace save." [_thread_blocked, id=95, stack(0x00007ff916b00000,0x00007ff916c00000)]
  0x00007ff8f00010d0 JavaThread "Worker-1: Compacting resource model" [_thread_blocked, id=102, stack(0x00007ff916900000,0x00007ff916a00000)]
  0x00007ff9004810a0 JavaThread "Java indexing" daemon [_thread_blocked, id=105, stack(0x00007ff916800000,0x00007ff916900000)]
  0x00007ff9006deac0 JavaThread "Bundle File Closer" daemon [_thread_blocked, id=106, stack(0x00007ff916700000,0x00007ff916800000)]
  0x00007ff9684b3550 JavaThread "pool-3-thread-1" [_thread_blocked, id=115, stack(0x00007ff94c100000,0x00007ff94c200000)]
  0x00007ff96821a8f0 JavaThread "pool-2-thread-1" [_thread_in_native, id=117, stack(0x00007ff916300000,0x00007ff916400000)]
  0x00007ff8e0001130 JavaThread "Worker-3: Java indexing... " [_thread_blocked, id=125, stack(0x00007ff916100000,0x00007ff916200000)]

Other Threads:
  0x00007ff9680a1c10 VMThread "VM Thread" [stack: 0x00007ff96d194000,0x00007ff96d294000] [id=39] _threads_hazard_ptr=0x00007ff8e00d1e70
  0x00007ff968128ef0 WatcherThread [stack: 0x00007ff94edb3000,0x00007ff94eeb3000] [id=50]
  0x00007ff96803df30 GCTaskThread "GC Thread#0" [stack: 0x00007ff96ec3e000,0x00007ff96ed3e000] [id=38]

Threads with active compile tasks:
JVMCI-native CompilerThread0   826904 6885       4       jdk.internal.reflect.ClassFileAssembler::emitConstantPoolUTF8 (50 bytes)
C1 CompilerThread0   826904 6887   !   3       java.util.concurrent.locks.AbstractQueuedSynchronizer::acquire (407 bytes)

VM state: synchronizing (normal execution)

VM Mutex/Monitor currently owned by a thread:  ([mutex/lock_event])
[0x00007ff968023840] Threads_lock - owner thread: 0x00007ff9680a1c10
[0x00007ff968023ff0] Heap_lock - owner thread: 0x00007ff900304b30

OutOfMemory and StackOverflow Exception counts:
OutOfMemoryError java_heap_errors=4
LinkageErrors=48

Heap address: 0x00000000e0000000, size: 512 MB, Compressed Oops mode: 32-bit

CDS archive(s) mapped at: [0x0000000800000000-0x0000000800bc8000-0x0000000800bc8000), size 12353536, SharedBaseAddress: 0x0000000800000000, ArchiveRelocationMode: 0.
Compressed class space mapped at: 0x0000000800c00000-0x0000000840c00000, reserved size: 1073741824
Narrow klass base: 0x0000000800000000, Narrow klass shift: 0, Narrow klass range: 0x100000000

GC Precious Log:
 CPUs: 8 total, 1 available
 Memory: 1024M
 Large Page Support: Disabled
 NUMA Support: Disabled
 Compressed Oops: Enabled (32-bit)
 Alignments: Space 512K, Generation 512K, Heap 2M
 Heap Min Capacity: 100M
 Heap Initial Capacity: 100M
 Heap Max Capacity: 512M
 Pre-touch: Disabled
 Parallel Workers: 1

Heap:
 PSYoungGen      total 56320K, used 32767K [0x00000000f5580000, 0x00000000fa880000, 0x0000000100000000)
  eden space 32768K, 99% used [0x00000000f5580000,0x00000000f757fff8,0x00000000f7580000)
  from space 23552K, 0% used [0x00000000f9180000,0x00000000f9180000,0x00000000fa880000)
  to   space 19456K, 0% used [0x00000000f7580000,0x00000000f7580000,0x00000000f8880000)
 ParOldGen       total 349696K, used 349695K [0x00000000e0000000, 0x00000000f5580000, 0x00000000f5580000)
  object space 349696K, 99% used [0x00000000e0000000,0x00000000f557ff88,0x00000000f5580000)
 Metaspace       used 52853K, committed 53696K, reserved 1097728K
  class space    used 5344K, committed 5696K, reserved 1048576K

Card table byte_map: [0x00007ff96ed3e000,0x00007ff96ee3f000] _byte_map_base: 0x00007ff96e63e000

Marking Bits: (ParMarkBitMap*) 0x00007ff97048e4c0
 Begin Bits: [0x00007ff96db91000, 0x00007ff96e391000)
 End Bits:   [0x00007ff96e391000, 0x00007ff96eb91000)

Polling page: 0x00007ff96f058000

Metaspace:

Usage:
  Non-class:     46.39 MB used.
      Class:      5.22 MB used.
       Both:     51.61 MB used.

Virtual space:
  Non-class space:       48.00 MB reserved,      46.88 MB ( 98%) committed,  6 nodes.
      Class space:        1.00 GB reserved,       5.56 MB ( <1%) committed,  1 nodes.
             Both:        1.05 GB reserved,      52.44 MB (  5%) committed. 

Chunk freelists:
   Non-Class:  380.00 KB
       Class:  2.47 MB
        Both:  2.84 MB

MaxMetaspaceSize: unlimited
CompressedClassSpaceSize: 1.00 GB
Initial GC threshold: 21.00 MB
Current GC threshold: 87.44 MB
CDS: on
MetaspaceReclaimPolicy: balanced
 - commit_granule_bytes: 65536.
 - commit_granule_words: 8192.
 - virtual_space_node_default_size: 1048576.
 - enlarge_chunks_in_place: 1.
 - new_chunks_are_fully_committed: 0.
 - uncommit_free_chunks: 1.
 - use_allocation_guard: 0.
 - handle_deallocations: 1.


Internal statistics:

num_allocs_failed_limit: 6.
num_arena_births: 348.
num_arena_deaths: 66.
num_vsnodes_births: 7.
num_vsnodes_deaths: 0.
num_space_committed: 838.
num_space_uncommitted: 0.
num_chunks_returned_to_freelist: 89.
num_chunks_taken_from_freelist: 2348.
num_chunk_merges: 36.
num_chunk_splits: 1530.
num_chunks_enlarged: 983.
num_purges: 2.
num_inconsistent_stats: 0.

CodeHeap 'non-profiled nmethods': size=120036Kb used=2299Kb max_used=2299Kb free=117736Kb
 bounds [0x00007ff956f7a000, 0x00007ff9571ea000, 0x00007ff95e4b3000]
CodeHeap 'profiled nmethods': size=120032Kb used=12399Kb max_used=12399Kb free=107632Kb
 bounds [0x00007ff94fa42000, 0x00007ff9506d2000, 0x00007ff956f7a000]
CodeHeap 'non-nmethods': size=5692Kb used=1377Kb max_used=1393Kb free=4314Kb
 bounds [0x00007ff94f4b3000, 0x00007ff94f723000, 0x00007ff94fa42000]
 total_blobs=6280 nmethods=5576 adapters=611
 compilation: enabled
              stopped_count=0, restarted_count=0
 full_count=0

JVMCI Events (20 events):
Event: 590.623 Thread 0x00007ff9680b21e0 destroyed JavaVM[3]@0x00007ff91559e340 for JVMCI runtime 0
Event: 590.623 Thread 0x00007ff9680b21e0 compacted oop handles in JVMCI runtime 0 from 49 to 49
Event: 590.623 Thread 0x00007ff9680b21e0 releasing handles for JVMCI runtime 0: oop handles=49, metadata handles={total=96, live=86, blocks=29}
Event: 590.623 Thread 0x00007ff9680b21e0 detached from JVMCI runtime 0
Event: 648.287 Thread 0x00007ff9680b21e0 attached to JVMCI runtime 0
Event: 648.289 Thread 0x00007ff9680b21e0 created JavaVM[4]@0x00007ff91559e340 for JVMCI runtime 0
Event: 648.289 Thread 0x00007ff9680b21e0 initializing JVMCI runtime 0
Event: 648.289 Thread 0x00007ff9680b21e0 done waiting for JavaVM references initialization in JVMCI runtime 0
Event: 663.515 Thread 0x00007ff9680b21e0 initialized JVMCI runtime 0
Event: 668.451 Thread 0x00007ff9680b21e0 detaching from JVMCI runtime 0: releasing idle compiler thread (0 other threads still attached)
Event: 668.451 Thread 0x00007ff9680b21e0 shutting down HotSpotJVMCIRuntime for JVMCI runtime 0
Event: 668.451 Thread 0x00007ff9680b21e0 shut down JVMCI runtime 0
Event: 670.458 Thread 0x00007ff9680b21e0 destroyed JavaVM[4]@0x00007ff91559e340 for JVMCI runtime 0
Event: 670.458 Thread 0x00007ff9680b21e0 compacted oop handles in JVMCI runtime 0 from 44 to 44
Event: 670.458 Thread 0x00007ff9680b21e0 releasing handles for JVMCI runtime 0: oop handles=44, metadata handles={total=89, live=78, blocks=29}
Event: 670.458 Thread 0x00007ff9680b21e0 detached from JVMCI runtime 0
Event: 792.079 Thread 0x00007ff9680b21e0 attached to JVMCI runtime 0
Event: 792.080 Thread 0x00007ff9680b21e0 created JavaVM[5]@0x00007ff91559e340 for JVMCI runtime 0
Event: 793.479 Thread 0x00007ff9680b21e0 initializing JVMCI runtime 0
Event: 793.479 Thread 0x00007ff9680b21e0 done waiting for JavaVM references initialization in JVMCI runtime 0

Compilation events (20 events):
Event: 527.286 Thread 0x00007ff9680b21e0 nmethod 6871 0x00007ff9571b6110 code [0x00007ff9571b6360, 0x00007ff9571b7600]
Event: 540.103 Thread 0x00007ff9680b21e0 6876   !   4       java.nio.DirectIntBufferU::get (34 bytes)
Event: 588.877 Thread 0x00007ff9680b21e0 nmethod 6876 0x00007ff9571b7e90 code [0x00007ff9571b8000, 0x00007ff9571b80a8]
Event: 607.674 Thread 0x00007ff9680b36f0 6879       3       java.io.OutputStream::flush (1 bytes)
Event: 607.674 Thread 0x00007ff9680b36f0 nmethod 6879 0x00007ff94fc83410 code [0x00007ff94fc835a0, 0x00007ff94fc836b0]
Event: 607.674 Thread 0x00007ff9680b36f0 6877       3       java.util.concurrent.ConcurrentHashMap$BaseIterator::<init> (21 bytes)
Event: 607.674 Thread 0x00007ff9680b36f0 nmethod 6877 0x00007ff9503e2310 code [0x00007ff9503e24c0, 0x00007ff9503e2650]
Event: 607.674 Thread 0x00007ff9680b36f0 6878       3       java.util.concurrent.ConcurrentHashMap$Traverser::<init> (36 bytes)
Event: 607.674 Thread 0x00007ff9680b36f0 nmethod 6878 0x00007ff9503e1f10 code [0x00007ff9503e20c0, 0x00007ff9503e2250]
Event: 648.287 Thread 0x00007ff9680b21e0 6880       4       java.lang.Thread::interrupted (23 bytes)
Event: 666.815 Thread 0x00007ff9680b21e0 nmethod 6880 0x00007ff9571b8190 code [0x00007ff9571b8300, 0x00007ff9571b8368]
Event: 666.815 Thread 0x00007ff9680b21e0 6881       4       java.lang.invoke.LambdaForm$MH/0x0000000800c00400::invoke (8 bytes)
Event: 666.819 Thread 0x00007ff9680b21e0 nmethod 6881 0x00007ff9571b8490 code [0x00007ff9571b8600, 0x00007ff9571b86b0]
Event: 706.505 Thread 0x00007ff9680b36f0 6882       3       org.eclipse.jdt.ls.core.internal.handlers.ProgressReporterManager$ProgressReporter::sendProgress (78 bytes)
Event: 706.506 Thread 0x00007ff9680b36f0 nmethod 6882 0x00007ff94fff8a10 code [0x00007ff94fff8c00, 0x00007ff94fff9570]
Event: 752.871 Thread 0x00007ff9680b36f0 6884       3       java.util.concurrent.locks.AbstractQueuedSynchronizer$Node::<init> (5 bytes)
Event: 756.098 Thread 0x00007ff9680b36f0 nmethod 6884 0x00007ff9503e1990 code [0x00007ff9503e1b40, 0x00007ff9503e1c90]
Event: 792.079 Thread 0x00007ff9680b21e0 6885       4       jdk.internal.reflect.ClassFileAssembler::emitConstantPoolUTF8 (50 bytes)
Event: 794.981 Thread 0x00007ff9680b36f0 6886       1       org.eclipse.osgi.internal.framework.EquinoxContainer::getStorage (5 bytes)
Event: 796.489 Thread 0x00007ff9680b36f0 nmethod 6886 0x00007ff9571b8b10 code [0x00007ff9571b8ca0, 0x00007ff9571b8d70]

GC Heap History (20 events):
Event: 811.102 GC heap before
{Heap before GC invocations=548 (full 447):
 PSYoungGen      total 56320K, used 32768K [0x00000000f5580000, 0x00000000fa880000, 0x0000000100000000)
  eden space 32768K, 100% used [0x00000000f5580000,0x00000000f7580000,0x00000000f7580000)
  from space 23552K, 0% used [0x00000000f9180000,0x00000000f9180000,0x00000000fa880000)
  to   space 19456K, 0% used [0x00000000f7580000,0x00000000f7580000,0x00000000f8880000)
 ParOldGen       total 349696K, used 349692K [0x00000000e0000000, 0x00000000f5580000, 0x00000000f5580000)
  object space 349696K, 99% used [0x00000000e0000000,0x00000000f557f2d8,0x00000000f5580000)
 Metaspace       used 52853K, committed 53696K, reserved 1097728K
  class space    used 5344K, committed 5696K, reserved 1048576K
}
Event: 812.592 GC heap after
{Heap after GC invocations=548 (full 447):
 PSYoungGen      total 52224K, used 32767K [0x00000000f5580000, 0x00000000fa880000, 0x0000000100000000)
  eden space 32768K, 99% used [0x00000000f5580000,0x00000000f757ffe0,0x00000000f7580000)
  from space 19456K, 0% used [0x00000000f7580000,0x00000000f7580000,0x00000000f8880000)
  to   space 23552K, 0% used [0x00000000f9180000,0x00000000f9180000,0x00000000fa880000)
 ParOldGen       total 349696K, used 349692K [0x00000000e0000000, 0x00000000f5580000, 0x00000000f5580000)
  object space 349696K, 99% used [0x00000000e0000000,0x00000000f557f2d8,0x00000000f5580000)
 Metaspace       used 52853K, committed 53696K, reserved 1097728K
  class space    used 5344K, committed 5696K, reserved 1048576K
}
Event: 812.593 GC heap before
{Heap before GC invocations=549 (full 448):
 PSYoungGen      total 52224K, used 32768K [0x00000000f5580000, 0x00000000fa880000, 0x0000000100000000)
  eden space 32768K, 100% used [0x00000000f5580000,0x00000000f7580000,0x00000000f7580000)
  from space 19456K, 0% used [0x00000000f7580000,0x00000000f7580000,0x00000000f8880000)
  to   space 23552K, 0% used [0x00000000f9180000,0x00000000f9180000,0x00000000fa880000)
 ParOldGen       total 349696K, used 349692K [0x00000000e0000000, 0x00000000f5580000, 0x00000000f5580000)
  object space 349696K, 99% used [0x00000000e0000000,0x00000000f557f2d8,0x00000000f5580000)
 Metaspace       used 52853K, committed 53696K, reserved 1097728K
  class space    used 5344K, committed 5696K, reserved 1048576K
}
Event: 814.168 GC heap after
{Heap after GC invocations=549 (full 448):
 PSYoungGen      total 56320K, used 32767K [0x00000000f5580000, 0x00000000fa880000, 0x0000000100000000)
  eden space 32768K, 99% used [0x00000000f5580000,0x00000000f757ffe0,0x00000000f7580000)
  from space 23552K, 0% used [0x00000000f9180000,0x00000000f9180000,0x00000000fa880000)
  to   space 19456K, 0% used [0x00000000f7580000,0x00000000f7580000,0x00000000f8880000)
 ParOldGen       total 349696K, used 349692K [0x00000000e0000000, 0x00000000f5580000, 0x00000000f5580000)
  object space 349696K, 99% used [0x00000000e0000000,0x00000000f557f2d8,0x00000000f5580000)
 Metaspace       used 52853K, committed 53696K, reserved 1097728K
  class space    used 5344K, committed 5696K, reserved 1048576K
}
Event: 814.168 GC heap before
{Heap before GC invocations=550 (full 449):
 PSYoungGen      total 56320K, used 32768K [0x00000000f5580000, 0x00000000fa880000, 0x0000000100000000)
  eden space 32768K, 100% used [0x00000000f5580000,0x00000000f7580000,0x00000000f7580000)
  from space 23552K, 0% used [0x00000000f9180000,0x00000000f9180000,0x00000000fa880000)
  to   space 19456K, 0% used [0x00000000f7580000,0x00000000f7580000,0x00000000f8880000)
 ParOldGen       total 349696K, used 349692K [0x00000000e0000000, 0x00000000f5580000, 0x00000000f5580000)
  object space 349696K, 99% used [0x00000000e0000000,0x00000000f557f2d8,0x00000000f5580000)
 Metaspace       used 52853K, committed 53696K, reserved 1097728K
  class space    used 5344K, committed 5696K, reserved 1048576K
}
Event: 815.695 GC heap after
{Heap after GC invocations=550 (full 449):
 PSYoungGen      total 52224K, used 32767K [0x00000000f5580000, 0x00000000fa880000, 0x0000000100000000)
  eden space 32768K, 99% used [0x00000000f5580000,0x00000000f757ffe0,0x00000000f7580000)
  from space 19456K, 0% used [0x00000000f7580000,0x00000000f7580000,0x00000000f8880000)
  to   space 23552K, 0% used [0x00000000f9180000,0x00000000f9180000,0x00000000fa880000)
 ParOldGen       total 349696K, used 349692K [0x00000000e0000000, 0x00000000f5580000, 0x00000000f5580000)
  object space 349696K, 99% used [0x00000000e0000000,0x00000000f557f2d8,0x00000000f5580000)
 Metaspace       used 52853K, committed 53696K, reserved 1097728K
  class space    used 5344K, committed 5696K, reserved 1048576K
}
Event: 815.695 GC heap before
{Heap before GC invocations=551 (full 450):
 PSYoungGen      total 52224K, used 32768K [0x00000000f5580000, 0x00000000fa880000, 0x0000000100000000)
  eden space 32768K, 100% used [0x00000000f5580000,0x00000000f7580000,0x00000000f7580000)
  from space 19456K, 0% used [0x00000000f7580000,0x00000000f7580000,0x00000000f8880000)
  to   space 23552K, 0% used [0x00000000f9180000,0x00000000f9180000,0x00000000fa880000)
 ParOldGen       total 349696K, used 349692K [0x00000000e0000000, 0x00000000f5580000, 0x00000000f5580000)
  object space 349696K, 99% used [0x00000000e0000000,0x00000000f557f2d8,0x00000000f5580000)
 Metaspace       used 52853K, committed 53696K, reserved 1097728K
  class space    used 5344K, committed 5696K, reserved 1048576K
}
Event: 817.211 GC heap after
{Heap after GC invocations=551 (full 450):
 PSYoungGen      total 56320K, used 32768K [0x00000000f5580000, 0x00000000fa880000, 0x0000000100000000)
  eden space 32768K, 100% used [0x00000000f5580000,0x00000000f7580000,0x00000000f7580000)
  from space 23552K, 0% used [0x00000000f9180000,0x00000000f9180000,0x00000000fa880000)
  to   space 19456K, 0% used [0x00000000f7580000,0x00000000f7580000,0x00000000f8880000)
 ParOldGen       total 349696K, used 349692K [0x00000000e0000000, 0x00000000f5580000, 0x00000000f5580000)
  object space 349696K, 99% used [0x00000000e0000000,0x00000000f557f2d8,0x00000000f5580000)
 Metaspace       used 52853K, committed 53696K, reserved 1097728K
  class space    used 5344K, committed 5696K, reserved 1048576K
}
Event: 817.215 GC heap before
{Heap before GC invocations=552 (full 451):
 PSYoungGen      total 56320K, used 32768K [0x00000000f5580000, 0x00000000fa880000, 0x0000000100000000)
  eden space 32768K, 100% used [0x00000000f5580000,0x00000000f7580000,0x00000000f7580000)
  from space 23552K, 0% used [0x00000000f9180000,0x00000000f9180000,0x00000000fa880000)
  to   space 19456K, 0% used [0x00000000f7580000,0x00000000f7580000,0x00000000f8880000)
 ParOldGen       total 349696K, used 349695K [0x00000000e0000000, 0x00000000f5580000, 0x00000000f5580000)
  object space 349696K, 99% used [0x00000000e0000000,0x00000000f557fe30,0x00000000f5580000)
 Metaspace       used 52853K, committed 53696K, reserved 1097728K
  class space    used 5344K, committed 5696K, reserved 1048576K
}
Event: 818.800 GC heap after
{Heap after GC invocations=552 (full 451):
 PSYoungGen      total 52224K, used 32767K [0x00000000f5580000, 0x00000000fa880000, 0x0000000100000000)
  eden space 32768K, 99% used [0x00000000f5580000,0x00000000f757ffe0,0x00000000f7580000)
  from space 19456K, 0% used [0x00000000f7580000,0x00000000f7580000,0x00000000f8880000)
  to   space 23552K, 0% used [0x00000000f9180000,0x00000000f9180000,0x00000000fa880000)
 ParOldGen       total 349696K, used 349693K [0x00000000e0000000, 0x00000000f5580000, 0x00000000f5580000)
  object space 349696K, 99% used [0x00000000e0000000,0x00000000f557f460,0x00000000f5580000)
 Metaspace       used 52853K, committed 53696K, reserved 1097728K
  class space    used 5344K, committed 5696K, reserved 1048576K
}
Event: 818.800 GC heap before
{Heap before GC invocations=553 (full 452):
 PSYoungGen      total 52224K, used 32767K [0x00000000f5580000, 0x00000000fa880000, 0x0000000100000000)
  eden space 32768K, 99% used [0x00000000f5580000,0x00000000f757fff8,0x00000000f7580000)
  from space 19456K, 0% used [0x00000000f7580000,0x00000000f7580000,0x00000000f8880000)
  to   space 23552K, 0% used [0x00000000f9180000,0x00000000f9180000,0x00000000fa880000)
 ParOldGen       total 349696K, used 349693K [0x00000000e0000000, 0x00000000f5580000, 0x00000000f5580000)
  object space 349696K, 99% used [0x00000000e0000000,0x00000000f557f460,0x00000000f5580000)
 Metaspace       used 52853K, committed 53696K, reserved 1097728K
  class space    used 5344K, committed 5696K, reserved 1048576K
}
Event: 820.390 GC heap after
{Heap after GC invocations=553 (full 452):
 PSYoungGen      total 56320K, used 32767K [0x00000000f5580000, 0x00000000fa880000, 0x0000000100000000)
  eden space 32768K, 99% used [0x00000000f5580000,0x00000000f757fff8,0x00000000f7580000)
  from space 23552K, 0% used [0x00000000f9180000,0x00000000f9180000,0x00000000fa880000)
  to   space 19456K, 0% used [0x00000000f7580000,0x00000000f7580000,0x00000000f8880000)
 ParOldGen       total 349696K, used 349693K [0x00000000e0000000, 0x00000000f5580000, 0x00000000f5580000)
  object space 349696K, 99% used [0x00000000e0000000,0x00000000f557f440,0x00000000f5580000)
 Metaspace       used 52853K, committed 53696K, reserved 1097728K
  class space    used 5344K, committed 5696K, reserved 1048576K
}
Event: 820.391 GC heap before
{Heap before GC invocations=554 (full 453):
 PSYoungGen      total 56320K, used 32767K [0x00000000f5580000, 0x00000000fa880000, 0x0000000100000000)
  eden space 32768K, 99% used [0x00000000f5580000,0x00000000f757fff8,0x00000000f7580000)
  from space 23552K, 0% used [0x00000000f9180000,0x00000000f9180000,0x00000000fa880000)
  to   space 19456K, 0% used [0x00000000f7580000,0x00000000f7580000,0x00000000f8880000)
 ParOldGen       total 349696K, used 349693K [0x00000000e0000000, 0x00000000f5580000, 0x00000000f5580000)
  object space 349696K, 99% used [0x00000000e0000000,0x00000000f557f540,0x00000000f5580000)
 Metaspace       used 52853K, committed 53696K, reserved 1097728K
  class space    used 5344K, committed 5696K, reserved 1048576K
}
Event: 822.007 GC heap after
{Heap after GC invocations=554 (full 453):
 PSYoungGen      total 52224K, used 32767K [0x00000000f5580000, 0x00000000fa880000, 0x0000000100000000)
  eden space 32768K, 99% used [0x00000000f5580000,0x00000000f757fff8,0x00000000f7580000)
  from space 19456K, 0% used [0x00000000f7580000,0x00000000f7580000,0x00000000f8880000)
  to   space 23552K, 0% used [0x00000000f9180000,0x00000000f9180000,0x00000000fa880000)
 ParOldGen       total 349696K, used 349693K [0x00000000e0000000, 0x00000000f5580000, 0x00000000f5580000)
  object space 349696K, 99% used [0x00000000e0000000,0x00000000f557f4d0,0x00000000f5580000)
 Metaspace       used 52853K, committed 53696K, reserved 1097728K
  class space    used 5344K, committed 5696K, reserved 1048576K
}
Event: 822.008 GC heap before
{Heap before GC invocations=555 (full 454):
 PSYoungGen      total 52224K, used 32767K [0x00000000f5580000, 0x00000000fa880000, 0x0000000100000000)
  eden space 32768K, 99% used [0x00000000f5580000,0x00000000f757fff8,0x00000000f7580000)
  from space 19456K, 0% used [0x00000000f7580000,0x00000000f7580000,0x00000000f8880000)
  to   space 23552K, 0% used [0x00000000f9180000,0x00000000f9180000,0x00000000fa880000)
 ParOldGen       total 349696K, used 349693K [0x00000000e0000000, 0x00000000f5580000, 0x00000000f5580000)
  object space 349696K, 99% used [0x00000000e0000000,0x00000000f557f4d0,0x00000000f5580000)
 Metaspace       used 52853K, committed 53696K, reserved 1097728K
  class space    used 5344K, committed 5696K, reserved 1048576K
}
Event: 823.575 GC heap after
{Heap after GC invocations=555 (full 454):
 PSYoungGen      total 56320K, used 32767K [0x00000000f5580000, 0x00000000fa880000, 0x0000000100000000)
  eden space 32768K, 99% used [0x00000000f5580000,0x00000000f757fff8,0x00000000f7580000)
  from space 23552K, 0% used [0x00000000f9180000,0x00000000f9180000,0x00000000fa880000)
  to   space 19456K, 0% used [0x00000000f7580000,0x00000000f7580000,0x00000000f8880000)
 ParOldGen       total 349696K, used 349693K [0x00000000e0000000, 0x00000000f5580000, 0x00000000f5580000)
  object space 349696K, 99% used [0x00000000e0000000,0x00000000f557f4d0,0x00000000f5580000)
 Metaspace       used 52853K, committed 53696K, reserved 1097728K
  class space    used 5344K, committed 5696K, reserved 1048576K
}
Event: 823.575 GC heap before
{Heap before GC invocations=556 (full 455):
 PSYoungGen      total 56320K, used 32767K [0x00000000f5580000, 0x00000000fa880000, 0x0000000100000000)
  eden space 32768K, 99% used [0x00000000f5580000,0x00000000f757fff8,0x00000000f7580000)
  from space 23552K, 0% used [0x00000000f9180000,0x00000000f9180000,0x00000000fa880000)
  to   space 19456K, 0% used [0x00000000f7580000,0x00000000f7580000,0x00000000f8880000)
 ParOldGen       total 349696K, used 349694K [0x00000000e0000000, 0x00000000f5580000, 0x00000000f5580000)
  object space 349696K, 99% used [0x00000000e0000000,0x00000000f557fb60,0x00000000f5580000)
 Metaspace       used 52853K, committed 53696K, reserved 1097728K
  class space    used 5344K, committed 5696K, reserved 1048576K
}
Event: 825.219 GC heap after
{Heap after GC invocations=556 (full 455):
 PSYoungGen      total 52224K, used 32767K [0x00000000f5580000, 0x00000000fa880000, 0x0000000100000000)
  eden space 32768K, 99% used [0x00000000f5580000,0x00000000f757fff8,0x00000000f7580000)
  from space 19456K, 0% used [0x00000000f7580000,0x00000000f7580000,0x00000000f8880000)
  to   space 23552K, 0% used [0x00000000f9180000,0x00000000f9180000,0x00000000fa880000)
 ParOldGen       total 349696K, used 349693K [0x00000000e0000000, 0x00000000f5580000, 0x00000000f5580000)
  object space 349696K, 99% used [0x00000000e0000000,0x00000000f557f7e0,0x00000000f5580000)
 Metaspace       used 52853K, committed 53696K, reserved 1097728K
  class space    used 5344K, committed 5696K, reserved 1048576K
}
Event: 825.219 GC heap before
{Heap before GC invocations=557 (full 456):
 PSYoungGen      total 52224K, used 32767K [0x00000000f5580000, 0x00000000fa880000, 0x0000000100000000)
  eden space 32768K, 99% used [0x00000000f5580000,0x00000000f757fff8,0x00000000f7580000)
  from space 19456K, 0% used [0x00000000f7580000,0x00000000f7580000,0x00000000f8880000)
  to   space 23552K, 0% used [0x00000000f9180000,0x00000000f9180000,0x00000000fa880000)
 ParOldGen       total 349696K, used 349693K [0x00000000e0000000, 0x00000000f5580000, 0x00000000f5580000)
  object space 349696K, 99% used [0x00000000e0000000,0x00000000f557f7e0,0x00000000f5580000)
 Metaspace       used 52853K, committed 53696K, reserved 1097728K
  class space    used 5344K, committed 5696K, reserved 1048576K
}
Event: 826.797 GC heap after
{Heap after GC invocations=557 (full 456):
 PSYoungGen      total 56320K, used 32767K [0x00000000f5580000, 0x00000000fa880000, 0x0000000100000000)
  eden space 32768K, 99% used [0x00000000f5580000,0x00000000f757fff8,0x00000000f7580000)
  from space 23552K, 0% used [0x00000000f9180000,0x00000000f9180000,0x00000000fa880000)
  to   space 19456K, 0% used [0x00000000f7580000,0x00000000f7580000,0x00000000f8880000)
 ParOldGen       total 349696K, used 349693K [0x00000000e0000000, 0x00000000f5580000, 0x00000000f5580000)
  object space 349696K, 99% used [0x00000000e0000000,0x00000000f557f7e0,0x00000000f5580000)
 Metaspace       used 52853K, committed 53696K, reserved 1097728K
  class space    used 5344K, committed 5696K, reserved 1048576K
}

Dll operation events (9 events):
Event: 0.002 Loaded shared library /nix/store/gpxl5qgg8kicmcvivwmybwjlpf7wh20l-graalvm17-ce-22.3.0/lib/libjava.so
Event: 0.010 Loaded shared library /nix/store/gpxl5qgg8kicmcvivwmybwjlpf7wh20l-graalvm17-ce-22.3.0/lib/libjsvml.so
Event: 0.267 Loaded shared library /nix/store/gpxl5qgg8kicmcvivwmybwjlpf7wh20l-graalvm17-ce-22.3.0/lib/libnio.so
Event: 0.289 Loaded shared library /nix/store/gpxl5qgg8kicmcvivwmybwjlpf7wh20l-graalvm17-ce-22.3.0/lib/libzip.so
Event: 0.298 Loaded shared library /nix/store/gpxl5qgg8kicmcvivwmybwjlpf7wh20l-graalvm17-ce-22.3.0/lib/libjvmcicompiler.so
Event: 0.764 Loaded shared library /nix/store/gpxl5qgg8kicmcvivwmybwjlpf7wh20l-graalvm17-ce-22.3.0/lib/libjimage.so
Event: 1.373 Loaded shared library /nix/store/gpxl5qgg8kicmcvivwmybwjlpf7wh20l-graalvm17-ce-22.3.0/lib/libnet.so
Event: 6.271 Loaded shared library /home/runner/.cache/jdt-language-server/config/org.eclipse.equinox.launcher/org.eclipse.equinox.launcher.gtk.linux.x86_64_1.2.400.v20211117-0650/eclipse_11600.so
Event: 19.575 Loaded shared library /nix/store/gpxl5qgg8kicmcvivwmybwjlpf7wh20l-graalvm17-ce-22.3.0/lib/libextnet.so

Deoptimization events (20 events):
Event: 69.376 Thread 0x00007ff9004810a0 DEOPT PACKING pc=0x00007ff94fc8616c sp=0x00007ff9168fe530
Event: 69.376 Thread 0x00007ff9004810a0 DEOPT UNPACKING pc=0x00007ff94f505325 sp=0x00007ff9168fda20 mode 0
Event: 69.378 Thread 0x00007ff9004810a0 DEOPT PACKING pc=0x00007ff94fc861dd sp=0x00007ff9168fe530
Event: 69.378 Thread 0x00007ff9004810a0 DEOPT UNPACKING pc=0x00007ff94f505325 sp=0x00007ff9168fda20 mode 0
Event: 663.515 Thread 0x00007ff8f02dbf40 Uncommon trap: trap_request=0xffffffcd fr.pc=0x00007ff9571b2c74 relative=0x0000000000000074
Event: 663.515 Thread 0x00007ff8f02dbf40 Uncommon trap: reason=intrinsic_or_type_checked_inlining action=reinterpret pc=0x00007ff9571b2c74 method=java.util.stream.ReferencePipeline$2$1.begin(J)V @ 0 jvmci
Event: 663.515 Thread 0x00007ff8f02dbf40 DEOPT PACKING pc=0x00007ff9571b2c74 sp=0x00007ff9165fdf10
Event: 663.515 Thread 0x00007ff8f02dbf40 DEOPT UNPACKING pc=0x00007ff94f505325 sp=0x00007ff9165fd3a0 mode 3
Event: 802.796 Thread 0x00007ff8e0001130 Uncommon trap: trap_request=0xffffff8f fr.pc=0x00007ff95701c4e5 relative=0x0000000000000145
Event: 802.796 Thread 0x00007ff8e0001130 Uncommon trap: reason=constraint action=none pc=0x00007ff95701c4e5 method=java.lang.AbstractStringBuilder.<init>(I)V @ 0 jvmci
Event: 802.796 Thread 0x00007ff8e0001130 DEOPT PACKING pc=0x00007ff95701c4e5 sp=0x00007ff9161fe5f0
Event: 802.796 Thread 0x00007ff8e0001130 DEOPT UNPACKING pc=0x00007ff94f505325 sp=0x00007ff9161fda88 mode 3
Event: 804.510 Thread 0x00007ff9004810a0 Uncommon trap: trap_request=0xffffff8f fr.pc=0x00007ff9571adcb7 relative=0x0000000000001077
Event: 804.510 Thread 0x00007ff9004810a0 Uncommon trap: reason=constraint action=none pc=0x00007ff9571adcb7 method=org.eclipse.jdt.internal.core.index.DiskIndex.copyQueryResults(Lorg/eclipse/jdt/internal/compiler/util/HashtableOfObject;I)V @ 123 jvmci
Event: 804.510 Thread 0x00007ff9004810a0 DEOPT PACKING pc=0x00007ff9571adcb7 sp=0x00007ff9168fe550
Event: 804.510 Thread 0x00007ff9004810a0 DEOPT UNPACKING pc=0x00007ff94f505325 sp=0x00007ff9168fda28 mode 3
Event: 823.575 Thread 0x00007ff9680b21e0 Uncommon trap: trap_request=0xffffff8f fr.pc=0x00007ff957045f1b relative=0x000000000000017b
Event: 823.575 Thread 0x00007ff9680b21e0 Uncommon trap: reason=constraint action=none pc=0x00007ff957045f1b method=java.io.ByteArrayOutputStream.<init>(I)V @ 0 jvmci
Event: 823.575 Thread 0x00007ff9680b21e0 DEOPT PACKING pc=0x00007ff957045f1b sp=0x00007ff94f4b1020
Event: 823.575 Thread 0x00007ff9680b21e0 DEOPT UNPACKING pc=0x00007ff94f505325 sp=0x00007ff94f4b04c8 mode 3

Classes unloaded (20 events):
Event: 80.595 Thread 0x00007ff9680a1c10 Unloading class 0x0000000800efc000 'jdk/internal/reflect/GeneratedConstructorAccessor8'
Event: 80.595 Thread 0x00007ff9680a1c10 Unloading class 0x0000000800d99000 'java/lang/invoke/LambdaForm$MH+0x0000000800d99000'
Event: 80.595 Thread 0x00007ff9680a1c10 Unloading class 0x0000000800d98c00 'java/lang/invoke/LambdaForm$MH+0x0000000800d98c00'
Event: 80.595 Thread 0x00007ff9680a1c10 Unloading class 0x0000000800d98800 'java/lang/invoke/LambdaForm$MH+0x0000000800d98800'
Event: 80.595 Thread 0x00007ff9680a1c10 Unloading class 0x0000000800d98400 'java/lang/invoke/LambdaForm$MH+0x0000000800d98400'
Event: 80.595 Thread 0x00007ff9680a1c10 Unloading class 0x0000000800d98000 'jdk/internal/reflect/GeneratedConstructorAccessor3'
Event: 80.595 Thread 0x00007ff9680a1c10 Unloading class 0x0000000800d06800 'java/lang/invoke/LambdaForm$MH+0x0000000800d06800'
Event: 80.595 Thread 0x00007ff9680a1c10 Unloading class 0x0000000800d06000 'java/lang/invoke/LambdaForm$MH+0x0000000800d06000'
Event: 80.595 Thread 0x00007ff9680a1c10 Unloading class 0x0000000800d05c00 'java/lang/invoke/LambdaForm$MH+0x0000000800d05c00'
Event: 80.595 Thread 0x00007ff9680a1c10 Unloading class 0x0000000800d05800 'java/lang/invoke/LambdaForm$MH+0x0000000800d05800'
Event: 80.595 Thread 0x00007ff9680a1c10 Unloading class 0x0000000800d05000 'java/lang/invoke/LambdaForm$MH+0x0000000800d05000'
Event: 80.595 Thread 0x00007ff9680a1c10 Unloading class 0x0000000800d04c00 'java/lang/invoke/LambdaForm$MH+0x0000000800d04c00'
Event: 80.595 Thread 0x00007ff9680a1c10 Unloading class 0x0000000800d04800 'java/lang/invoke/LambdaForm$MH+0x0000000800d04800'
Event: 80.595 Thread 0x00007ff9680a1c10 Unloading class 0x0000000800d04000 'java/lang/invoke/LambdaForm$MH+0x0000000800d04000'
Event: 80.595 Thread 0x00007ff9680a1c10 Unloading class 0x0000000800c1d000 'jdk/internal/reflect/GeneratedMethodAccessor5'
Event: 80.595 Thread 0x00007ff9680a1c10 Unloading class 0x0000000800c1cc00 'jdk/internal/reflect/GeneratedMethodAccessor4'
Event: 80.595 Thread 0x00007ff9680a1c10 Unloading class 0x0000000800c1c800 'jdk/internal/reflect/GeneratedMethodAccessor3'
Event: 80.595 Thread 0x00007ff9680a1c10 Unloading class 0x0000000800c1c400 'jdk/internal/reflect/GeneratedMethodAccessor2'
Event: 80.595 Thread 0x00007ff9680a1c10 Unloading class 0x0000000800c1c000 'jdk/internal/reflect/GeneratedMethodAccessor1'
Event: 80.595 Thread 0x00007ff9680a1c10 Unloading class 0x0000000800c01c00 'java/lang/invoke/LambdaForm$DMH+0x0000000800c01c00'

Classes redefined (0 events):
No events

Internal exceptions (20 events):
Event: 35.581 Thread 0x00007ff8e4000ff0 Exception <a 'java/lang/NoSuchMethodError'{0x00000000f5e99bc8}: 'int java.lang.invoke.DirectMethodHandle$Holder.invokeVirtual(java.lang.Object, java.lang.Object)'> (0x00000000f5e99bc8) 
thrown [src/hotspot/share/interpreter/linkResolver.cpp, line 758]
Event: 35.773 Thread 0x00007ff8e4000ff0 Implicit null exception at 0x00007ff9570d49e9 to 0x00007ff9570d4b9b
Event: 35.782 Thread 0x00007ff8e4000ff0 Exception <a 'java/lang/NoSuchMethodError'{0x00000000f618fea0}: 'int java.lang.invoke.DirectMethodHandle$Holder.invokeVirtual(java.lang.Object, java.lang.Object, java.lang.Object)'> (0x00000000f618fea0) 
thrown [src/hotspot/share/interpreter/linkResolver.cpp, line 758]
Event: 36.670 Thread 0x00007ff8e4000ff0 Exception <a 'sun/nio/fs/UnixException'{0x00000000f5b72880}> (0x00000000f5b72880) 
thrown [src/hotspot/share/prims/jni.cpp, line 516]
Event: 36.863 Thread 0x00007ff8d8000ff0 Exception <a 'java/lang/NoSuchMethodError'{0x00000000f5bca4f8}: 'java.lang.Object java.lang.invoke.DirectMethodHandle$Holder.invokeStatic(java.lang.Object, java.lang.Object, java.lang.Object, long)'> (0x00000000f5bca4f8) 
thrown [src/hotspot/share/interpreter/linkResolver.cpp, line 758]
Event: 36.864 Thread 0x00007ff8d8000ff0 Exception <a 'java/lang/NoSuchMethodError'{0x00000000f63e5cb0}: 'java.lang.Object java.lang.invoke.DirectMethodHandle$Holder.newInvokeSpecial(java.lang.Object, java.lang.Object, java.lang.Object, long)'> (0x00000000f63e5cb0) 
thrown [src/hotspot/share/interpreter/linkResolver.cpp, line 758]
Event: 36.865 Thread 0x00007ff8d8000ff0 Exception <a 'java/lang/NoSuchMethodError'{0x00000000f63ea2e8}: 'java.lang.Object java.lang.invoke.DirectMethodHandle$Holder.invokeSpecial(java.lang.Object, java.lang.Object, java.lang.Object, java.lang.Object, long)'> (0x00000000f63ea2e8) 
thrown [src/hotspot/share/interpreter/linkResolver.cpp, line 758]
Event: 36.888 Thread 0x00007ff8d8000ff0 Exception <a 'java/lang/NoSuchMethodError'{0x00000000f561f890}: 'java.lang.Object java.lang.invoke.Invokers$Holder.linkToTargetMethod(java.lang.Object, java.lang.Object, long, java.lang.Object)'> (0x00000000f561f890) 
thrown [src/hotspot/share/interpreter/linkResolver.cpp, line 758]
Event: 38.489 Thread 0x00007ff8d4170730 Exception <a 'java/lang/NoSuchMethodError'{0x00000000f5e884e0}: 'int java.lang.invoke.DirectMethodHandle$Holder.invokeStatic(java.lang.Object, java.lang.Object, java.lang.Object, int)'> (0x00000000f5e884e0) 
thrown [src/hotspot/share/interpreter/linkResolver.cpp, line 758]
Event: 40.183 Thread 0x00007ff8d4170730 Implicit null exception at 0x00007ff957076233 to 0x00007ff9570764d7
Event: 41.023 Thread 0x00007ff8d4170730 Exception <a 'java/lang/NoSuchMethodError'{0x00000000f55851a0}: 'java.lang.Object java.lang.invoke.DirectMethodHandle$Holder.invokeStatic(java.lang.Object, int, java.lang.Object, java.lang.Object, java.lang.Object, java.lang.Object)'> (0x00000000f55851a0) 
thrown [src/hotspot/share/interpreter/linkResolver.cpp, line 758]
Event: 41.403 Thread 0x00007ff8d4170730 Exception <a 'java/lang/NoSuchMethodError'{0x00000000f5e02618}: 'void java.lang.invoke.DirectMethodHandle$Holder.invokeSpecial(java.lang.Object, java.lang.Object, int)'> (0x00000000f5e02618) 
thrown [src/hotspot/share/interpreter/linkResolver.cpp, line 758]
Event: 42.184 Thread 0x00007ff8d4170730 Exception <a 'java/lang/NoSuchMethodError'{0x00000000f5692f30}: 'int java.lang.invoke.DirectMethodHandle$Holder.invokeSpecialIFC(java.lang.Object, java.lang.Object, java.lang.Object, java.lang.Object)'> (0x00000000f5692f30) 
thrown [src/hotspot/share/interpreter/linkResolver.cpp, line 758]
Event: 799.610 Thread 0x00007ff8e0001130 Exception <a 'java/lang/OutOfMemoryError'{0x00000000e0004618}> (0x00000000e0004618) 
thrown [src/hotspot/share/gc/shared/memAllocator.cpp, line 138]
Event: 802.796 Thread 0x00007ff8e0001130 Implicit null exception at 0x00007ff95701c4b7 to 0x00007ff95701c4ca
Event: 802.796 Thread 0x00007ff9004810a0 Exception <a 'java/lang/OutOfMemoryError'{0x00000000e0004618}> (0x00000000e0004618) 
thrown [src/hotspot/share/gc/shared/memAllocator.cpp, line 138]
Event: 804.510 Thread 0x00007ff9004810a0 Implicit null exception at 0x00007ff9571ad742 to 0x00007ff9571adc9c
Event: 823.575 Thread 0x00007ff9680b21e0 Exception <a 'java/lang/OutOfMemoryError'{0x00000000e0003ad8}> (0x00000000e0003ad8) 
thrown [src/hotspot/share/gc/shared/memAllocator.cpp, line 138]
Event: 823.575 Thread 0x00007ff9680b21e0 Implicit null exception at 0x00007ff957045ed1 to 0x00007ff957045f00
Event: 826.797 Thread 0x00007ff9680b21e0 Exception <a 'java/lang/OutOfMemoryError'{0x00000000e0003df8}> (0x00000000e0003df8) 
thrown [src/hotspot/share/gc/shared/memAllocator.cpp, line 136]

VM Operations (20 events):
Event: 807.906 Executing VM operation: ParallelGCFailedAllocation
Event: 809.482 Executing VM operation: ParallelGCFailedAllocation done
Event: 809.482 Executing VM operation: ParallelGCFailedAllocation
Event: 811.101 Executing VM operation: ParallelGCFailedAllocation done
Event: 811.102 Executing VM operation: ParallelGCFailedAllocation
Event: 812.592 Executing VM operation: ParallelGCFailedAllocation done
Event: 812.593 Executing VM operation: ParallelGCFailedAllocation
Event: 814.168 Executing VM operation: ParallelGCFailedAllocation done
Event: 814.168 Executing VM operation: ParallelGCFailedAllocation
Event: 815.695 Executing VM operation: ParallelGCFailedAllocation done
Event: 815.695 Executing VM operation: ParallelGCFailedAllocation
Event: 817.211 Executing VM operation: ParallelGCFailedAllocation done
Event: 817.215 Executing VM operation: ParallelGCFailedAllocation
Event: 818.800 Executing VM operation: ParallelGCFailedAllocation done
Event: 818.800 Executing VM operation: ParallelGCFailedAllocation
Event: 820.390 Executing VM operation: ParallelGCFailedAllocation done
Event: 820.391 Executing VM operation: ParallelGCFailedAllocation
Event: 823.575 Executing VM operation: ParallelGCFailedAllocation done
Event: 823.575 Executing VM operation: ParallelGCFailedAllocation
Event: 826.797 Executing VM operation: ParallelGCFailedAllocation done

Events (20 events):
Event: 36.171 Protecting memory [0x00007ff915b00000,0x00007ff915b04000] with protection modes 0
Event: 36.665 Thread 0x00007ff8e0117620 Thread exited: 0x00007ff8e0117620
Event: 36.682 loading class java/util/concurrent/CompletableFuture$Signaller
Event: 36.682 loading class java/util/concurrent/CompletableFuture$Signaller done
Event: 37.291 loading class jdk/internal/reflect/UnsafeQualifiedStaticIntegerFieldAccessorImpl
Event: 37.292 loading class jdk/internal/reflect/UnsafeQualifiedStaticIntegerFieldAccessorImpl done
Event: 39.662 loading class java/util/Collections$SynchronizedRandomAccessList
Event: 39.663 loading class java/util/Collections$SynchronizedList
Event: 39.663 loading class java/util/Collections$SynchronizedList done
Event: 39.663 loading class java/util/Collections$SynchronizedRandomAccessList done
Event: 41.792 loading class java/util/AbstractList$SubList
Event: 41.792 loading class java/util/AbstractList$SubList done
Event: 42.264 Thread 0x00007ff8d4170730 Thread exited: 0x00007ff8d4170730
Event: 52.391 Thread 0x00007ff9680b4b40 flushing nmethod 0x00007ff95039e290
Event: 61.562 Thread 0x00007ff9682565b0 Thread exited: 0x00007ff9682565b0
Event: 107.526 Thread 0x00007ff8d8000ff0 Thread exited: 0x00007ff8d8000ff0
Event: 123.736 Thread 0x00007ff8e4000ff0 Thread exited: 0x00007ff8e4000ff0
Event: 651.721 Thread 0x00007ff8f02dbf40 Thread added: 0x00007ff8f02dbf40
Event: 651.721 Protecting memory [0x00007ff916500000,0x00007ff916504000] with protection modes 0
Event: 668.447 Thread 0x00007ff8f02dbf40 Thread exited: 0x00007ff8f02dbf40


Dynamic libraries:
e0000000-f5580000 rw-p 00000000 00:00 0 
f5580000-fa880000 rw-p 00000000 00:00 0 
fa880000-100000000 ---p 00000000 00:00 0 
800000000-800449000 rw-p 00001000 00:16f6 4611686019135357769            /nix/store/gpxl5qgg8kicmcvivwmybwjlpf7wh20l-graalvm17-ce-22.3.0/lib/server/classes.jsa
800449000-800bc8000 r--p 0044a000 00:16f6 4611686019135357769            /nix/store/gpxl5qgg8kicmcvivwmybwjlpf7wh20l-graalvm17-ce-22.3.0/lib/server/classes.jsa
800bc8000-800c00000 ---p 00000000 00:00 0 
800c00000-800c20000 rw-p 00000000 00:00 0 
800c20000-800c40000 rw-p 00000000 00:00 0 
800c40000-800cc0000 rw-p 00000000 00:00 0 
800cc0000-800d00000 rw-p 00000000 00:00 0 
800d00000-800dc0000 rw-p 00000000 00:00 0 
800dc0000-800e00000 rw-p 00000000 00:00 0 
800e00000-800f40000 rw-p 00000000 00:00 0 
800f40000-800fc0000 rw-p 00000000 00:00 0 
800fc0000-801000000 rw-p 00000000 00:00 0 
801000000-801190000 rw-p 00000000 00:00 0 
801190000-840c00000 ---p 00000000 00:00 0 
559a6f4b9000-559a6f4ba000 r-xp 00000000 00:16f6 4611686019099417844      /nix/store/gpxl5qgg8kicmcvivwmybwjlpf7wh20l-graalvm17-ce-22.3.0/bin/.java-wrapped
559a6f4bb000-559a6f4bc000 r--p 00001000 00:16f6 4611686019099417844      /nix/store/gpxl5qgg8kicmcvivwmybwjlpf7wh20l-graalvm17-ce-22.3.0/bin/.java-wrapped
559a6f4bc000-559a6f4bd000 rw-p 00002000 00:16f6 4611686019099417844      /nix/store/gpxl5qgg8kicmcvivwmybwjlpf7wh20l-graalvm17-ce-22.3.0/bin/.java-wrapped
559a6f4bd000-559a6f4be000 rw-p 00004000 00:16f6 4611686019099417844      /nix/store/gpxl5qgg8kicmcvivwmybwjlpf7wh20l-graalvm17-ce-22.3.0/bin/.java-wrapped
559a6f4be000-559a6f4bf000 rw-p 00005000 00:16f6 4611686019099417844      /nix/store/gpxl5qgg8kicmcvivwmybwjlpf7wh20l-graalvm17-ce-22.3.0/bin/.java-wrapped
559a713fb000-559a71443000 rw-p 00000000 00:00 0                          [heap]
7ff8bc000000-7ff8bc0ac000 rw-p 00000000 00:00 0 
7ff8bc0ac000-7ff8c0000000 ---p 00000000 00:00 0 
7ff8c24b3000-7ff8cc000000 r--s 00000000 00:16f6 4611686019135192581      /nix/store/gpxl5qgg8kicmcvivwmybwjlpf7wh20l-graalvm17-ce-22.3.0/lib/modules
7ff8cc000000-7ff8cc0d5000 rw-p 00000000 00:00 0 
7ff8cc0d5000-7ff8d0000000 ---p 00000000 00:00 0 
7ff8d0000000-7ff8d01c7000 rw-p 00000000 00:00 0 
7ff8d01c7000-7ff8d4000000 ---p 00000000 00:00 0 
7ff8d4000000-7ff8d4189000 rw-p 00000000 00:00 0 
7ff8d4189000-7ff8d8000000 ---p 00000000 00:00 0 
7ff8d8000000-7ff8d8021000 rw-p 00000000 00:00 0 
7ff8d8021000-7ff8dc000000 ---p 00000000 00:00 0 
7ff8dc000000-7ff8dc021000 rw-p 00000000 00:00 0 
7ff8dc021000-7ff8e0000000 ---p 00000000 00:00 0 
7ff8e0000000-7ff8e012c000 rw-p 00000000 00:00 0 
7ff8e012c000-7ff8e4000000 ---p 00000000 00:00 0 
7ff8e4000000-7ff8e40c0000 rw-p 00000000 00:00 0 
7ff8e40c0000-7ff8e8000000 ---p 00000000 00:00 0 
7ff8e8000000-7ff8e8074000 rw-p 00000000 00:00 0 
7ff8e8074000-7ff8ec000000 ---p 00000000 00:00 0 
7ff8ec000000-7ff8ec021000 rw-p 00000000 00:00 0 
7ff8ec021000-7ff8f0000000 ---p 00000000 00:00 0 
7ff8f0000000-7ff8f0302000 rw-p 00000000 00:00 0 
7ff8f0302000-7ff8f4000000 ---p 00000000 00:00 0 
7ff8f4000000-7ff8f4021000 rw-p 00000000 00:00 0 
7ff8f4021000-7ff8f8000000 ---p 00000000 00:00 0 
7ff8f8000000-7ff8f8021000 rw-p 00000000 00:00 0 
7ff8f8021000-7ff8fc000000 ---p 00000000 00:00 0 
7ff8fc000000-7ff8fc026000 rw-p 00000000 00:00 0 
7ff8fc026000-7ff900000000 ---p 00000000 00:00 0 
7ff900000000-7ff9008ba000 rw-p 00000000 00:00 0 
7ff9008ba000-7ff904000000 ---p 00000000 00:00 0 
7ff904400000-7ff904440000 rw-p 00000000 00:00 0 
7ff904440000-7ff904900000 rw-p 00000000 00:00 0 
7ff904900000-7ff904930000 rw-p 00000000 00:00 0 
7ff904930000-7ff904a00000 ---p 00000000 00:00 0 
7ff904a00000-7ff904bb0000 rw-p 00000000 00:00 0 
7ff904bb0000-7ff904c00000 ---p 00000000 00:00 0 
7ff904c00000-7ff905400000 rw-p 00000000 00:00 0 
7ff905400000-7ff905500000 rw-p 00000000 00:00 0 
7ff905500000-7ff905700000 rw-p 00000000 00:00 0 
7ff905700000-7ff905800000 rw-p 00000000 00:00 0 
7ff905800000-7ff905900000 rw-p 00000000 00:00 0 
7ff905900000-7ff905a00000 rw-p 00000000 00:00 0 
7ff905a00000-7ff905b00000 rw-p 00000000 00:00 0 
7ff905b00000-7ff905c00000 rw-p 00000000 00:00 0 
7ff905c00000-7ff905d00000 rw-p 00000000 00:00 0 
7ff905d00000-7ff905e00000 rw-p 00000000 00:00 0 
7ff905e00000-7ff906400000 rw-p 00000000 00:00 0 
7ff906400000-7ff906500000 rw-p 00000000 00:00 0 
7ff906500000-7ff906600000 rw-p 00000000 00:00 0 
7ff906600000-7ff906b80000 rw-p 00000000 00:00 0 
7ff906b80000-7ff906c00000 rw-p 00000000 00:00 0 
7ff906e00000-7ff906e10000 r-xp 00000000 00:16dc 353                      /home/runner/.cache/jdt-language-server/config/org.eclipse.equinox.launcher/org.eclipse.equinox.launcher.gtk.linux.x86_64_1.2.400.v20211117-0650/eclipse_11600.so
7ff906e10000-7ff90700f000 ---p 00010000 00:16dc 353                      /home/runner/.cache/jdt-language-server/config/org.eclipse.equinox.launcher/org.eclipse.equinox.launcher.gtk.linux.x86_64_1.2.400.v20211117-0650/eclipse_11600.so
7ff90700f000-7ff907010000 r--p 0000f000 00:16dc 353                      /home/runner/.cache/jdt-language-server/config/org.eclipse.equinox.launcher/org.eclipse.equinox.launcher.gtk.linux.x86_64_1.2.400.v20211117-0650/eclipse_11600.so
7ff907010000-7ff907011000 rw-p 00010000 00:16dc 353                      /home/runner/.cache/jdt-language-server/config/org.eclipse.equinox.launcher/org.eclipse.equinox.launcher.gtk.linux.x86_64_1.2.400.v20211117-0650/eclipse_11600.so
7ff908000000-7ff908021000 rw-p 00000000 00:00 0 
7ff908021000-7ff90c000000 ---p 00000000 00:00 0 
7ff90c000000-7ff90c021000 rw-p 00000000 00:00 0 
7ff90c021000-7ff910000000 ---p 00000000 00:00 0 
7ff910000000-7ff910021000 rw-p 00000000 00:00 0 
7ff910021000-7ff914000000 ---p 00000000 00:00 0 
7ff914900000-7ff914a00000 ---p 00000000 00:00 0 
7ff914a00000-7ff914faf000 r--p 01122000 00:16f6 4611686019135190040      /nix/store/gpxl5qgg8kicmcvivwmybwjlpf7wh20l-graalvm17-ce-22.3.0/lib/libjvmcicompiler.so
7ff914faf000-7ff915100000 r--p 00000000 00:00 0 
7ff915100000-7ff91513d000 rw-p 00000000 00:00 0 
7ff91513d000-7ff91565d000 rw-p 0185f000 00:16f6 4611686019135190040      /nix/store/gpxl5qgg8kicmcvivwmybwjlpf7wh20l-graalvm17-ce-22.3.0/lib/libjvmcicompiler.so
7ff91565d000-7ff915a44000 r--p 01d7f000 00:16f6 4611686019135190040      /nix/store/gpxl5qgg8kicmcvivwmybwjlpf7wh20l-graalvm17-ce-22.3.0/lib/libjvmcicompiler.so
7ff915b00000-7ff915b04000 ---p 00000000 00:00 0 
7ff915b04000-7ff915c00000 rw-p 00000000 00:00 0 
7ff915d00000-7ff915d04000 ---p 00000000 00:00 0 
7ff915d04000-7ff915e00000 rw-p 00000000 00:00 0 
7ff915f00000-7ff915f04000 ---p 00000000 00:00 0 
7ff915f04000-7ff916000000 rw-p 00000000 00:00 0 
7ff916100000-7ff916104000 ---p 00000000 00:00 0 
7ff916104000-7ff916200000 rw-p 00000000 00:00 0 
7ff916300000-7ff916304000 ---p 00000000 00:00 0 
7ff916304000-7ff916400000 rw-p 00000000 00:00 0 
7ff916500000-7ff916504000 ---p 00000000 00:00 0 
7ff916504000-7ff916600000 rw-p 00000000 00:00 0 
7ff916700000-7ff916704000 ---p 00000000 00:00 0 
7ff916704000-7ff916800000 rw-p 00000000 00:00 0 
7ff916800000-7ff916804000 ---p 00000000 00:00 0 
7ff916804000-7ff916900000 rw-p 00000000 00:00 0 
7ff916900000-7ff916904000 ---p 00000000 00:00 0 
7ff916904000-7ff916a00000 rw-p 00000000 00:00 0 
7ff916b00000-7ff916b04000 ---p 00000000 00:00 0 
7ff916b04000-7ff916c00000 rw-p 00000000 00:00 0 
7ff916d00000-7ff916d04000 ---p 00000000 00:00 0 
7ff916d04000-7ff916e00000 rw-p 00000000 00:00 0 
7ff917a68000-7ff917f00000 rw-p 00000000 00:00 0 
7ff918000000-7ff918021000 rw-p 00000000 00:00 0 
7ff918021000-7ff91c000000 ---p 00000000 00:00 0 
7ff91c000000-7ff91c021000 rw-p 00000000 00:00 0 
7ff91c021000-7ff920000000 ---p 00000000 00:00 0 
7ff920000000-7ff920021000 rw-p 00000000 00:00 0 
7ff920021000-7ff924000000 ---p 00000000 00:00 0 
7ff924000000-7ff924021000 rw-p 00000000 00:00 0 
7ff924021000-7ff928000000 ---p 00000000 00:00 0 
7ff928000000-7ff9280cf000 rw-p 00000000 00:00 0 
7ff9280cf000-7ff92c000000 ---p 00000000 00:00 0 
7ff92c000000-7ff92ca86000 rw-p 00000000 00:00 0 
7ff92ca86000-7ff930000000 ---p 00000000 00:00 0 
7ff930000000-7ff930021000 rw-p 00000000 00:00 0 
7ff930021000-7ff934000000 ---p 00000000 00:00 0 
7ff934000000-7ff934021000 rw-p 00000000 00:00 0 
7ff934021000-7ff938000000 ---p 00000000 00:00 0 
7ff938000000-7ff938021000 rw-p 00000000 00:00 0 
7ff938021000-7ff93c000000 ---p 00000000 00:00 0 
7ff93c000000-7ff93c021000 rw-p 00000000 00:00 0 
7ff93c021000-7ff940000000 ---p 00000000 00:00 0 
7ff940000000-7ff940021000 rw-p 00000000 00:00 0 
7ff940021000-7ff944000000 ---p 00000000 00:00 0 
7ff944000000-7ff944021000 rw-p 00000000 00:00 0 
7ff944021000-7ff948000000 ---p 00000000 00:00 0 
7ff948000000-7ff94804f000 rw-p 00000000 00:00 0 
7ff94804f000-7ff94c000000 ---p 00000000 00:00 0 
7ff94c100000-7ff94c104000 ---p 00000000 00:00 0 
7ff94c104000-7ff94c200000 rw-p 00000000 00:00 0 
7ff94c200000-7ff94c204000 ---p 00000000 00:00 0 
7ff94c204000-7ff94c300000 rw-p 00000000 00:00 0 
7ff94c300000-7ff94c304000 ---p 00000000 00:00 0 
7ff94c304000-7ff94c400000 rw-p 00000000 00:00 0 
7ff94c500000-7ff94c504000 ---p 00000000 00:00 0 
7ff94c504000-7ff94c600000 rw-p 00000000 00:00 0 
7ff94c700000-7ff94c704000 ---p 00000000 00:00 0 
7ff94c704000-7ff94c800000 rw-p 00000000 00:00 0 
7ff94c900000-7ff94c904000 ---p 00000000 00:00 0 
7ff94c904000-7ff94ca00000 rw-p 00000000 00:00 0 
7ff94ca00000-7ff94eb6a000 r-xp 00000000 00:16f6 4611686019135190040      /nix/store/gpxl5qgg8kicmcvivwmybwjlpf7wh20l-graalvm17-ce-22.3.0/lib/libjvmcicompiler.so
7ff94eb6a000-7ff94ed69000 ---p 0216a000 00:16f6 4611686019135190040      /nix/store/gpxl5qgg8kicmcvivwmybwjlpf7wh20l-graalvm17-ce-22.3.0/lib/libjvmcicompiler.so
7ff94ed69000-7ff94ed6a000 r--p 02169000 00:16f6 4611686019135190040      /nix/store/gpxl5qgg8kicmcvivwmybwjlpf7wh20l-graalvm17-ce-22.3.0/lib/libjvmcicompiler.so
7ff94ed6a000-7ff94ed6c000 rw-p 0216a000 00:16f6 4611686019135190040      /nix/store/gpxl5qgg8kicmcvivwmybwjlpf7wh20l-graalvm17-ce-22.3.0/lib/libjvmcicompiler.so
7ff94ed6c000-7ff94ed6d000 rw-p 00000000 00:00 0 
7ff94ed6d000-7ff94ed72000 rw-p 023c3000 00:16f6 4611686019135190040      /nix/store/gpxl5qgg8kicmcvivwmybwjlpf7wh20l-graalvm17-ce-22.3.0/lib/libjvmcicompiler.so
7ff94edb1000-7ff94edb2000 ---p 00000000 00:00 0 
7ff94edb2000-7ff94eeb3000 rw-p 00000000 00:00 0 
7ff94eeb3000-7ff94eeb7000 ---p 00000000 00:00 0 
7ff94eeb7000-7ff94efb3000 rw-p 00000000 00:00 0 
7ff94efb3000-7ff94efb7000 ---p 00000000 00:00 0 
7ff94efb7000-7ff94f0b3000 rw-p 00000000 00:00 0 
7ff94f0b3000-7ff94f0b7000 ---p 00000000 00:00 0 
7ff94f0b7000-7ff94f2b3000 rw-p 00000000 00:00 0 
7ff94f2b3000-7ff94f2b7000 ---p 00000000 00:00 0 
7ff94f2b7000-7ff94f4b3000 rw-p 00000000 00:00 0 
7ff94f4b3000-7ff94f723000 rwxp 00000000 00:00 0 
7ff94f723000-7ff94fa42000 ---p 00000000 00:00 0 
7ff94fa42000-7ff9506d2000 rwxp 00000000 00:00 0 
7ff9506d2000-7ff956f7a000 ---p 00000000 00:00 0 
7ff956f7a000-7ff9571ea000 rwxp 00000000 00:00 0 
7ff9571ea000-7ff95e4b3000 ---p 00000000 00:00 0 
7ff95e4b3000-7ff968000000 r--s 00000000 00:16f6 4611686019135192581      /nix/store/gpxl5qgg8kicmcvivwmybwjlpf7wh20l-graalvm17-ce-22.3.0/lib/modules
7ff968000000-7ff968650000 rw-p 00000000 00:00 0 
7ff968650000-7ff96c000000 ---p 00000000 00:00 0 
7ff96c01a000-7ff96c01e000 ---p 00000000 00:00 0 
7ff96c01e000-7ff96c11a000 rw-p 00000000 00:00 0 
7ff96c11a000-7ff96c11e000 ---p 00000000 00:00 0 
7ff96c11e000-7ff96c21a000 rw-p 00000000 00:00 0 
7ff96c21a000-7ff96c21e000 ---p 00000000 00:00 0 
7ff96c21e000-7ff96c31a000 rw-p 00000000 00:00 0 
7ff96c31a000-7ff96c31e000 ---p 00000000 00:00 0 
7ff96c31e000-7ff96c41a000 rw-p 00000000 00:00 0 
7ff96c41a000-7ff96c700000 r--p 00000000 00:168c 28444448                 /usr/lib/locale/locale-archive
7ff96c700000-7ff96c704000 ---p 00000000 00:00 0 
7ff96c704000-7ff96cc00000 rw-p 00000000 00:00 0 
7ff96cc00000-7ff96cde0000 rw-p 00000000 00:00 0 
7ff96cde0000-7ff96ce00000 rw-p 00000000 00:00 0 
7ff96ce00000-7ff96cf00000 rw-p 00000000 00:00 0 
7ff96cf00000-7ff96d000000 rw-p 00000000 00:00 0 
7ff96d02a000-7ff96d02c000 r-xp 00000000 00:16f6 4611686019135190017      /nix/store/gpxl5qgg8kicmcvivwmybwjlpf7wh20l-graalvm17-ce-22.3.0/lib/libextnet.so
7ff96d02c000-7ff96d02d000 r--p 00001000 00:16f6 4611686019135190017      /nix/store/gpxl5qgg8kicmcvivwmybwjlpf7wh20l-graalvm17-ce-22.3.0/lib/libextnet.so
7ff96d02d000-7ff96d02e000 rw-p 00002000 00:16f6 4611686019135190017      /nix/store/gpxl5qgg8kicmcvivwmybwjlpf7wh20l-graalvm17-ce-22.3.0/lib/libextnet.so
7ff96d02e000-7ff96d02f000 rw-p 00004000 00:16f6 4611686019135190017      /nix/store/gpxl5qgg8kicmcvivwmybwjlpf7wh20l-graalvm17-ce-22.3.0/lib/libextnet.so
7ff96d02f000-7ff96d033000 ---p 00000000 00:00 0 
7ff96d033000-7ff96d051000 rw-p 00000000 00:00 0 
7ff96d051000-7ff96d058000 r-xp 00000000 00:16f6 4611686019135192580      /nix/store/gpxl5qgg8kicmcvivwmybwjlpf7wh20l-graalvm17-ce-22.3.0/lib/libzip.so
7ff96d058000-7ff96d059000 ---p 00007000 00:16f6 4611686019135192580      /nix/store/gpxl5qgg8kicmcvivwmybwjlpf7wh20l-graalvm17-ce-22.3.0/lib/libzip.so
7ff96d059000-7ff96d05a000 r--p 00007000 00:16f6 4611686019135192580      /nix/store/gpxl5qgg8kicmcvivwmybwjlpf7wh20l-graalvm17-ce-22.3.0/lib/libzip.so
7ff96d05a000-7ff96d05b000 rw-p 00008000 00:16f6 4611686019135192580      /nix/store/gpxl5qgg8kicmcvivwmybwjlpf7wh20l-graalvm17-ce-22.3.0/lib/libzip.so
7ff96d05b000-7ff96d05d000 rw-p 0000b000 00:16f6 4611686019135192580      /nix/store/gpxl5qgg8kicmcvivwmybwjlpf7wh20l-graalvm17-ce-22.3.0/lib/libzip.so
7ff96d05d000-7ff96d072000 r-xp 00000000 00:16f6 4611686019135192570      /nix/store/gpxl5qgg8kicmcvivwmybwjlpf7wh20l-graalvm17-ce-22.3.0/lib/libnet.so
7ff96d072000-7ff96d073000 ---p 00015000 00:16f6 4611686019135192570      /nix/store/gpxl5qgg8kicmcvivwmybwjlpf7wh20l-graalvm17-ce-22.3.0/lib/libnet.so
7ff96d073000-7ff96d074000 r--p 00015000 00:16f6 4611686019135192570      /nix/store/gpxl5qgg8kicmcvivwmybwjlpf7wh20l-graalvm17-ce-22.3.0/lib/libnet.so
7ff96d074000-7ff96d075000 rw-p 00016000 00:16f6 4611686019135192570      /nix/store/gpxl5qgg8kicmcvivwmybwjlpf7wh20l-graalvm17-ce-22.3.0/lib/libnet.so
7ff96d075000-7ff96d078000 rw-p 0001b000 00:16f6 4611686019135192570      /nix/store/gpxl5qgg8kicmcvivwmybwjlpf7wh20l-graalvm17-ce-22.3.0/lib/libnet.so
7ff96d078000-7ff96d08b000 r-xp 00000000 00:16f6 4611686019135192571      /nix/store/gpxl5qgg8kicmcvivwmybwjlpf7wh20l-graalvm17-ce-22.3.0/lib/libnio.so
7ff96d08b000-7ff96d08c000 r--p 00012000 00:16f6 4611686019135192571      /nix/store/gpxl5qgg8kicmcvivwmybwjlpf7wh20l-graalvm17-ce-22.3.0/lib/libnio.so
7ff96d08c000-7ff96d08d000 rw-p 00013000 00:16f6 4611686019135192571      /nix/store/gpxl5qgg8kicmcvivwmybwjlpf7wh20l-graalvm17-ce-22.3.0/lib/libnio.so
7ff96d08d000-7ff96d092000 rw-p 00019000 00:16f6 4611686019135192571      /nix/store/gpxl5qgg8kicmcvivwmybwjlpf7wh20l-graalvm17-ce-22.3.0/lib/libnio.so
7ff96d092000-7ff96d096000 ---p 00000000 00:00 0 
7ff96d096000-7ff96d192000 rw-p 00000000 00:00 0 
7ff96d192000-7ff96d193000 ---p 00000000 00:00 0 
7ff96d193000-7ff96d294000 rw-p 00000000 00:00 0 
7ff96d294000-7ff96d362000 r-xp 00000000 00:16f6 4611686019135190036      /nix/store/gpxl5qgg8kicmcvivwmybwjlpf7wh20l-graalvm17-ce-22.3.0/lib/libjsvml.so
7ff96d362000-7ff96d363000 r--p 000cd000 00:16f6 4611686019135190036      /nix/store/gpxl5qgg8kicmcvivwmybwjlpf7wh20l-graalvm17-ce-22.3.0/lib/libjsvml.so
7ff96d363000-7ff96d364000 rw-p 000ce000 00:16f6 4611686019135190036      /nix/store/gpxl5qgg8kicmcvivwmybwjlpf7wh20l-graalvm17-ce-22.3.0/lib/libjsvml.so
7ff96d364000-7ff96ec3c000 rw-p 00000000 00:00 0 
7ff96ec3c000-7ff96ec3d000 ---p 00000000 00:00 0 
7ff96ec3d000-7ff96ede8000 rw-p 00000000 00:00 0 
7ff96ede8000-7ff96ee13000 rw-p 00000000 00:00 0 
7ff96ee13000-7ff96ee3e000 ---p 00000000 00:00 0 
7ff96ee3e000-7ff96ee44000 rw-p 00000000 00:00 0 
7ff96ee44000-7ff96ef2a000 ---p 00000000 00:00 0 
7ff96ef2a000-7ff96ef44000 rw-p 00000000 00:00 0 
7ff96ef44000-7ff96f015000 ---p 00000000 00:00 0 
7ff96f015000-7ff96f01a000 rw-p 00000000 00:00 0 
7ff96f01a000-7ff96f021000 ---p 00000000 00:00 0 
7ff96f021000-7ff96f045000 r-xp 00000000 00:16f6 4611686019135190028      /nix/store/gpxl5qgg8kicmcvivwmybwjlpf7wh20l-graalvm17-ce-22.3.0/lib/libjava.so
7ff96f045000-7ff96f046000 ---p 00024000 00:16f6 4611686019135190028      /nix/store/gpxl5qgg8kicmcvivwmybwjlpf7wh20l-graalvm17-ce-22.3.0/lib/libjava.so
7ff96f046000-7ff96f047000 r--p 00024000 00:16f6 4611686019135190028      /nix/store/gpxl5qgg8kicmcvivwmybwjlpf7wh20l-graalvm17-ce-22.3.0/lib/libjava.so
7ff96f047000-7ff96f048000 rw-p 00025000 00:16f6 4611686019135190028      /nix/store/gpxl5qgg8kicmcvivwmybwjlpf7wh20l-graalvm17-ce-22.3.0/lib/libjava.so
7ff96f048000-7ff96f049000 rw-p 00000000 00:00 0 
7ff96f049000-7ff96f050000 rw-p 0002f000 00:16f6 4611686019135190028      /nix/store/gpxl5qgg8kicmcvivwmybwjlpf7wh20l-graalvm17-ce-22.3.0/lib/libjava.so
7ff96f050000-7ff96f058000 rw-s 00000000 00:ea7 350                       /tmp/hsperfdata_runner/31
7ff96f058000-7ff96f059000 ---p 00000000 00:00 0 
7ff96f059000-7ff96f05a000 r--p 00000000 00:00 0 
7ff96f05a000-7ff96f05b000 rwxp 00000000 00:00 0 
7ff96f05b000-7ff96f076000 r-xp 00000000 00:16f6 4611686019135190032      /nix/store/gpxl5qgg8kicmcvivwmybwjlpf7wh20l-graalvm17-ce-22.3.0/lib/libjimage.so
7ff96f076000-7ff96f077000 ---p 0001b000 00:16f6 4611686019135190032      /nix/store/gpxl5qgg8kicmcvivwmybwjlpf7wh20l-graalvm17-ce-22.3.0/lib/libjimage.so
7ff96f077000-7ff96f079000 r--p 0001b000 00:16f6 4611686019135190032      /nix/store/gpxl5qgg8kicmcvivwmybwjlpf7wh20l-graalvm17-ce-22.3.0/lib/libjimage.so
7ff96f079000-7ff96f07a000 rw-p 0001d000 00:16f6 4611686019135190032      /nix/store/gpxl5qgg8kicmcvivwmybwjlpf7wh20l-graalvm17-ce-22.3.0/lib/libjimage.so
7ff96f07a000-7ff96f07b000 rw-p 00024000 00:16f6 4611686019135190032      /nix/store/gpxl5qgg8kicmcvivwmybwjlpf7wh20l-graalvm17-ce-22.3.0/lib/libjimage.so
7ff96f07b000-7ff96f07f000 ---p 00000000 00:00 0 
7ff96f07f000-7ff96f17b000 rw-p 00000000 00:00 0 
7ff96f17b000-7ff96f189000 r--p 00000000 00:16f6 4611686019027979927      /nix/store/4nlgxhb09sdr51nc9hdm8az5b08vzkgx-glibc-2.35-163/lib/libm.so.6
7ff96f189000-7ff96f1fc000 r-xp 0000e000 00:16f6 4611686019027979927      /nix/store/4nlgxhb09sdr51nc9hdm8az5b08vzkgx-glibc-2.35-163/lib/libm.so.6
7ff96f1fc000-7ff96f259000 r--p 00081000 00:16f6 4611686019027979927      /nix/store/4nlgxhb09sdr51nc9hdm8az5b08vzkgx-glibc-2.35-163/lib/libm.so.6
7ff96f259000-7ff96f25a000 r--p 000dd000 00:16f6 4611686019027979927      /nix/store/4nlgxhb09sdr51nc9hdm8az5b08vzkgx-glibc-2.35-163/lib/libm.so.6
7ff96f25a000-7ff96f25b000 rw-p 000de000 00:16f6 4611686019027979927      /nix/store/4nlgxhb09sdr51nc9hdm8az5b08vzkgx-glibc-2.35-163/lib/libm.so.6
7ff96f25b000-7ff96f25c000 r--p 00000000 00:16f6 4611686019027979946      /nix/store/4nlgxhb09sdr51nc9hdm8az5b08vzkgx-glibc-2.35-163/lib/librt.so.1
7ff96f25c000-7ff96f25d000 r-xp 00001000 00:16f6 4611686019027979946      /nix/store/4nlgxhb09sdr51nc9hdm8az5b08vzkgx-glibc-2.35-163/lib/librt.so.1
7ff96f25d000-7ff96f25e000 r--p 00002000 00:16f6 4611686019027979946      /nix/store/4nlgxhb09sdr51nc9hdm8az5b08vzkgx-glibc-2.35-163/lib/librt.so.1
7ff96f25e000-7ff96f25f000 r--p 00002000 00:16f6 4611686019027979946      /nix/store/4nlgxhb09sdr51nc9hdm8az5b08vzkgx-glibc-2.35-163/lib/librt.so.1
7ff96f25f000-7ff96f260000 rw-p 00003000 00:16f6 4611686019027979946      /nix/store/4nlgxhb09sdr51nc9hdm8az5b08vzkgx-glibc-2.35-163/lib/librt.so.1
7ff96f260000-7ff970373000 r-xp 00000000 00:16f6 4611686019135360866      /nix/store/gpxl5qgg8kicmcvivwmybwjlpf7wh20l-graalvm17-ce-22.3.0/lib/server/libjvm.so
7ff970373000-7ff970374000 ---p 01113000 00:16f6 4611686019135360866      /nix/store/gpxl5qgg8kicmcvivwmybwjlpf7wh20l-graalvm17-ce-22.3.0/lib/server/libjvm.so
7ff970374000-7ff970429000 r--p 01113000 00:16f6 4611686019135360866      /nix/store/gpxl5qgg8kicmcvivwmybwjlpf7wh20l-graalvm17-ce-22.3.0/lib/server/libjvm.so
7ff970429000-7ff97045d000 rw-p 011c8000 00:16f6 4611686019135360866      /nix/store/gpxl5qgg8kicmcvivwmybwjlpf7wh20l-graalvm17-ce-22.3.0/lib/server/libjvm.so
7ff97045d000-7ff9704b9000 rw-p 00000000 00:00 0 
7ff9704b9000-7ff9704e1000 r--p 00000000 00:16f6 4611686019027979918      /nix/store/4nlgxhb09sdr51nc9hdm8az5b08vzkgx-glibc-2.35-163/lib/libc.so.6
7ff9704e1000-7ff970657000 r-xp 00028000 00:16f6 4611686019027979918      /nix/store/4nlgxhb09sdr51nc9hdm8az5b08vzkgx-glibc-2.35-163/lib/libc.so.6
7ff970657000-7ff9706af000 r--p 0019e000 00:16f6 4611686019027979918      /nix/store/4nlgxhb09sdr51nc9hdm8az5b08vzkgx-glibc-2.35-163/lib/libc.so.6
7ff9706af000-7ff9706b3000 r--p 001f6000 00:16f6 4611686019027979918      /nix/store/4nlgxhb09sdr51nc9hdm8az5b08vzkgx-glibc-2.35-163/lib/libc.so.6
7ff9706b3000-7ff9706b5000 rw-p 001fa000 00:16f6 4611686019027979918      /nix/store/4nlgxhb09sdr51nc9hdm8az5b08vzkgx-glibc-2.35-163/lib/libc.so.6
7ff9706b5000-7ff9706c4000 rw-p 00000000 00:00 0 
7ff9706c4000-7ff9706c5000 r--p 00000000 00:16f6 4611686019027979923      /nix/store/4nlgxhb09sdr51nc9hdm8az5b08vzkgx-glibc-2.35-163/lib/libdl.so.2
7ff9706c5000-7ff9706c6000 r-xp 00001000 00:16f6 4611686019027979923      /nix/store/4nlgxhb09sdr51nc9hdm8az5b08vzkgx-glibc-2.35-163/lib/libdl.so.2
7ff9706c6000-7ff9706c7000 r--p 00002000 00:16f6 4611686019027979923      /nix/store/4nlgxhb09sdr51nc9hdm8az5b08vzkgx-glibc-2.35-163/lib/libdl.so.2
7ff9706c7000-7ff9706c8000 r--p 00002000 00:16f6 4611686019027979923      /nix/store/4nlgxhb09sdr51nc9hdm8az5b08vzkgx-glibc-2.35-163/lib/libdl.so.2
7ff9706c8000-7ff9706c9000 rw-p 00003000 00:16f6 4611686019027979923      /nix/store/4nlgxhb09sdr51nc9hdm8az5b08vzkgx-glibc-2.35-163/lib/libdl.so.2
7ff9706c9000-7ff9706ca000 r--p 00000000 00:16f6 4611686019027979942      /nix/store/4nlgxhb09sdr51nc9hdm8az5b08vzkgx-glibc-2.35-163/lib/libpthread.so.0
7ff9706ca000-7ff9706cb000 r-xp 00001000 00:16f6 4611686019027979942      /nix/store/4nlgxhb09sdr51nc9hdm8az5b08vzkgx-glibc-2.35-163/lib/libpthread.so.0
7ff9706cb000-7ff9706cc000 r--p 00002000 00:16f6 4611686019027979942      /nix/store/4nlgxhb09sdr51nc9hdm8az5b08vzkgx-glibc-2.35-163/lib/libpthread.so.0
7ff9706cc000-7ff9706cd000 r--p 00002000 00:16f6 4611686019027979942      /nix/store/4nlgxhb09sdr51nc9hdm8az5b08vzkgx-glibc-2.35-163/lib/libpthread.so.0
7ff9706cd000-7ff9706ce000 rw-p 00003000 00:16f6 4611686019027979942      /nix/store/4nlgxhb09sdr51nc9hdm8az5b08vzkgx-glibc-2.35-163/lib/libpthread.so.0
7ff9706ce000-7ff9706dc000 r-xp 00000000 00:16f6 4611686019135190033      /nix/store/gpxl5qgg8kicmcvivwmybwjlpf7wh20l-graalvm17-ce-22.3.0/lib/libjli.so
7ff9706dc000-7ff9706dd000 ---p 0000e000 00:16f6 4611686019135190033      /nix/store/gpxl5qgg8kicmcvivwmybwjlpf7wh20l-graalvm17-ce-22.3.0/lib/libjli.so
7ff9706dd000-7ff9706de000 r--p 0000e000 00:16f6 4611686019135190033      /nix/store/gpxl5qgg8kicmcvivwmybwjlpf7wh20l-graalvm17-ce-22.3.0/lib/libjli.so
7ff9706de000-7ff9706df000 rw-p 0000f000 00:16f6 4611686019135190033      /nix/store/gpxl5qgg8kicmcvivwmybwjlpf7wh20l-graalvm17-ce-22.3.0/lib/libjli.so
7ff9706df000-7ff9706e0000 rw-p 00012000 00:16f6 4611686019135190033      /nix/store/gpxl5qgg8kicmcvivwmybwjlpf7wh20l-graalvm17-ce-22.3.0/lib/libjli.so
7ff9706e0000-7ff9706e3000 r--p 00000000 00:16f6 4611686019106210071      /nix/store/026hln0aq1hyshaxsdvhg0kmcm6yf45r-zlib-1.2.13/lib/libz.so.1.2.13
7ff9706e3000-7ff9706f5000 r-xp 00003000 00:16f6 4611686019106210071      /nix/store/026hln0aq1hyshaxsdvhg0kmcm6yf45r-zlib-1.2.13/lib/libz.so.1.2.13
7ff9706f5000-7ff9706fc000 r--p 00015000 00:16f6 4611686019106210071      /nix/store/026hln0aq1hyshaxsdvhg0kmcm6yf45r-zlib-1.2.13/lib/libz.so.1.2.13
7ff9706fc000-7ff9706fd000 r--p 0001b000 00:16f6 4611686019106210071      /nix/store/026hln0aq1hyshaxsdvhg0kmcm6yf45r-zlib-1.2.13/lib/libz.so.1.2.13
7ff9706fd000-7ff9706fe000 rw-p 0001c000 00:16f6 4611686019106210071      /nix/store/026hln0aq1hyshaxsdvhg0kmcm6yf45r-zlib-1.2.13/lib/libz.so.1.2.13
7ff9706fe000-7ff970700000 rw-p 00000000 00:00 0 
7ff970700000-7ff970702000 r--p 00000000 00:16f6 4611686019027979912      /nix/store/4nlgxhb09sdr51nc9hdm8az5b08vzkgx-glibc-2.35-163/lib/ld-linux-x86-64.so.2
7ff970702000-7ff970729000 r-xp 00002000 00:16f6 4611686019027979912      /nix/store/4nlgxhb09sdr51nc9hdm8az5b08vzkgx-glibc-2.35-163/lib/ld-linux-x86-64.so.2
7ff970729000-7ff970735000 r--p 00029000 00:16f6 4611686019027979912      /nix/store/4nlgxhb09sdr51nc9hdm8az5b08vzkgx-glibc-2.35-163/lib/ld-linux-x86-64.so.2
7ff970735000-7ff970737000 r--p 00034000 00:16f6 4611686019027979912      /nix/store/4nlgxhb09sdr51nc9hdm8az5b08vzkgx-glibc-2.35-163/lib/ld-linux-x86-64.so.2
7ff970737000-7ff970739000 rw-p 00036000 00:16f6 4611686019027979912      /nix/store/4nlgxhb09sdr51nc9hdm8az5b08vzkgx-glibc-2.35-163/lib/ld-linux-x86-64.so.2
7ffcd4da7000-7ffcd4dcb000 rw-p 00000000 00:00 0                          [stack]
7ffcd4df1000-7ffcd4df5000 r--p 00000000 00:00 0                          [vvar]
7ffcd4df5000-7ffcd4df7000 r-xp 00000000 00:00 0                          [vdso]
ffffffffff600000-ffffffffff601000 --xp 00000000 00:00 0                  [vsyscall]


VM Arguments:
jvm_args: -XX:ThreadPriorityPolicy=1 -XX:+UnlockExperimentalVMOptions -XX:+EnableJVMCIProduct -XX:JVMCIThreadsPerNativeLibraryRuntime=1 -XX:-UnlockExperimentalVMOptions -Declipse.application=org.eclipse.jdt.ls.core.id1 -Dosgi.bundles.defaultStartLevel=4 -Declipse.product=org.eclipse.jdt.ls.core.product -Dlog.level=ALL -Xverify:none -XX:+UseParallelGC -XX:GCTimeRatio=4 -XX:AdaptiveSizePolicyWeight=90 -Dsun.zip.disableMemoryMapping=true -Xmx512m -Xms100m 
java_command: /nix/store/m6gcpi1ii6rghy04cjwjddcavv7i90df-jdt-language-server-1.9.0/share/java/plugins/org.eclipse.equinox.launcher_1.6.400.v20210924-0641.jar --add-modules=ALL-SYSTEM --add-opens java.base/java.util=ALL-UNNAMED --add-opens java.base/java.lang=ALL-UNNAMED -configuration /home/runner/.cache/jdt-language-server/config -data /home/runner/.cache/jdt-language-server/data/home/runner/HelloWorld-2
java_class_path (initial): /nix/store/m6gcpi1ii6rghy04cjwjddcavv7i90df-jdt-language-server-1.9.0/share/java/plugins/org.eclipse.equinox.launcher_1.6.400.v20210924-0641.jar
Launcher Type: SUN_STANDARD

[Global flags]
    uintx AdaptiveSizePolicyWeight                 = 90                                        {product} {command line}
     intx CICompilerCount                          = 2                                         {product} {ergonomic}
     bool EnableJVMCIProduct                       = true                                {JVMCI product} {jimage}
    uintx GCTimeRatio                              = 4                                         {product} {command line}
   size_t InitialHeapSize                          = 104857600                                 {product} {command line}
     uint JVMCIThreadsPerNativeLibraryRuntime      = 1                                   {JVMCI product} {jimage}
   size_t MaxHeapSize                              = 536870912                                 {product} {command line}
   size_t MaxNewSize                               = 178782208                                 {product} {ergonomic}
   size_t MinHeapDeltaBytes                        = 524288                                    {product} {ergonomic}
   size_t MinHeapSize                              = 104857600                                 {product} {command line}
   size_t NewSize                                  = 34603008                                  {product} {ergonomic}
    uintx NonNMethodCodeHeapSize                   = 5826188                                {pd product} {ergonomic}
    uintx NonProfiledCodeHeapSize                  = 122916026                              {pd product} {ergonomic}
   size_t OldSize                                  = 70254592                                  {product} {ergonomic}
    uintx ProfiledCodeHeapSize                     = 122916026                              {pd product} {ergonomic}
    uintx ReservedCodeCacheSize                    = 251658240                              {pd product} {ergonomic}
     bool SegmentedCodeCache                       = true                                      {product} {ergonomic}
   size_t SoftMaxHeapSize                          = 536870912                              {manageable} {ergonomic}
     intx ThreadPriorityPolicy                     = 1                                         {product} {jimage}
     bool UseCompressedClassPointers               = true                           {product lp64_product} {ergonomic}
     bool UseCompressedOops                        = true                           {product lp64_product} {ergonomic}
     bool UseParallelGC                            = true                                      {product} {command line}

Logging:
Log output configuration:
 #0: stdout all=warning uptime,level,tags
 #1: stderr all=off uptime,level,tags

Environment Variables:
JAVA_HOME=/nix/store/gpxl5qgg8kicmcvivwmybwjlpf7wh20l-graalvm17-ce-22.3.0
PATH=/nix/store/1d6ian3r8kdzspw8hacjhl3xkp40g1lj-binutils-wrapper-2.39/bin:/nix/store/dq0xwmsk1g0i2ayg6pb7y87na2knzylh-gcc-wrapper-11.3.0/bin:/nix/store/bap4d0lpcrhpwmpb8ayjcgkmvfj62lnq-bash-interactive-5.1-p16/bin:/nix/store/pr5n59mb4jzmfx6kanwxly0l07p861fg-patchelf-0.15.0/bin:/nix/store/1gf2flfqnpqbr1b4p4qz2f72y42bs56r-gcc-11.3.0/bin:/nix/store/57xv61c5zi8pphjbcwxxjlgc34p61ic9-glibc-2.35-163-bin/bin:/nix/store/a7gvj343m05j2s32xcnwr35v31ynlypr-coreutils-9.1/bin:/nix/store/039g378vc3pc3dvi9dzdlrd0i4q93qwf-binutils-2.39/bin:/nix/store/gpxl5qgg8kicmcvivwmybwjlpf7wh20l-graalvm17-ce-22.3.0/bin:/nix/store/6z9ag3ihc8mq2hzsw48lhbznvzny65nz-apache-maven-3.8.6/bin:/nix/store/m6gcpi1ii6rghy04cjwjddcavv7i90df-jdt-language-server-1.9.0/bin:/nix/store/84xs5alhs01zrbr4ywm05kxbjbp5590l-java-debug/bin:/nix/store/mydc6f4k2z73xlcz7ilif3v2lcaiqvza-findutils-4.9.0/bin:/nix/store/j9p3g8472iijd50vhdprx0nmk2fqn5gv-diffutils-3.8/bin:/nix/store/89zs7rms6x00xfq4dq6m7mjnhkr8a6r4-gnused-4.8/bin:/nix/store/86bp03jkmsl6f92w0yzg4s59g5mhxwmy-gnugrep-3.7/bin:/nix/store/hwcdqw4jrjnd37wxqgsd47hd0j8bnj09-gawk-5.1.1/bin:/nix/store/cfbhw8r8ags41vwqaz47r583d0p4h4a1-gnutar-1.34/bin:/nix/store/p3m1ndl1lapwrlh698bnb5lvvxh67378-gzip-1.12/bin:/nix/store/a8mhcagrsly7c7mpjrpsnaahk4aax056-bzip2-1.0.8-bin/bin:/nix/store/mblgz65m3zv9x548a3d5m96fj2pbwr09-gnumake-4.3/bin:/nix/store/dsd5gz46hdbdk2rfdimqddhq6m8m8fqs-bash-5.1-p16/bin:/nix/store/v7ljksji50mg3w61dykaa3n3y79n6nil-patch-2.7.6/bin:/nix/store/zlcnmqq14jz5x9439jf937mvayyl63da-xz-5.2.7-bin/bin:/nix/store/y6aj732zm9m87c82fpvf103a1xb22blp-file-5.43/bin:/nix/store/sgqd0ajghcv2axfl1lad0b1alyavp0dc-prybar-elisp-0.0.0-67f7a00/bin:/nix/store/p3hsvljpgs68jqwar41lc0jqhjj734lf-prybar-lua-0.0.0-67f7a00/bin:/nix/store/qzxs2gybds3s9kb1vkaflpgm2nwr85fh-prybar-python3-0.0.0-67f7a00/bin:/nix/store/km94z9mxp8w4m8gxxp5mbfpdf3nkfvd8-prybar-sqlite-0.0.0-67f7a00/bin:/nix/store/2pnc7b76asw0z59c4l6h6qy8arwqrii1-prybar-tcl-0.0.0-67f7a00/bin:/nix/store/hpbvrlwd5viqmvcaisb3x0118i913a9n-st
LD_LIBRARY_PATH=/nix/store/a4pff549sk2idnkpzk5nsfps3mdkdnvm-cups-2.4.2-lib/lib:/nix/store/72mqxxhh3cy5yifh92wh2yb8cl2hikyy-cairo-1.16.0/lib:/nix/store/2k366jrbsra97gjfxwvrhvixjfxdach5-glib-2.74.1/lib:/nix/store/2j2znigd8ak37rlwh9khz0ry3clqlw1l-gtk+3-3.24.34/lib:/nix/store/hisqvx32cd57apbpcsnkpx6k3549wql1-libglvnd-1.4.0/lib:/nix/store/p36pgcv991mq5srvg765b78yqpxvk3qs-mesa-21.3.3-drivers/lib:/nix/store/mav4251if1ahjq5vkpwycyyvnmy459c4-pulseaudio-14.2/lib
DISPLAY=:0
LANG=en_US.UTF-8

Signal Handlers:
   SIGSEGV: crash_handler in libjvm.so, mask=11100100010111111101111111111110, flags=SA_RESTART|SA_SIGINFO
    SIGBUS: crash_handler in libjvm.so, mask=11100100010111111101111111111110, flags=SA_RESTART|SA_SIGINFO
    SIGFPE: crash_handler in libjvm.so, mask=11100100010111111101111111111110, flags=SA_RESTART|SA_SIGINFO
   SIGPIPE: IsolateEnterStub_IgnoreSIGPIPEStartupHook_noopSignalHandler_8f19bff2f35b5f630d83b364d6b2339320d4ec70_216e8361c6bc87a8f89f58cc10d3b2fd4415bf87 in libjvmcicompiler.so, mask=00000000000000000000000000000000, flags=SA_RESTART
  *** Handler was modified!
  *** Expected: javaSignalHandler in libjvm.so, mask=11100100110111111111111111111110, flags=SA_RESTART|SA_SIGINFO
   SIGXFSZ: javaSignalHandler in libjvm.so, mask=11100100010111111101111111111110, flags=SA_RESTART|SA_SIGINFO
    SIGILL: crash_handler in libjvm.so, mask=11100100010111111101111111111110, flags=SA_RESTART|SA_SIGINFO
   SIGUSR2: SR_handler in libjvm.so, mask=00000000000000000000000000000000, flags=SA_RESTART|SA_SIGINFO
    SIGHUP: UserHandler in libjvm.so, mask=11100100010111111101111111111110, flags=SA_RESTART|SA_SIGINFO
    SIGINT: UserHandler in libjvm.so, mask=11100100010111111101111111111110, flags=SA_RESTART|SA_SIGINFO
   SIGTERM: UserHandler in libjvm.so, mask=11100100010111111101111111111110, flags=SA_RESTART|SA_SIGINFO
   SIGQUIT: UserHandler in libjvm.so, mask=11100100010111111101111111111110, flags=SA_RESTART|SA_SIGINFO
  *** Handler was modified!
  *** Expected: javaSignalHandler in libjvm.so, mask=11100100110111111111111111111110, flags=SA_RESTART|SA_SIGINFO
   SIGTRAP: crash_handler in libjvm.so, mask=11100100010111111101111111111110, flags=SA_RESTART|SA_SIGINFO


---------------  S Y S T E M  ---------------

OS:
DISTRIB_ID=Ubuntu
DISTRIB_RELEASE=20.04
DISTRIB_CODENAME=focal
DISTRIB_DESCRIPTION="Ubuntu 20.04.2 LTS"
uname: Linux 5.15.0-1030-gcp #37~20.04.1-Ubuntu SMP Mon Feb 20 04:30:57 UTC 2023 x86_64
OS uptime: 0 days 1:18 hours
libc: glibc 2.35 NPTL 2.35 
rlimit (soft/hard): STACK 8192k/infinity , CORE infinity/infinity , NPROC infinity/infinity , NOFILE 5242/5242 , AS infinity/infinity , CPU infinity/infinity , DATA infinity/infinity , FSIZE infinity/infinity , MEMLOCK 64k/64k
load average: 10.55 13.90 14.71

/proc/meminfo:
MemTotal:       65852728 kB
MemFree:        36045084 kB
MemAvailable:   48748964 kB
Buffers:         1370008 kB
Cached:         10619392 kB
SwapCached:            0 kB
Active:          4941476 kB
Inactive:       21727304 kB
Active(anon):      14116 kB
Inactive(anon): 14391488 kB
Active(file):    4927360 kB
Inactive(file):  7335816 kB
Unevictable:       42840 kB
Mlocked:           42840 kB
SwapTotal:             0 kB
SwapFree:              0 kB
Dirty:             24136 kB
Writeback:           324 kB
AnonPages:      14362108 kB
Mapped:          1817332 kB
Shmem:             40960 kB
KReclaimable:    1167304 kB
Slab:            2191668 kB
SReclaimable:    1167304 kB
SUnreclaim:      1024364 kB
KernelStack:      393104 kB
PageTables:       143908 kB
NFS_Unstable:          0 kB
Bounce:                0 kB
WritebackTmp:          0 kB
CommitLimit:    32926364 kB
Committed_AS:   62094348 kB
VmallocTotal:   34359738367 kB
VmallocUsed:      426028 kB
VmallocChunk:          0 kB
Percpu:            48960 kB
HardwareCorrupted:     0 kB
AnonHugePages:   1792000 kB
ShmemHugePages:        0 kB
ShmemPmdMapped:        0 kB
FileHugePages:         0 kB
FilePmdMapped:         0 kB
HugePages_Total:       0
HugePages_Free:        0
HugePages_Rsvd:        0
HugePages_Surp:        0
Hugepagesize:       2048 kB
Hugetlb:               0 kB
DirectMap4k:     2466624 kB
DirectMap2M:    34230272 kB
DirectMap1G:    32505856 kB

/sys/kernel/mm/transparent_hugepage/enabled: always [madvise] never
/sys/kernel/mm/transparent_hugepage/defrag (defrag/compaction efforts parameter): always defer defer+madvise [madvise] never

Process Memory:
Virtual Size: 4447320K (peak: 4531004K)
Resident Set Size: 764804K (peak: 795528K) (anon: 567616K, file: 197188K, shmem: 0K)
Swapped out: 0K
C-Heap outstanding allocations: 40236K, retained: 8271K
glibc malloc tunables: (default)

/proc/sys/kernel/threads-max (system-wide limit on the number of threads): 514406
/proc/sys/vm/max_map_count (maximum number of memory map areas a process may have): 65530
/proc/sys/kernel/pid_max (system-wide limit on number of process identifiers): 4194304

container (cgroup) information:
container_type: cgroupv1
cpu_cpuset_cpus: 2-7
cpu_memory_nodes: 0
active_processor_count: 1
cpu_quota: 50000
cpu_period: 100000
cpu_shares: 512
memory_limit_in_bytes: 1048576 k
memory_and_swap_limit_in_bytes: 1048576 k
memory_soft_limit_in_bytes: 524288 k
memory_usage_in_bytes: 606372 k
memory_max_usage_in_bytes: 629228 k
maximum number of tasks: 1000
current number of tasks: 47

KVM virtualization detected
Steal ticks since vm start: 0
Steal ticks percentage since vm start:  0.000

CPU: total 8 (initial active 1) (8 cores per cpu, 2 threads per core) family 23 model 49 stepping 0 microcode 0xffffffff, cx8, cmov, fxsr, ht, mmx, 3dnowpref, sse, sse2, sse3, ssse3, sse4a, sse4.1, sse4.2, popcnt, lzcnt, tsc, tscinvbit, avx, avx2, aes, clmul, bmi1, bmi2, adx, sha, fma, vzeroupper, clflush, clflushopt, hv
CPU Model and flags from /proc/cpuinfo:
model name	: AMD EPYC 7B12
flags		: fpu vme de pse tsc msr pae mce cx8 apic sep mtrr pge mca cmov pat pse36 clflush mmx fxsr sse sse2 ht syscall nx mmxext fxsr_opt pdpe1gb rdtscp lm constant_tsc rep_good nopl nonstop_tsc cpuid extd_apicid tsc_known_freq pni pclmulqdq ssse3 fma cx16 sse4_1 sse4_2 movbe popcnt aes xsave avx f16c rdrand hypervisor lahf_lm cmp_legacy cr8_legacy abm sse4a misalignsse 3dnowprefetch osvw topoext ssbd ibrs ibpb stibp vmmcall fsgsbase tsc_adjust bmi1 avx2 smep bmi2 rdseed adx smap clflushopt clwb sha_ni xsaveopt xsavec xgetbv1 clzero xsaveerptr arat npt nrip_save umip rdpid

Online cpus: 0-7
Offline cpus: 
BIOS frequency limitation: <Not Available>
Frequency switch latency (ns): <Not Available>
Available cpu frequencies: <Not Available>
Current governor: <Not Available>
Core performance/turbo boost: <Not Available>

Memory: 4k page, physical 1048576k(442196k free), swap 0k(0k free)
Page Sizes: 4k

vm_info: OpenJDK 64-Bit Server VM (17.0.5+8-jvmci-22.3-b08) for linux-amd64 JRE (17.0.5+8-jvmci-22.3-b08), built on Oct 19 2022 09:01:27 by "buildslave" with gcc 10.3.0

END.
