#
# A fatal error has been detected by the Java Runtime Environment:
#
#  Internal Error (jvmciRuntime.cpp:1609), pid=27, tid=42
#  fatal error: Fatal exception in JVMCI: Error calling jdk.vm.ci.services.Services.serializeSavedProperties
#
# JRE version: OpenJDK Runtime Environment GraalVM CE 22.3.0 (17.0.5+8) (build 17.0.5+8-jvmci-22.3-b08)
# Java VM: OpenJDK 64-Bit Server VM GraalVM CE 22.3.0 (17.0.5+8-jvmci-22.3-b08, mixed mode, sharing, tiered, jvmci, jvmci compiler, compressed oops, compressed class ptrs, parallel gc, linux-amd64)
# Problematic frame:
# V  [libjvm.so+0x972714]  JVMCIRuntime::fatal_exception(JVMCIEnv*, char const*)+0x74
#
# Core dump will be written. Default location: Core dumps may be processed with "/usr/share/apport/apport -p%p -s%s -c%c -d%d -P%P -u%u -g%g -- %E" (or dumping to /home/runner/HelloWorld-2/core.27)
#
# If you would like to submit a bug report, please visit:
#   https://github.com/oracle/graal/issues
#

---------------  S U M M A R Y ------------

Command Line: -XX:ThreadPriorityPolicy=1 -XX:+UnlockExperimentalVMOptions -XX:+EnableJVMCIProduct -XX:JVMCIThreadsPerNativeLibraryRuntime=1 -XX:-UnlockExperimentalVMOptions -Declipse.application=org.eclipse.jdt.ls.core.id1 -Dosgi.bundles.defaultStartLevel=4 -Declipse.product=org.eclipse.jdt.ls.core.product -Dlog.level=ALL -Xverify:none -XX:+UseParallelGC -XX:GCTimeRatio=4 -XX:AdaptiveSizePolicyWeight=90 -Dsun.zip.disableMemoryMapping=true -Xmx512m -Xms100m /nix/store/m6gcpi1ii6rghy04cjwjddcavv7i90df-jdt-language-server-1.9.0/share/java/plugins/org.eclipse.equinox.launcher_1.6.400.v20210924-0641.jar --add-modules=ALL-SYSTEM --add-opens java.base/java.util=ALL-UNNAMED --add-opens java.base/java.lang=ALL-UNNAMED -configuration /home/runner/.cache/jdt-language-server/config -data /home/runner/.cache/jdt-language-server/data/home/runner/HelloWorld-2

Host: AMD EPYC 7B12, 8 cores, 1G, Ubuntu 20.04.2 LTS
Time: Fri Mar 10 13:29:21 2023 UTC elapsed time: 1255.228131 seconds (0d 0h 20m 55s)

---------------  T H R E A D  ---------------

Current thread (0x00007f9d580b2210):  JavaThread "JVMCI-native CompilerThread0" daemon [_thread_in_vm, id=42, stack(0x00007f9d3da1a000,0x00007f9d3dc1a000)]


Current CompileTask:
JVMCI-native:1255228 6885       4       java.io.DataOutputStream::writeUTF (7 bytes)

Stack: [0x00007f9d3da1a000,0x00007f9d3dc1a000],  sp=0x00007f9d3dc18380,  free space=2040k
Native frames: (J=compiled Java code, j=interpreted, Vv=VM code, C=native code)
V  [libjvm.so+0x972714]  JVMCIRuntime::fatal_exception(JVMCIEnv*, char const*)+0x74
V  [libjvm.so+0x93e2fe]  JVMCIEnv::copy_saved_properties()+0x14e
V  [libjvm.so+0x9732a9]  JVMCIRuntime::initialize(JVMCIEnv*)+0xb19
V  [libjvm.so+0x9738a2]  JVMCIRuntime::get_HotSpotJVMCIRuntime(JVMCIEnv*)+0x12
V  [libjvm.so+0x9749f2]  JVMCIRuntime::compile_method(JVMCIEnv*, JVMCICompiler*, methodHandle const&, int)+0xd2
V  [libjvm.so+0x5b0d20]  CompileBroker::invoke_compiler_on_method(CompileTask*)+0x1470
V  [libjvm.so+0x5b12e8]  CompileBroker::compiler_thread_loop()+0x528
V  [libjvm.so+0xd82460]  JavaThread::thread_main_inner()+0xd0
V  [libjvm.so+0xd85a40]  Thread::call_run()+0xc0
V  [libjvm.so+0xbdb1e1]  thread_native_entry(Thread*)+0xe1

Register to memory mapping:

RAX=0x00007f9d5d732000 points into unknown readable memory: 0x0000000000000058 | 58 00 00 00 00 00 00 00
RBX=0x00007f9d5e82d398: <offset 0x0000000000ef5398> in /nix/store/gpxl5qgg8kicmcvivwmybwjlpf7wh20l-graalvm17-ce-22.3.0/lib/server/libjvm.so at 0x00007f9d5d938000
RCX=0x00007f9d5e7e51e8: <offset 0x0000000000ead1e8> in /nix/store/gpxl5qgg8kicmcvivwmybwjlpf7wh20l-graalvm17-ce-22.3.0/lib/server/libjvm.so at 0x00007f9d5d938000
RDX=0x0000000000000649 is an unknown value
RSP=0x00007f9d3dc18380 is pointing into the stack for thread: 0x00007f9d580b2210
RBP=0x00007f9d3dc183a0 is pointing into the stack for thread: 0x00007f9d580b2210
RSI=0x00007f9d5e82dc48: <offset 0x0000000000ef5c48> in /nix/store/gpxl5qgg8kicmcvivwmybwjlpf7wh20l-graalvm17-ce-22.3.0/lib/server/libjvm.so at 0x00007f9d5d938000
RDI=0x00000000e0000000 is an oop: java.lang.String 
{0x00000000e0000000} - klass: 'java/lang/String'
 - string: "org.eclipse.osgi.container.ModuleContainer$ContainerStartLevel"
R8 =0x00007f9d5e82d398: <offset 0x0000000000ef5398> in /nix/store/gpxl5qgg8kicmcvivwmybwjlpf7wh20l-graalvm17-ce-22.3.0/lib/server/libjvm.so at 0x00007f9d5d938000
R9 =0x0000000000000003 is an unknown value
R10=0x00007f9d5eb7eda0: <offset 0x0000000001246da0> in /nix/store/gpxl5qgg8kicmcvivwmybwjlpf7wh20l-graalvm17-ce-22.3.0/lib/server/libjvm.so at 0x00007f9d5d938000
R11=0x000000080044f048 is pointing into metadata
R12=0x0 is NULL
R13=0x00007f9d580b2210 is a thread
R14=0x00007f9d58000b80 points into unknown readable memory: 0x00007f9d5ea5ea38 | 38 ea a5 5e 9d 7f 00 00
R15=0x00007f9d5eb6ce40: <offset 0x0000000001234e40> in /nix/store/gpxl5qgg8kicmcvivwmybwjlpf7wh20l-graalvm17-ce-22.3.0/lib/server/libjvm.so at 0x00007f9d5d938000


Registers:
RAX=0x00007f9d5d732000, RBX=0x00007f9d5e82d398, RCX=0x00007f9d5e7e51e8, RDX=0x0000000000000649
RSP=0x00007f9d3dc18380, RBP=0x00007f9d3dc183a0, RSI=0x00007f9d5e82dc48, RDI=0x00000000e0000000
R8 =0x00007f9d5e82d398, R9 =0x0000000000000003, R10=0x00007f9d5eb7eda0, R11=0x000000080044f048
R12=0x0000000000000000, R13=0x00007f9d580b2210, R14=0x00007f9d58000b80, R15=0x00007f9d5eb6ce40
RIP=0x00007f9d5e2aa714, EFLAGS=0x0000000000010206, CSGSFS=0x002b000000000033, ERR=0x0000000000000006
  TRAPNO=0x000000000000000e

Top of Stack: (sp=0x00007f9d3dc18380)
0x00007f9d3dc18380:   00007f9d3dc18940 00007f9d580b2210
0x00007f9d3dc18390:   00007f9d5c0c38c8 0000000800c417a0
0x00007f9d3dc183a0:   00007f9d3dc18500 00007f9d5e2762fe
0x00007f9d3dc183b0:   00007f9d3dc183e0 00007f9d3dc18440 

Instructions: (pc=0x00007f9d5e2aa714)
0x00007f9d5e2aa614:   30 e8 f6 cf e8 ff 4c 89 e7 e8 2e 48 d1 ff 84 db
0x00007f9d5e2aa624:   75 2a 4d 85 ed 74 04 4d 8b 6d 00 48 83 c4 08 44
0x00007f9d5e2aa634:   89 f9 4c 89 f2 4c 89 ee 5b 4c 89 e7 41 5c 41 5d
0x00007f9d5e2aa644:   41 5e 41 5f 5d e9 e2 47 d1 ff 66 90 48 83 c4 08
0x00007f9d5e2aa654:   5b 41 5c 41 5d 41 5e 41 5f 5d c3 90 31 d2 be 08
0x00007f9d5e2aa664:   00 00 00 4c 89 ff e8 b1 78 a3 ff 49 89 c5 e9 37
0x00007f9d5e2aa674:   ff ff ff 66 0f 1f 84 00 00 00 00 00 48 8b 7a 08
0x00007f9d5e2aa684:   e9 6d ff ff ff 0f 1f 80 00 00 00 00 e8 5b 48 0a
0x00007f9d5e2aa694:   00 84 c0 75 89 e9 6a ff ff ff 66 90 55 48 89 e5
0x00007f9d5e2aa6a4:   41 56 41 55 41 54 49 89 fc 53 48 89 f3 66 48 8d
0x00007f9d5e2aa6b4:   3d 27 5e 85 00 66 66 48 e8 df 43 8d ff 4c 8b 28
0x00007f9d5e2aa6c4:   8b 05 be 72 8a 00 85 c0 75 14 ba 01 00 00 00 48
0x00007f9d5e2aa6d4:   8d 0d ae 72 8a 00 f0 0f b1 11 85 c0 74 4e be c8
0x00007f9d5e2aa6e4:   00 00 00 4c 89 ef e8 01 0b 41 00 48 8d 05 12 ac
0x00007f9d5e2aa6f4:   85 00 49 89 d8 48 8d 0d e8 aa 53 00 ba 49 06 00
0x00007f9d5e2aa704:   00 48 8d 35 3c 35 58 00 bf 00 00 00 e0 48 8b 00
0x00007f9d5e2aa714:   c6 00 58 31 c0 e8 e2 91 c6 ff 5b 41 5c 41 5d 41
0x00007f9d5e2aa724:   5e 5d e9 55 34 26 00 0f 1f 44 00 00 48 8d 05 81
0x00007f9d5e2aa734:   a3 8b 00 48 89 df 4c 8b 30 e8 9e 43 8d ff 48 89
0x00007f9d5e2aa744:   de 48 89 c2 49 8b 06 4c 89 f7 ff 50 08 4c 89 f7
0x00007f9d5e2aa754:   e8 a7 5c 27 00 4d 85 e4 74 12 be 01 00 00 00 4c
0x00007f9d5e2aa764:   89 e7 e8 35 43 fc ff eb 82 0f 1f 00 be 01 00 00
0x00007f9d5e2aa774:   00 4c 89 ef e8 d3 fd ff ff e9 6d ff ff ff 66 66
0x00007f9d5e2aa784:   2e 0f 1f 84 00 00 00 00 00 0f 1f 00 55 48 89 e5
0x00007f9d5e2aa794:   41 57 41 56 41 55 41 54 53 48 81 ec 08 02 00 00
0x00007f9d5e2aa7a4:   64 48 8b 04 25 28 00 00 00 48 89 45 c8 8b 07 83
0x00007f9d5e2aa7b4:   f8 02 0f 84 11 04 00 00 4c 8b 6f 18 49 89 ff 49
0x00007f9d5e2aa7c4:   89 f4 4d 85 ed 74 14 4c 89 ef e8 5d 57 22 00 41
0x00007f9d5e2aa7d4:   8b 07 83 f8 02 0f 84 19 04 00 00 48 8d 1d 9a 06
0x00007f9d5e2aa7e4:   8a 00 4c 8d 35 0b 3c 58 00 eb 38 90 48 85 d2 7f
0x00007f9d5e2aa7f4:   0d 48 8d 05 b4 c0 85 00 48 83 38 00 7e 0e 41 8b
0x00007f9d5e2aa804:   77 2c 4c 89 f7 31 c0 e8 a0 b2 f7 ff 49 8b 7f 18 


Stack slot to memory mapping:
stack at sp + 0 slots: 0x00007f9d3dc18940 is pointing into the stack for thread: 0x00007f9d580b2210
stack at sp + 1 slots: 0x00007f9d580b2210 is a thread
stack at sp + 2 slots: 0x00007f9d5c0c38c8 points into unknown readable memory: 0x6573001880c9ffff | ff ff c9 80 18 00 73 65
stack at sp + 3 slots: 0x0000000800c417a0 is a pointer to class: 
jdk.vm.ci.services.Services {0x0000000800c417a0}
 - instance size:     2
 - klass size:        65
 - access:            public final synchronized 
 - state:             fully_initialized
 - name:              'jdk/vm/ci/services/Services'
 - super:             'java/lang/Object'
 - sub:               
 - arrays:            NULL
 - methods:           Array<T>(0x00007f9d3e441210)
 - method ordering:   Array<T>(0x0000000800928960)
 - default_methods:   Array<T>(0x0000000000000000)
 - local interfaces:  Array<T>(0x00000008005ce810)
 - trans. interfaces: Array<T>(0x00000008005ce810)
 - constants:         constant pool [427] {0x00007f9d3e4402f0} for 'jdk/vm/ci/services/Services' cache=0x00007f9d3e4424e0
 - class loader data:  loader data: 0x00007f9d580283f0 of 'bootstrap'
 - source file:       'Services.java'
 - class annotations:       Array<T>(0x0000000000000000)
 - class type annotations:  Array<T>(0x0000000000000000)
 - field annotations:       Array<T>(0x0000000000000000)
 - field type annotations:  Array<T>(0x0000000000000000)
 - inner classes:     Array<T>(0x00007f9d3e4424b0)
 - nest members:     Array<T>(0x00007f9d3e4424d0)
 - permitted subclasses:     Array<T>(0x00000008005ce7a0)
 - java mirror:       a 'java/lang/Class'{0x00000000e017a620} = 'jdk/vm/ci/services/Services'
 - vtable length      5  (start addr: 0x0000000800c41970)
 - itable length      2 (start addr: 0x0000000800c41998)
 - ---- static fields (3 words):
 - public static final 'IS_BUILDING_NATIVE_IMAGE' 'Z' @128 
 - public static final 'IS_IN_NATIVE_IMAGE' 'Z' @129 
 - private static volatile 'savedProperties' 'Ljava/util/Map;' @112 
 - static final 'JVMCI_ENABLED' 'Z' @130 
 - private static final 'servicesCache' 'Ljava/util/Map;' @116 
 - private static final 'MAX_UNICODE_IN_UTF8_LENGTH' 'I' @120 
 - private static final 'MAX_UTF8_PROPERTY_STRING_LENGTH' 'I' @124 
 - ---- non-static fields (0 words):
 - non-static oop maps: 
stack at sp + 4 slots: 0x00007f9d3dc18500 is pointing into the stack for thread: 0x00007f9d580b2210
stack at sp + 5 slots: 0x00007f9d5e2762fe: <offset 0x000000000093e2fe> in /nix/store/gpxl5qgg8kicmcvivwmybwjlpf7wh20l-graalvm17-ce-22.3.0/lib/server/libjvm.so at 0x00007f9d5d938000
stack at sp + 6 slots: 0x00007f9d3dc183e0 is pointing into the stack for thread: 0x00007f9d580b2210
stack at sp + 7 slots: 0x00007f9d3dc18440 is pointing into the stack for thread: 0x00007f9d580b2210


---------------  P R O C E S S  ---------------

Threads class SMR info:
_java_thread_list=0x00007f9cc8140dc0, length=26, elements={
0x00007f9d58026690, 0x00007f9d580a64d0, 0x00007f9d580a7910, 0x00007f9d580ae080,
0x00007f9d580af430, 0x00007f9d580b0820, 0x00007f9d580b2210, 0x00007f9d580b3720,
0x00007f9d580b4b70, 0x00007f9d580d8880, 0x00007f9d58120100, 0x00007f9d5832bc40,
0x00007f9d5835eab0, 0x00007f9d583611d0, 0x00007f9d58345f50, 0x00007f9cec017250,
0x00007f9cec2a29a0, 0x00007f9ce00010d0, 0x00007f9cec485220, 0x00007f9cec614930,
0x00007f9d583ab6b0, 0x00007f9cd4001ca0, 0x00007f9d584b5950, 0x00007f9cc4001130,
0x00007f9cd40940a0, 0x00007f9cc8167690
}

Java Threads: ( => current thread )
  0x00007f9d58026690 JavaThread "main" [_thread_blocked, id=34, stack(0x00007f9d5d753000,0x00007f9d5d853000)]
  0x00007f9d580a64d0 JavaThread "Reference Handler" daemon [_thread_blocked, id=37, stack(0x00007f9d3e300000,0x00007f9d3e400000)]
  0x00007f9d580a7910 JavaThread "Finalizer" daemon [_thread_blocked, id=38, stack(0x00007f9d3e200000,0x00007f9d3e300000)]
  0x00007f9d580ae080 JavaThread "Signal Dispatcher" daemon [_thread_blocked, id=39, stack(0x00007f9d3de1a000,0x00007f9d3df1a000)]
  0x00007f9d580af430 JavaThread "Service Thread" daemon [_thread_blocked, id=40, stack(0x00007f9d3dd1a000,0x00007f9d3de1a000)]
  0x00007f9d580b0820 JavaThread "Monitor Deflation Thread" daemon [_thread_blocked, id=41, stack(0x00007f9d3dc1a000,0x00007f9d3dd1a000)]
=>0x00007f9d580b2210 JavaThread "JVMCI-native CompilerThread0" daemon [_thread_in_vm, id=42, stack(0x00007f9d3da1a000,0x00007f9d3dc1a000)]
  0x00007f9d580b3720 JavaThread "C1 CompilerThread0" daemon [_thread_blocked, id=43, stack(0x00007f9d3d81a000,0x00007f9d3da1a000)]
  0x00007f9d580b4b70 JavaThread "Sweeper thread" daemon [_thread_blocked, id=44, stack(0x00007f9d3d71a000,0x00007f9d3d81a000)]
  0x00007f9d580d8880 JavaThread "Common-Cleaner" daemon [_thread_blocked, id=46, stack(0x00007f9d3d61a000,0x00007f9d3d71a000)]
  0x00007f9d58120100 JavaThread "Notification Thread" daemon [_thread_blocked, id=50, stack(0x00007f9d3d51a000,0x00007f9d3d61a000)]
  0x00007f9d5832bc40 JavaThread "Active Thread: Equinox Container: 640ed14a-1c57-4f47-af21-9b5623cbda9e" [_thread_blocked, id=63, stack(0x00007f9d3c100000,0x00007f9d3c200000)]
  0x00007f9d5835eab0 JavaThread "Framework Event Dispatcher: Equinox Container: 640ed14a-1c57-4f47-af21-9b5623cbda9e" daemon [_thread_blocked, id=64, stack(0x00007f9d05b00000,0x00007f9d05c00000)]
  0x00007f9d583611d0 JavaThread "Start Level: Equinox Container: 640ed14a-1c57-4f47-af21-9b5623cbda9e" daemon [_thread_blocked, id=65, stack(0x00007f9d05900000,0x00007f9d05a00000)]
  0x00007f9d58345f50 JavaThread "Refresh Thread: Equinox Container: 640ed14a-1c57-4f47-af21-9b5623cbda9e" daemon [_thread_blocked, id=66, stack(0x00007f9d05700000,0x00007f9d05800000)]
  0x00007f9cec017250 JavaThread "SCR Component Actor" daemon [_thread_blocked, id=75, stack(0x00007f9d05500000,0x00007f9d05600000)]
  0x00007f9cec2a29a0 JavaThread "Worker-JM" [_thread_blocked, id=85, stack(0x00007f9d05100000,0x00007f9d05200000)]
  0x00007f9ce00010d0 JavaThread "Worker-1: Periodic workspace save." [_thread_blocked, id=87, stack(0x00007f9d04d00000,0x00007f9d04e00000)]
  0x00007f9cec485220 JavaThread "Java indexing" daemon [_thread_blocked, id=88, stack(0x00007f9d04b00000,0x00007f9d04c00000)]
  0x00007f9cec614930 JavaThread "Bundle File Closer" daemon [_thread_blocked, id=89, stack(0x00007f9d04900000,0x00007f9d04a00000)]
  0x00007f9d583ab6b0 JavaThread "pool-3-thread-1" [_thread_blocked, id=98, stack(0x00007f9d04700000,0x00007f9d04800000)]
  0x00007f9cd4001ca0 JavaThread "Worker-2: Java indexing... " [_thread_blocked, id=99, stack(0x00007f9d04500000,0x00007f9d04600000)]
  0x00007f9d584b5950 JavaThread "pool-2-thread-1" [_thread_in_native, id=100, stack(0x00007f9d04300000,0x00007f9d04400000)]
  0x00007f9cc4001130 JavaThread "Worker-3" [_thread_blocked, id=101, stack(0x00007f9d04100000,0x00007f9d04200000)]
  0x00007f9cd40940a0 JavaThread "Worker-6" [_thread_blocked, id=1167, stack(0x00007f9d04f00000,0x00007f9d05000000)]
  0x00007f9cc8167690 JavaThread "Thread-3" [_thread_blocked, id=3501, stack(0x00007f9d03f00000,0x00007f9d04000000)]

Other Threads:
  0x00007f9d580a1c10 VMThread "VM Thread" [stack: 0x00007f9d3ecdd000,0x00007f9d3eddd000] [id=36] _threads_hazard_ptr=0x00007f9cc8140dc0
  0x00007f9d58121aa0 WatcherThread [stack: 0x00007f9d3d41a000,0x00007f9d3d51a000] [id=51]
  0x00007f9d5803df30 GCTaskThread "GC Thread#0" [stack: 0x00007f9d5d316000,0x00007f9d5d416000] [id=35]

Threads with active compile tasks:
JVMCI-native CompilerThread0  1255448 6885       4       java.io.DataOutputStream::writeUTF (7 bytes)

VM state: synchronizing (normal execution)

VM Mutex/Monitor currently owned by a thread:  ([mutex/lock_event])
[0x00007f9d58023840] Threads_lock - owner thread: 0x00007f9d580a1c10
[0x00007f9d58023ff0] Heap_lock - owner thread: 0x00007f9cc8167690

OutOfMemory and StackOverflow Exception counts:
OutOfMemoryError java_heap_errors=1
LinkageErrors=52

Heap address: 0x00000000e0000000, size: 512 MB, Compressed Oops mode: 32-bit

CDS archive(s) mapped at: [0x0000000800000000-0x0000000800bc8000-0x0000000800bc8000), size 12353536, SharedBaseAddress: 0x0000000800000000, ArchiveRelocationMode: 0.
Compressed class space mapped at: 0x0000000800c00000-0x0000000840c00000, reserved size: 1073741824
Narrow klass base: 0x0000000800000000, Narrow klass shift: 0, Narrow klass range: 0x100000000

GC Precious Log:
 CPUs: 8 total, 1 available
 Memory: 1024M
 Large Page Support: Disabled
 NUMA Support: Disabled
 Compressed Oops: Enabled (32-bit)
 Alignments: Space 512K, Generation 512K, Heap 2M
 Heap Min Capacity: 100M
 Heap Initial Capacity: 100M
 Heap Max Capacity: 512M
 Pre-touch: Disabled
 Parallel Workers: 1

Heap:
 PSYoungGen      total 59904K, used 44032K [0x00000000f5580000, 0x00000000fa380000, 0x0000000100000000)
  eden space 44032K, 100% used [0x00000000f5580000,0x00000000f8080000,0x00000000f8080000)
  from space 15872K, 0% used [0x00000000f8080000,0x00000000f8080000,0x00000000f9000000)
  to   space 13824K, 0% used [0x00000000f9600000,0x00000000f9600000,0x00000000fa380000)
 ParOldGen       total 349696K, used 349695K [0x00000000e0000000, 0x00000000f5580000, 0x00000000f5580000)
  object space 349696K, 99% used [0x00000000e0000000,0x00000000f557fe28,0x00000000f5580000)
 Metaspace       used 53421K, committed 54336K, reserved 1105920K
  class space    used 5399K, committed 5760K, reserved 1048576K

Card table byte_map: [0x00007f9d5d416000,0x00007f9d5d517000] _byte_map_base: 0x00007f9d5cd16000

Marking Bits: (ParMarkBitMap*) 0x00007f9d5eb664c0
 Begin Bits: [0x00007f9d5c269000, 0x00007f9d5ca69000)
 End Bits:   [0x00007f9d5ca69000, 0x00007f9d5d269000)

Polling page: 0x00007f9d5d730000

Metaspace:

Usage:
  Non-class:     46.90 MB used.
      Class:      5.27 MB used.
       Both:     52.17 MB used.

Virtual space:
  Non-class space:       56.00 MB reserved,      47.44 MB ( 85%) committed,  7 nodes.
      Class space:        1.00 GB reserved,       5.62 MB ( <1%) committed,  1 nodes.
             Both:        1.05 GB reserved,      53.06 MB (  5%) committed. 

Chunk freelists:
   Non-Class:  3.81 MB
       Class:  2.41 MB
        Both:  6.22 MB

MaxMetaspaceSize: unlimited
CompressedClassSpaceSize: 1.00 GB
Initial GC threshold: 21.00 MB
Current GC threshold: 88.25 MB
CDS: on
MetaspaceReclaimPolicy: balanced
 - commit_granule_bytes: 65536.
 - commit_granule_words: 8192.
 - virtual_space_node_default_size: 1048576.
 - enlarge_chunks_in_place: 1.
 - new_chunks_are_fully_committed: 0.
 - uncommit_free_chunks: 1.
 - use_allocation_guard: 0.
 - handle_deallocations: 1.


Internal statistics:

num_allocs_failed_limit: 6.
num_arena_births: 360.
num_arena_deaths: 74.
num_vsnodes_births: 8.
num_vsnodes_deaths: 0.
num_space_committed: 848.
num_space_uncommitted: 0.
num_chunks_returned_to_freelist: 101.
num_chunks_taken_from_freelist: 2336.
num_chunk_merges: 37.
num_chunk_splits: 1546.
num_chunks_enlarged: 1015.
num_purges: 8.
num_inconsistent_stats: 0.

CodeHeap 'non-profiled nmethods': size=120036Kb used=2232Kb max_used=2232Kb free=117803Kb
 bounds [0x00007f9d46f7a000, 0x00007f9d471ea000, 0x00007f9d4e4b3000]
CodeHeap 'profiled nmethods': size=120032Kb used=11023Kb max_used=13520Kb free=109008Kb
 bounds [0x00007f9d3fa42000, 0x00007f9d40782000, 0x00007f9d46f7a000]
CodeHeap 'non-nmethods': size=5692Kb used=1376Kb max_used=1395Kb free=4315Kb
 bounds [0x00007f9d3f4b3000, 0x00007f9d3f723000, 0x00007f9d3fa42000]
 total_blobs=5858 nmethods=5150 adapters=612
 compilation: enabled
              stopped_count=0, restarted_count=0
 full_count=0

JVMCI Events (20 events):
Event: 798.467 Thread 0x00007f9d580b2210 compacted oop handles in JVMCI runtime 0 from 53 to 53
Event: 798.467 Thread 0x00007f9d580b2210 releasing handles for JVMCI runtime 0: oop handles=53, metadata handles={total=96, live=93, blocks=38}
Event: 798.467 Thread 0x00007f9d580b2210 detached from JVMCI runtime 0
Event: 1112.560 Thread 0x00007f9d580b2210 attached to JVMCI runtime 0
Event: 1112.561 Thread 0x00007f9d580b2210 created JavaVM[7]@0x00007f9d0379e340 for JVMCI runtime 0
Event: 1113.966 Thread 0x00007f9d580b2210 initializing JVMCI runtime 0
Event: 1113.966 Thread 0x00007f9d580b2210 done waiting for JavaVM references initialization in JVMCI runtime 0
Event: 1132.735 Thread 0x00007f9d580b2210 initialized JVMCI runtime 0
Event: 1139.220 Thread 0x00007f9d580b2210 compacted oop handles in JVMCI runtime 0 from 43 to 42
Event: 1140.529 Thread 0x00007f9d580b2210 detaching from JVMCI runtime 0: releasing idle compiler thread (0 other threads still attached)
Event: 1140.529 Thread 0x00007f9d580b2210 shutting down HotSpotJVMCIRuntime for JVMCI runtime 0
Event: 1140.529 Thread 0x00007f9d580b2210 shut down JVMCI runtime 0
Event: 1141.835 Thread 0x00007f9d580b2210 destroyed JavaVM[7]@0x00007f9d0379e340 for JVMCI runtime 0
Event: 1141.835 Thread 0x00007f9d580b2210 compacted oop handles in JVMCI runtime 0 from 42 to 42
Event: 1141.835 Thread 0x00007f9d580b2210 releasing handles for JVMCI runtime 0: oop handles=42, metadata handles={total=87, live=76, blocks=38}
Event: 1141.835 Thread 0x00007f9d580b2210 detached from JVMCI runtime 0
Event: 1239.933 Thread 0x00007f9d580b2210 attached to JVMCI runtime 0
Event: 1239.938 Thread 0x00007f9d580b2210 created JavaVM[8]@0x00007f9d0379e340 for JVMCI runtime 0
Event: 1239.938 Thread 0x00007f9d580b2210 initializing JVMCI runtime 0
Event: 1239.938 Thread 0x00007f9d580b2210 done waiting for JavaVM references initialization in JVMCI runtime 0

Compilation events (20 events):
Event: 1078.357 Thread 0x00007f9d580b3720 nmethod 6876 0x00007f9d3fbcde10 code [0x00007f9d3fbcdfa0, 0x00007f9d3fbce090]
Event: 1091.454 Thread 0x00007f9d580b3720 6878       3       java.text.MessageFormat::subformat (542 bytes)
Event: 1098.938 Thread 0x00007f9d580b3720 nmethod 6878 0x00007f9d404e2e10 code [0x00007f9d404e3460, 0x00007f9d404e92c0]
Event: 1098.938 Thread 0x00007f9d580b3720 6877       3       java.text.MessageFormat::format (12 bytes)
Event: 1100.339 Thread 0x00007f9d580b3720 nmethod 6877 0x00007f9d40367e10 code [0x00007f9d40367fc0, 0x00007f9d40368360]
Event: 1100.339 Thread 0x00007f9d580b3720 6879       3       java.util.concurrent.ScheduledThreadPoolExecutor$DelayedWorkQueue::setIndex (16 bytes)
Event: 1100.340 Thread 0x00007f9d580b3720 nmethod 6879 0x00007f9d40043f90 code [0x00007f9d40044140, 0x00007f9d40044710]
Event: 1109.728 Thread 0x00007f9d580b3720 6880       1       java.util.concurrent.ThreadPoolExecutor::getQueue (5 bytes)
Event: 1109.728 Thread 0x00007f9d580b3720 nmethod 6880 0x00007f9d471a7d90 code [0x00007f9d471a7f20, 0x00007f9d471a7ff0]
Event: 1112.560 Thread 0x00007f9d580b2210 6881       4       org.eclipse.core.runtime.Assert::isNotNull (7 bytes)
Event: 1120.829 Thread 0x00007f9d580b3720 6882       3       java.util.concurrent.locks.AbstractQueuedSynchronizer$ConditionObject::canReacquire (28 bytes)
Event: 1123.558 Thread 0x00007f9d580b3720 nmethod 6882 0x00007f9d40473690 code [0x00007f9d40473840, 0x00007f9d40473b90]
Event: 1123.558 Thread 0x00007f9d580b3720 6883       3       java.util.concurrent.locks.AbstractQueuedSynchronizer::acquireShared (20 bytes)
Event: 1123.559 Thread 0x00007f9d580b3720 nmethod 6883 0x00007f9d40524e10 code [0x00007f9d40524fc0, 0x00007f9d40525390]
Event: 1139.220 Thread 0x00007f9d580b2210 nmethod 6881 0x00007f9d471a8090 code [0x00007f9d471a8200, 0x00007f9d471a8250]
Event: 1180.236 Thread 0x00007f9d580b3720 6884       3       org.eclipse.core.internal.localstore.SafeChunkyOutputStream::write (22 bytes)
Event: 1180.236 Thread 0x00007f9d580b3720 nmethod 6884 0x00007f9d3fa66490 code [0x00007f9d3fa66640, 0x00007f9d3fa66a10]
Event: 1239.933 Thread 0x00007f9d580b2210 6885       4       java.io.DataOutputStream::writeUTF (7 bytes)
Event: 1250.375 Thread 0x00007f9d580b3720 6886       3       java.util.concurrent.locks.AbstractQueuedSynchronizer$Node::<init> (5 bytes)
Event: 1250.375 Thread 0x00007f9d580b3720 nmethod 6886 0x00007f9d3fbda210 code [0x00007f9d3fbda3c0, 0x00007f9d3fbda510]

GC Heap History (20 events):
Event: 1238.207 GC heap before
{Heap before GC invocations=953 (full 827):
 PSYoungGen      total 59904K, used 44032K [0x00000000f5580000, 0x00000000fa380000, 0x0000000100000000)
  eden space 44032K, 100% used [0x00000000f5580000,0x00000000f8080000,0x00000000f8080000)
  from space 15872K, 0% used [0x00000000f8080000,0x00000000f8080000,0x00000000f9000000)
  to   space 13824K, 0% used [0x00000000f9600000,0x00000000f9600000,0x00000000fa380000)
 ParOldGen       total 349696K, used 349694K [0x00000000e0000000, 0x00000000f5580000, 0x00000000f5580000)
  object space 349696K, 99% used [0x00000000e0000000,0x00000000f557f8a0,0x00000000f5580000)
 Metaspace       used 53420K, committed 54336K, reserved 1105920K
  class space    used 5399K, committed 5760K, reserved 1048576K
}
Event: 1239.933 GC heap after
{Heap after GC invocations=953 (full 827):
 PSYoungGen      total 57856K, used 44032K [0x00000000f5580000, 0x00000000fa380000, 0x0000000100000000)
  eden space 44032K, 100% used [0x00000000f5580000,0x00000000f8080000,0x00000000f8080000)
  from space 13824K, 0% used [0x00000000f9600000,0x00000000f9600000,0x00000000fa380000)
  to   space 15872K, 0% used [0x00000000f8080000,0x00000000f8080000,0x00000000f9000000)
 ParOldGen       total 349696K, used 349694K [0x00000000e0000000, 0x00000000f5580000, 0x00000000f5580000)
  object space 349696K, 99% used [0x00000000e0000000,0x00000000f557f8a0,0x00000000f5580000)
 Metaspace       used 53420K, committed 54336K, reserved 1105920K
  class space    used 5399K, committed 5760K, reserved 1048576K
}
Event: 1239.938 GC heap before
{Heap before GC invocations=954 (full 828):
 PSYoungGen      total 57856K, used 44032K [0x00000000f5580000, 0x00000000fa380000, 0x0000000100000000)
  eden space 44032K, 100% used [0x00000000f5580000,0x00000000f8080000,0x00000000f8080000)
  from space 13824K, 0% used [0x00000000f9600000,0x00000000f9600000,0x00000000fa380000)
  to   space 15872K, 0% used [0x00000000f8080000,0x00000000f8080000,0x00000000f9000000)
 ParOldGen       total 349696K, used 349695K [0x00000000e0000000, 0x00000000f5580000, 0x00000000f5580000)
  object space 349696K, 99% used [0x00000000e0000000,0x00000000f557fff8,0x00000000f5580000)
 Metaspace       used 53421K, committed 54336K, reserved 1105920K
  class space    used 5399K, committed 5760K, reserved 1048576K
}
Event: 1241.670 GC heap after
{Heap after GC invocations=954 (full 828):
 PSYoungGen      total 59904K, used 44031K [0x00000000f5580000, 0x00000000fa380000, 0x0000000100000000)
  eden space 44032K, 99% used [0x00000000f5580000,0x00000000f807fe18,0x00000000f8080000)
  from space 15872K, 0% used [0x00000000f8080000,0x00000000f8080000,0x00000000f9000000)
  to   space 13824K, 0% used [0x00000000f9600000,0x00000000f9600000,0x00000000fa380000)
 ParOldGen       total 349696K, used 349693K [0x00000000e0000000, 0x00000000f5580000, 0x00000000f5580000)
  object space 349696K, 99% used [0x00000000e0000000,0x00000000f557f7d0,0x00000000f5580000)
 Metaspace       used 53421K, committed 54336K, reserved 1105920K
  class space    used 5399K, committed 5760K, reserved 1048576K
}
Event: 1241.671 GC heap before
{Heap before GC invocations=955 (full 829):
 PSYoungGen      total 59904K, used 44031K [0x00000000f5580000, 0x00000000fa380000, 0x0000000100000000)
  eden space 44032K, 99% used [0x00000000f5580000,0x00000000f807fff0,0x00000000f8080000)
  from space 15872K, 0% used [0x00000000f8080000,0x00000000f8080000,0x00000000f9000000)
  to   space 13824K, 0% used [0x00000000f9600000,0x00000000f9600000,0x00000000fa380000)
 ParOldGen       total 349696K, used 349693K [0x00000000e0000000, 0x00000000f5580000, 0x00000000f5580000)
  object space 349696K, 99% used [0x00000000e0000000,0x00000000f557f7d0,0x00000000f5580000)
 Metaspace       used 53421K, committed 54336K, reserved 1105920K
  class space    used 5399K, committed 5760K, reserved 1048576K
}
Event: 1243.569 GC heap after
{Heap after GC invocations=955 (full 829):
 PSYoungGen      total 57856K, used 44031K [0x00000000f5580000, 0x00000000fa380000, 0x0000000100000000)
  eden space 44032K, 99% used [0x00000000f5580000,0x00000000f807fe18,0x00000000f8080000)
  from space 13824K, 0% used [0x00000000f9600000,0x00000000f9600000,0x00000000fa380000)
  to   space 15872K, 0% used [0x00000000f8080000,0x00000000f8080000,0x00000000f9000000)
 ParOldGen       total 349696K, used 349693K [0x00000000e0000000, 0x00000000f5580000, 0x00000000f5580000)
  object space 349696K, 99% used [0x00000000e0000000,0x00000000f557f7d0,0x00000000f5580000)
 Metaspace       used 53421K, committed 54336K, reserved 1105920K
  class space    used 5399K, committed 5760K, reserved 1048576K
}
Event: 1243.571 GC heap before
{Heap before GC invocations=956 (full 830):
 PSYoungGen      total 57856K, used 44031K [0x00000000f5580000, 0x00000000fa380000, 0x0000000100000000)
  eden space 44032K, 99% used [0x00000000f5580000,0x00000000f807fff0,0x00000000f8080000)
  from space 13824K, 0% used [0x00000000f9600000,0x00000000f9600000,0x00000000fa380000)
  to   space 15872K, 0% used [0x00000000f8080000,0x00000000f8080000,0x00000000f9000000)
 ParOldGen       total 349696K, used 349693K [0x00000000e0000000, 0x00000000f5580000, 0x00000000f5580000)
  object space 349696K, 99% used [0x00000000e0000000,0x00000000f557f7d0,0x00000000f5580000)
 Metaspace       used 53421K, committed 54336K, reserved 1105920K
  class space    used 5399K, committed 5760K, reserved 1048576K
}
Event: 1245.265 GC heap after
{Heap after GC invocations=956 (full 830):
 PSYoungGen      total 59904K, used 44031K [0x00000000f5580000, 0x00000000fa380000, 0x0000000100000000)
  eden space 44032K, 99% used [0x00000000f5580000,0x00000000f807fe18,0x00000000f8080000)
  from space 15872K, 0% used [0x00000000f8080000,0x00000000f8080000,0x00000000f9000000)
  to   space 13824K, 0% used [0x00000000f9600000,0x00000000f9600000,0x00000000fa380000)
 ParOldGen       total 349696K, used 349693K [0x00000000e0000000, 0x00000000f5580000, 0x00000000f5580000)
  object space 349696K, 99% used [0x00000000e0000000,0x00000000f557f7d0,0x00000000f5580000)
 Metaspace       used 53421K, committed 54336K, reserved 1105920K
  class space    used 5399K, committed 5760K, reserved 1048576K
}
Event: 1245.266 GC heap before
{Heap before GC invocations=957 (full 831):
 PSYoungGen      total 59904K, used 44031K [0x00000000f5580000, 0x00000000fa380000, 0x0000000100000000)
  eden space 44032K, 99% used [0x00000000f5580000,0x00000000f807ffe8,0x00000000f8080000)
  from space 15872K, 0% used [0x00000000f8080000,0x00000000f8080000,0x00000000f9000000)
  to   space 13824K, 0% used [0x00000000f9600000,0x00000000f9600000,0x00000000fa380000)
 ParOldGen       total 349696K, used 349693K [0x00000000e0000000, 0x00000000f5580000, 0x00000000f5580000)
  object space 349696K, 99% used [0x00000000e0000000,0x00000000f557f7d0,0x00000000f5580000)
 Metaspace       used 53421K, committed 54336K, reserved 1105920K
  class space    used 5399K, committed 5760K, reserved 1048576K
}
Event: 1247.107 GC heap after
{Heap after GC invocations=957 (full 831):
 PSYoungGen      total 57856K, used 44031K [0x00000000f5580000, 0x00000000fa380000, 0x0000000100000000)
  eden space 44032K, 99% used [0x00000000f5580000,0x00000000f807ffc8,0x00000000f8080000)
  from space 13824K, 0% used [0x00000000f9600000,0x00000000f9600000,0x00000000fa380000)
  to   space 15872K, 0% used [0x00000000f8080000,0x00000000f8080000,0x00000000f9000000)
 ParOldGen       total 349696K, used 349693K [0x00000000e0000000, 0x00000000f5580000, 0x00000000f5580000)
  object space 349696K, 99% used [0x00000000e0000000,0x00000000f557f7d0,0x00000000f5580000)
 Metaspace       used 53421K, committed 54336K, reserved 1105920K
  class space    used 5399K, committed 5760K, reserved 1048576K
}
Event: 1247.108 GC heap before
{Heap before GC invocations=958 (full 832):
 PSYoungGen      total 57856K, used 44031K [0x00000000f5580000, 0x00000000fa380000, 0x0000000100000000)
  eden space 44032K, 99% used [0x00000000f5580000,0x00000000f807fff0,0x00000000f8080000)
  from space 13824K, 0% used [0x00000000f9600000,0x00000000f9600000,0x00000000fa380000)
  to   space 15872K, 0% used [0x00000000f8080000,0x00000000f8080000,0x00000000f9000000)
 ParOldGen       total 349696K, used 349693K [0x00000000e0000000, 0x00000000f5580000, 0x00000000f5580000)
  object space 349696K, 99% used [0x00000000e0000000,0x00000000f557f7d0,0x00000000f5580000)
 Metaspace       used 53421K, committed 54336K, reserved 1105920K
  class space    used 5399K, committed 5760K, reserved 1048576K
}
Event: 1248.882 GC heap after
{Heap after GC invocations=958 (full 832):
 PSYoungGen      total 59904K, used 44031K [0x00000000f5580000, 0x00000000fa380000, 0x0000000100000000)
  eden space 44032K, 99% used [0x00000000f5580000,0x00000000f807fe18,0x00000000f8080000)
  from space 15872K, 0% used [0x00000000f8080000,0x00000000f8080000,0x00000000f9000000)
  to   space 13824K, 0% used [0x00000000f9600000,0x00000000f9600000,0x00000000fa380000)
 ParOldGen       total 349696K, used 349693K [0x00000000e0000000, 0x00000000f5580000, 0x00000000f5580000)
  object space 349696K, 99% used [0x00000000e0000000,0x00000000f557f7d0,0x00000000f5580000)
 Metaspace       used 53421K, committed 54336K, reserved 1105920K
  class space    used 5399K, committed 5760K, reserved 1048576K
}
Event: 1248.883 GC heap before
{Heap before GC invocations=959 (full 833):
 PSYoungGen      total 59904K, used 44031K [0x00000000f5580000, 0x00000000fa380000, 0x0000000100000000)
  eden space 44032K, 99% used [0x00000000f5580000,0x00000000f807fff0,0x00000000f8080000)
  from space 15872K, 0% used [0x00000000f8080000,0x00000000f8080000,0x00000000f9000000)
  to   space 13824K, 0% used [0x00000000f9600000,0x00000000f9600000,0x00000000fa380000)
 ParOldGen       total 349696K, used 349693K [0x00000000e0000000, 0x00000000f5580000, 0x00000000f5580000)
  object space 349696K, 99% used [0x00000000e0000000,0x00000000f557f7d0,0x00000000f5580000)
 Metaspace       used 53421K, committed 54336K, reserved 1105920K
  class space    used 5399K, committed 5760K, reserved 1048576K
}
Event: 1250.374 GC heap after
{Heap after GC invocations=959 (full 833):
 PSYoungGen      total 57856K, used 44031K [0x00000000f5580000, 0x00000000fa380000, 0x0000000100000000)
  eden space 44032K, 99% used [0x00000000f5580000,0x00000000f807fff0,0x00000000f8080000)
  from space 13824K, 0% used [0x00000000f9600000,0x00000000f9600000,0x00000000fa380000)
  to   space 15872K, 0% used [0x00000000f8080000,0x00000000f8080000,0x00000000f9000000)
 ParOldGen       total 349696K, used 349693K [0x00000000e0000000, 0x00000000f5580000, 0x00000000f5580000)
  object space 349696K, 99% used [0x00000000e0000000,0x00000000f557f7d0,0x00000000f5580000)
 Metaspace       used 53421K, committed 54336K, reserved 1105920K
  class space    used 5399K, committed 5760K, reserved 1048576K
}
Event: 1250.376 GC heap before
{Heap before GC invocations=960 (full 834):
 PSYoungGen      total 57856K, used 44032K [0x00000000f5580000, 0x00000000fa380000, 0x0000000100000000)
  eden space 44032K, 100% used [0x00000000f5580000,0x00000000f8080000,0x00000000f8080000)
  from space 13824K, 0% used [0x00000000f9600000,0x00000000f9600000,0x00000000fa380000)
  to   space 15872K, 0% used [0x00000000f8080000,0x00000000f8080000,0x00000000f9000000)
 ParOldGen       total 349696K, used 349695K [0x00000000e0000000, 0x00000000f5580000, 0x00000000f5580000)
  object space 349696K, 99% used [0x00000000e0000000,0x00000000f557fce0,0x00000000f5580000)
 Metaspace       used 53421K, committed 54336K, reserved 1105920K
  class space    used 5399K, committed 5760K, reserved 1048576K
}
Event: 1252.068 GC heap after
{Heap after GC invocations=960 (full 834):
 PSYoungGen      total 59904K, used 44031K [0x00000000f5580000, 0x00000000fa380000, 0x0000000100000000)
  eden space 44032K, 99% used [0x00000000f5580000,0x00000000f807fd88,0x00000000f8080000)
  from space 15872K, 0% used [0x00000000f8080000,0x00000000f8080000,0x00000000f9000000)
  to   space 13824K, 0% used [0x00000000f9600000,0x00000000f9600000,0x00000000fa380000)
 ParOldGen       total 349696K, used 349693K [0x00000000e0000000, 0x00000000f5580000, 0x00000000f5580000)
  object space 349696K, 99% used [0x00000000e0000000,0x00000000f557f6a0,0x00000000f5580000)
 Metaspace       used 53421K, committed 54336K, reserved 1105920K
  class space    used 5399K, committed 5760K, reserved 1048576K
}
Event: 1252.068 GC heap before
{Heap before GC invocations=961 (full 835):
 PSYoungGen      total 59904K, used 44031K [0x00000000f5580000, 0x00000000fa380000, 0x0000000100000000)
  eden space 44032K, 99% used [0x00000000f5580000,0x00000000f807fdc0,0x00000000f8080000)
  from space 15872K, 0% used [0x00000000f8080000,0x00000000f8080000,0x00000000f9000000)
  to   space 13824K, 0% used [0x00000000f9600000,0x00000000f9600000,0x00000000fa380000)
 ParOldGen       total 349696K, used 349693K [0x00000000e0000000, 0x00000000f5580000, 0x00000000f5580000)
  object space 349696K, 99% used [0x00000000e0000000,0x00000000f557f6a0,0x00000000f5580000)
 Metaspace       used 53421K, committed 54336K, reserved 1105920K
  class space    used 5399K, committed 5760K, reserved 1048576K
}
Event: 1253.487 GC heap after
{Heap after GC invocations=961 (full 835):
 PSYoungGen      total 57856K, used 44031K [0x00000000f5580000, 0x00000000fa380000, 0x0000000100000000)
  eden space 44032K, 99% used [0x00000000f5580000,0x00000000f807fda0,0x00000000f8080000)
  from space 13824K, 0% used [0x00000000f9600000,0x00000000f9600000,0x00000000fa380000)
  to   space 15872K, 0% used [0x00000000f8080000,0x00000000f8080000,0x00000000f9000000)
 ParOldGen       total 349696K, used 349693K [0x00000000e0000000, 0x00000000f5580000, 0x00000000f5580000)
  object space 349696K, 99% used [0x00000000e0000000,0x00000000f557f6a0,0x00000000f5580000)
 Metaspace       used 53421K, committed 54336K, reserved 1105920K
  class space    used 5399K, committed 5760K, reserved 1048576K
}
Event: 1253.487 GC heap before
{Heap before GC invocations=962 (full 836):
 PSYoungGen      total 57856K, used 44031K [0x00000000f5580000, 0x00000000fa380000, 0x0000000100000000)
  eden space 44032K, 99% used [0x00000000f5580000,0x00000000f807fda0,0x00000000f8080000)
  from space 13824K, 0% used [0x00000000f9600000,0x00000000f9600000,0x00000000fa380000)
  to   space 15872K, 0% used [0x00000000f8080000,0x00000000f8080000,0x00000000f9000000)
 ParOldGen       total 349696K, used 349693K [0x00000000e0000000, 0x00000000f5580000, 0x00000000f5580000)
  object space 349696K, 99% used [0x00000000e0000000,0x00000000f557f6a0,0x00000000f5580000)
 Metaspace       used 53421K, committed 54336K, reserved 1105920K
  class space    used 5399K, committed 5760K, reserved 1048576K
}
Event: 1255.186 GC heap after
{Heap after GC invocations=962 (full 836):
 PSYoungGen      total 59904K, used 44031K [0x00000000f5580000, 0x00000000fa380000, 0x0000000100000000)
  eden space 44032K, 99% used [0x00000000f5580000,0x00000000f807fda0,0x00000000f8080000)
  from space 15872K, 0% used [0x00000000f8080000,0x00000000f8080000,0x00000000f9000000)
  to   space 13824K, 0% used [0x00000000f9600000,0x00000000f9600000,0x00000000fa380000)
 ParOldGen       total 349696K, used 349693K [0x00000000e0000000, 0x00000000f5580000, 0x00000000f5580000)
  object space 349696K, 99% used [0x00000000e0000000,0x00000000f557f6a0,0x00000000f5580000)
 Metaspace       used 53421K, committed 54336K, reserved 1105920K
  class space    used 5399K, committed 5760K, reserved 1048576K
}

Dll operation events (9 events):
Event: 0.002 Loaded shared library /nix/store/gpxl5qgg8kicmcvivwmybwjlpf7wh20l-graalvm17-ce-22.3.0/lib/libjava.so
Event: 0.030 Loaded shared library /nix/store/gpxl5qgg8kicmcvivwmybwjlpf7wh20l-graalvm17-ce-22.3.0/lib/libjsvml.so
Event: 0.240 Loaded shared library /nix/store/gpxl5qgg8kicmcvivwmybwjlpf7wh20l-graalvm17-ce-22.3.0/lib/libnio.so
Event: 0.243 Loaded shared library /nix/store/gpxl5qgg8kicmcvivwmybwjlpf7wh20l-graalvm17-ce-22.3.0/lib/libzip.so
Event: 0.246 Loaded shared library /nix/store/gpxl5qgg8kicmcvivwmybwjlpf7wh20l-graalvm17-ce-22.3.0/lib/libjvmcicompiler.so
Event: 0.648 Loaded shared library /nix/store/gpxl5qgg8kicmcvivwmybwjlpf7wh20l-graalvm17-ce-22.3.0/lib/libjimage.so
Event: 1.228 Loaded shared library /nix/store/gpxl5qgg8kicmcvivwmybwjlpf7wh20l-graalvm17-ce-22.3.0/lib/libnet.so
Event: 4.832 Loaded shared library /home/runner/.cache/jdt-language-server/config/org.eclipse.equinox.launcher/org.eclipse.equinox.launcher.gtk.linux.x86_64_1.2.400.v20211117-0650/eclipse_11600.so
Event: 13.936 Loaded shared library /nix/store/gpxl5qgg8kicmcvivwmybwjlpf7wh20l-graalvm17-ce-22.3.0/lib/libextnet.so

Deoptimization events (20 events):
Event: 57.422 Thread 0x00007f9cec485220 DEOPT PACKING pc=0x00007f9d404bb4ec sp=0x00007f9d04bfe530
Event: 57.422 Thread 0x00007f9cec485220 DEOPT UNPACKING pc=0x00007f9d3f505325 sp=0x00007f9d04bfda20 mode 0
Event: 57.424 Thread 0x00007f9cec485220 DEOPT PACKING pc=0x00007f9d404bb55d sp=0x00007f9d04bfe530
Event: 57.424 Thread 0x00007f9cec485220 DEOPT UNPACKING pc=0x00007f9d3f505325 sp=0x00007f9d04bfda20 mode 0
Event: 57.427 Thread 0x00007f9cec485220 DEOPT PACKING pc=0x00007f9d404bb55d sp=0x00007f9d04bfe530
Event: 57.427 Thread 0x00007f9cec485220 DEOPT UNPACKING pc=0x00007f9d3f505325 sp=0x00007f9d04bfda20 mode 0
Event: 57.430 Thread 0x00007f9cec485220 DEOPT PACKING pc=0x00007f9d404bb55d sp=0x00007f9d04bfe530
Event: 57.430 Thread 0x00007f9cec485220 DEOPT UNPACKING pc=0x00007f9d3f505325 sp=0x00007f9d04bfda20 mode 0
Event: 57.434 Thread 0x00007f9cec485220 DEOPT PACKING pc=0x00007f9d404bb4ec sp=0x00007f9d04bfe530
Event: 57.434 Thread 0x00007f9cec485220 DEOPT UNPACKING pc=0x00007f9d3f505325 sp=0x00007f9d04bfda20 mode 0
Event: 57.438 Thread 0x00007f9cec485220 DEOPT PACKING pc=0x00007f9d404bb55d sp=0x00007f9d04bfe530
Event: 57.438 Thread 0x00007f9cec485220 DEOPT UNPACKING pc=0x00007f9d3f505325 sp=0x00007f9d04bfda20 mode 0
Event: 369.941 Thread 0x00007f9d580b2210 Uncommon trap: trap_request=0xffffffed fr.pc=0x00007f9d46f9039f relative=0x0000000000000b3f
Event: 369.941 Thread 0x00007f9d580b2210 Uncommon trap: reason=null_assert_or_unreached0 action=reinterpret pc=0x00007f9d46f9039f method=java.io.DataOutputStream.writeUTF(Ljava/lang/String;Ljava/io/DataOutput;)I @ 59 jvmci
Event: 369.941 Thread 0x00007f9d580b2210 DEOPT PACKING pc=0x00007f9d46f9039f sp=0x00007f9d3dc17ff0
Event: 369.941 Thread 0x00007f9d580b2210 DEOPT UNPACKING pc=0x00007f9d3f505325 sp=0x00007f9d3dc17440 mode 3
Event: 1163.381 Thread 0x00007f9ce00010d0 Uncommon trap: trap_request=0xffffffcd fr.pc=0x00007f9d471a5425 relative=0x0000000000000e65
Event: 1163.381 Thread 0x00007f9ce00010d0 Uncommon trap: reason=intrinsic_or_type_checked_inlining action=reinterpret pc=0x00007f9d471a5425 method=java.io.DataOutputStream.write([BII)V @ 0 jvmci
Event: 1163.381 Thread 0x00007f9ce00010d0 DEOPT PACKING pc=0x00007f9d471a5425 sp=0x00007f9d04dfe410
Event: 1163.381 Thread 0x00007f9ce00010d0 DEOPT UNPACKING pc=0x00007f9d3f505325 sp=0x00007f9d04dfd7f8 mode 3

Classes unloaded (20 events):
Event: 67.531 Thread 0x00007f9d580a1c10 Unloading class 0x0000000800d98400 'java/lang/invoke/LambdaForm$MH+0x0000000800d98400'
Event: 67.531 Thread 0x00007f9d580a1c10 Unloading class 0x0000000800d98000 'jdk/internal/reflect/GeneratedConstructorAccessor3'
Event: 67.531 Thread 0x00007f9d580a1c10 Unloading class 0x0000000800d06800 'java/lang/invoke/LambdaForm$MH+0x0000000800d06800'
Event: 67.531 Thread 0x00007f9d580a1c10 Unloading class 0x0000000800d06000 'java/lang/invoke/LambdaForm$MH+0x0000000800d06000'
Event: 67.531 Thread 0x00007f9d580a1c10 Unloading class 0x0000000800d05c00 'java/lang/invoke/LambdaForm$MH+0x0000000800d05c00'
Event: 67.531 Thread 0x00007f9d580a1c10 Unloading class 0x0000000800d05800 'java/lang/invoke/LambdaForm$MH+0x0000000800d05800'
Event: 67.531 Thread 0x00007f9d580a1c10 Unloading class 0x0000000800d05000 'java/lang/invoke/LambdaForm$MH+0x0000000800d05000'
Event: 67.531 Thread 0x00007f9d580a1c10 Unloading class 0x0000000800d04c00 'java/lang/invoke/LambdaForm$MH+0x0000000800d04c00'
Event: 67.531 Thread 0x00007f9d580a1c10 Unloading class 0x0000000800d04800 'java/lang/invoke/LambdaForm$MH+0x0000000800d04800'
Event: 67.531 Thread 0x00007f9d580a1c10 Unloading class 0x0000000800d04000 'java/lang/invoke/LambdaForm$MH+0x0000000800d04000'
Event: 67.531 Thread 0x00007f9d580a1c10 Unloading class 0x0000000800c1d000 'jdk/internal/reflect/GeneratedMethodAccessor5'
Event: 67.531 Thread 0x00007f9d580a1c10 Unloading class 0x0000000800c1cc00 'jdk/internal/reflect/GeneratedMethodAccessor4'
Event: 67.531 Thread 0x00007f9d580a1c10 Unloading class 0x0000000800c1c800 'jdk/internal/reflect/GeneratedMethodAccessor3'
Event: 67.531 Thread 0x00007f9d580a1c10 Unloading class 0x0000000800c1c400 'jdk/internal/reflect/GeneratedMethodAccessor2'
Event: 67.531 Thread 0x00007f9d580a1c10 Unloading class 0x0000000800c1c000 'jdk/internal/reflect/GeneratedMethodAccessor1'
Event: 67.531 Thread 0x00007f9d580a1c10 Unloading class 0x0000000800c01c00 'java/lang/invoke/LambdaForm$DMH+0x0000000800c01c00'
Event: 948.258 Thread 0x00007f9d580a1c10 Unloading class 0x0000000800d99000 'jdk/internal/reflect/GeneratedSerializationConstructorAccessor7'
Event: 972.456 Thread 0x00007f9d580a1c10 Unloading class 0x0000000800ef4800 'jdk/internal/reflect/GeneratedSerializationConstructorAccessor6'
Event: 972.456 Thread 0x00007f9d580a1c10 Unloading class 0x0000000800ef5400 'jdk/internal/reflect/GeneratedSerializationConstructorAccessor5'
Event: 1051.861 Thread 0x00007f9d580a1c10 Unloading class 0x0000000800d06800 'jdk/internal/reflect/GeneratedSerializationConstructorAccessor8'

Classes redefined (0 events):
No events

Internal exceptions (20 events):
Event: 28.141 Thread 0x00007f9cc4001130 Exception <a 'java/lang/NoSuchMethodError'{0x00000000f6321b78}: 'int java.lang.invoke.DirectMethodHandle$Holder.invokeVirtual(java.lang.Object, java.lang.Object)'> (0x00000000f6321b78) 
thrown [src/hotspot/share/interpreter/linkResolver.cpp, line 758]
Event: 28.222 Thread 0x00007f9cc4001130 Implicit null exception at 0x00007f9d470cf3e9 to 0x00007f9d470cf59b
Event: 28.229 Thread 0x00007f9cc4001130 Exception <a 'java/lang/NoSuchMethodError'{0x00000000f658bcb0}: 'int java.lang.invoke.DirectMethodHandle$Holder.invokeVirtual(java.lang.Object, java.lang.Object, java.lang.Object)'> (0x00000000f658bcb0) 
thrown [src/hotspot/share/interpreter/linkResolver.cpp, line 758]
Event: 29.134 Thread 0x00007f9cc4001130 Exception <a 'sun/nio/fs/UnixException'{0x00000000f5aaaf90}> (0x00000000f5aaaf90) 
thrown [src/hotspot/share/prims/jni.cpp, line 516]
Event: 29.242 Thread 0x00007f9cc8165f90 Exception <a 'java/lang/NoSuchMethodError'{0x00000000f63a81c0}: 'int java.lang.invoke.DirectMethodHandle$Holder.invokeStatic(java.lang.Object, java.lang.Object, java.lang.Object, int)'> (0x00000000f63a81c0) 
thrown [src/hotspot/share/interpreter/linkResolver.cpp, line 758]
Event: 29.437 Thread 0x00007f9cc4001130 Exception <a 'java/lang/NoSuchMethodError'{0x00000000f55bc488}: 'java.lang.Object java.lang.invoke.DirectMethodHandle$Holder.invokeStatic(java.lang.Object, java.lang.Object, java.lang.Object, long)'> (0x00000000f55bc488) 
thrown [src/hotspot/share/interpreter/linkResolver.cpp, line 758]
Event: 29.438 Thread 0x00007f9cc4001130 Exception <a 'java/lang/NoSuchMethodError'{0x00000000f55c42a0}: 'java.lang.Object java.lang.invoke.DirectMethodHandle$Holder.newInvokeSpecial(java.lang.Object, java.lang.Object, java.lang.Object, long)'> (0x00000000f55c42a0) 
thrown [src/hotspot/share/interpreter/linkResolver.cpp, line 758]
Event: 29.438 Thread 0x00007f9cc4001130 Exception <a 'java/lang/NoSuchMethodError'{0x00000000f55c8600}: 'java.lang.Object java.lang.invoke.DirectMethodHandle$Holder.invokeSpecial(java.lang.Object, java.lang.Object, java.lang.Object, java.lang.Object, long)'> (0x00000000f55c8600) 
thrown [src/hotspot/share/interpreter/linkResolver.cpp, line 758]
Event: 29.439 Thread 0x00007f9cc4001130 Exception <a 'java/lang/NoSuchMethodError'{0x00000000f55f8ea0}: 'java.lang.Object java.lang.invoke.Invokers$Holder.linkToTargetMethod(java.lang.Object, java.lang.Object, long, java.lang.Object)'> (0x00000000f55f8ea0) 
thrown [src/hotspot/share/interpreter/linkResolver.cpp, line 758]
Event: 31.221 Thread 0x00007f9cc8165f90 Exception <a 'java/lang/ArrayIndexOutOfBoundsException'{0x00000000f583d838}: Index 35 out of bounds for length 35> (0x00000000f583d838) 
thrown [src/hotspot/share/interpreter/interpreterRuntime.cpp, line 428]
Event: 31.334 Thread 0x00007f9cc8165f90 Exception <a 'java/lang/ArrayIndexOutOfBoundsException'{0x00000000f590d950}: Index 35 out of bounds for length 35> (0x00000000f590d950) 
thrown [src/hotspot/share/interpreter/interpreterRuntime.cpp, line 428]
Event: 31.436 Thread 0x00007f9cc8165f90 Exception <a 'java/lang/ArrayIndexOutOfBoundsException'{0x00000000f5ba07a8}: Index 35 out of bounds for length 35> (0x00000000f5ba07a8) 
thrown [src/hotspot/share/interpreter/interpreterRuntime.cpp, line 428]
Event: 32.223 Thread 0x00007f9cc8165f90 Exception <a 'java/lang/ArrayIndexOutOfBoundsException'{0x00000000f59d2778}: Index 35 out of bounds for length 35> (0x00000000f59d2778) 
thrown [src/hotspot/share/interpreter/interpreterRuntime.cpp, line 428]
Event: 32.234 Thread 0x00007f9cc8165f90 Exception <a 'java/lang/ArrayIndexOutOfBoundsException'{0x00000000f5b532b0}: Index 35 out of bounds for length 35> (0x00000000f5b532b0) 
thrown [src/hotspot/share/interpreter/interpreterRuntime.cpp, line 428]
Event: 32.420 Thread 0x00007f9cc8165f90 Exception <a 'java/lang/ArrayIndexOutOfBoundsException'{0x00000000f5f88ac8}: Index 35 out of bounds for length 35> (0x00000000f5f88ac8) 
thrown [src/hotspot/share/interpreter/interpreterRuntime.cpp, line 428]
Event: 32.535 Thread 0x00007f9cc8165f90 Exception <a 'java/lang/NoSuchMethodError'{0x00000000f5802900}: 'java.lang.Object java.lang.invoke.DirectMethodHandle$Holder.invokeStatic(java.lang.Object, int, java.lang.Object, java.lang.Object, java.lang.Object, java.lang.Object)'> (0x00000000f5802900) 
thrown [src/hotspot/share/interpreter/linkResolver.cpp, line 758]
Event: 32.843 Thread 0x00007f9cc8165f90 Exception <a 'java/lang/NoSuchMethodError'{0x00000000f56189f0}: 'void java.lang.invoke.DirectMethodHandle$Holder.invokeSpecial(java.lang.Object, java.lang.Object, int)'> (0x00000000f56189f0) 
thrown [src/hotspot/share/interpreter/linkResolver.cpp, line 758]
Event: 33.525 Thread 0x00007f9cc8165f90 Exception <a 'java/lang/NoSuchMethodError'{0x00000000f5fe1608}: 'int java.lang.invoke.DirectMethodHandle$Holder.invokeSpecialIFC(java.lang.Object, java.lang.Object, java.lang.Object, java.lang.Object)'> (0x00000000f5fe1608) 
thrown [src/hotspot/share/interpreter/linkResolver.cpp, line 758]
Event: 369.941 Thread 0x00007f9d580b2210 Implicit null exception at 0x00007f9d46f8f995 to 0x00007f9d46f90384
Event: 1255.187 Thread 0x00007f9d580b2210 Exception <a 'java/lang/OutOfMemoryError'{0x00000000e000ff18}> (0x00000000e000ff18) 
thrown [src/hotspot/share/gc/shared/memAllocator.cpp, line 136]

VM Operations (20 events):
Event: 1236.609 Executing VM operation: ParallelGCFailedAllocation
Event: 1238.207 Executing VM operation: ParallelGCFailedAllocation done
Event: 1238.207 Executing VM operation: ParallelGCFailedAllocation
Event: 1239.933 Executing VM operation: ParallelGCFailedAllocation done
Event: 1239.938 Executing VM operation: ParallelGCFailedAllocation
Event: 1241.670 Executing VM operation: ParallelGCFailedAllocation done
Event: 1241.671 Executing VM operation: ParallelGCFailedAllocation
Event: 1243.570 Executing VM operation: ParallelGCFailedAllocation done
Event: 1243.571 Executing VM operation: ParallelGCFailedAllocation
Event: 1245.265 Executing VM operation: ParallelGCFailedAllocation done
Event: 1245.266 Executing VM operation: ParallelGCFailedAllocation
Event: 1247.107 Executing VM operation: ParallelGCFailedAllocation done
Event: 1247.107 Executing VM operation: ParallelGCFailedAllocation
Event: 1248.882 Executing VM operation: ParallelGCFailedAllocation done
Event: 1248.883 Executing VM operation: ParallelGCFailedAllocation
Event: 1250.374 Executing VM operation: ParallelGCFailedAllocation done
Event: 1250.375 Executing VM operation: ParallelGCFailedAllocation
Event: 1252.068 Executing VM operation: ParallelGCFailedAllocation done
Event: 1252.068 Executing VM operation: ParallelGCFailedAllocation
Event: 1255.187 Executing VM operation: ParallelGCFailedAllocation done

Events (20 events):
Event: 51.844 Thread 0x00007f9d580b4b70 flushing nmethod 0x00007f9d40721a90
Event: 51.844 Thread 0x00007f9d580b4b70 flushing nmethod 0x00007f9d40723410
Event: 51.844 Thread 0x00007f9d580b4b70 flushing nmethod 0x00007f9d40726390
Event: 51.844 Thread 0x00007f9d580b4b70 flushing nmethod 0x00007f9d40727090
Event: 51.844 Thread 0x00007f9d580b4b70 flushing nmethod 0x00007f9d4073af10
Event: 51.844 Thread 0x00007f9d580b4b70 flushing nmethod 0x00007f9d40744d10
Event: 51.844 Thread 0x00007f9d580b4b70 flushing nmethod 0x00007f9d40752e90
Event: 61.327 Thread 0x00007f9d5821f210 Thread exited: 0x00007f9d5821f210
Event: 95.850 Thread 0x00007f9cec304eb0 Thread exited: 0x00007f9cec304eb0
Event: 104.321 Thread 0x00007f9cbc000ff0 Thread exited: 0x00007f9cbc000ff0
Event: 317.456 Thread 0x00007f9cd4093b20 Thread added: 0x00007f9cd4093b20
Event: 317.456 Protecting memory [0x00007f9d03f00000,0x00007f9d03f04000] with protection modes 0
Event: 348.730 Thread 0x00007f9cd40940a0 Thread added: 0x00007f9cd40940a0
Event: 348.730 Protecting memory [0x00007f9d04f00000,0x00007f9d04f04000] with protection modes 0
Event: 425.431 Thread 0x00007f9cd4093b20 Thread exited: 0x00007f9cd4093b20
Event: 554.826 Thread 0x00007f9cd4093b20 Thread added: 0x00007f9cd4093b20
Event: 554.826 Protecting memory [0x00007f9d03f00000,0x00007f9d03f04000] with protection modes 0
Event: 557.900 Thread 0x00007f9cd4093b20 Thread exited: 0x00007f9cd4093b20
Event: 1088.823 Thread 0x00007f9cc8167690 Thread added: 0x00007f9cc8167690
Event: 1088.823 Protecting memory [0x00007f9d03f00000,0x00007f9d03f04000] with protection modes 0


Dynamic libraries:
e0000000-f5580000 rw-p 00000000 00:00 0 
f5580000-fa380000 rw-p 00000000 00:00 0 
fa380000-100000000 ---p 00000000 00:00 0 
800000000-800449000 rw-p 00001000 00:13f8 4611686019135357769            /nix/store/gpxl5qgg8kicmcvivwmybwjlpf7wh20l-graalvm17-ce-22.3.0/lib/server/classes.jsa
800449000-800bc8000 r--p 0044a000 00:13f8 4611686019135357769            /nix/store/gpxl5qgg8kicmcvivwmybwjlpf7wh20l-graalvm17-ce-22.3.0/lib/server/classes.jsa
800bc8000-800c00000 ---p 00000000 00:00 0 
800c00000-800c20000 rw-p 00000000 00:00 0 
800c20000-800c40000 rw-p 00000000 00:00 0 
800c40000-800cc0000 rw-p 00000000 00:00 0 
800cc0000-800d00000 rw-p 00000000 00:00 0 
800d00000-800dc0000 rw-p 00000000 00:00 0 
800dc0000-800e00000 rw-p 00000000 00:00 0 
800e00000-800f40000 rw-p 00000000 00:00 0 
800f40000-800fc0000 rw-p 00000000 00:00 0 
800fc0000-8011a0000 rw-p 00000000 00:00 0 
8011a0000-840c00000 ---p 00000000 00:00 0 
558d9cc56000-558d9cc57000 r-xp 00000000 00:13f8 4611686019099417844      /nix/store/gpxl5qgg8kicmcvivwmybwjlpf7wh20l-graalvm17-ce-22.3.0/bin/.java-wrapped
558d9cc58000-558d9cc59000 r--p 00001000 00:13f8 4611686019099417844      /nix/store/gpxl5qgg8kicmcvivwmybwjlpf7wh20l-graalvm17-ce-22.3.0/bin/.java-wrapped
558d9cc59000-558d9cc5a000 rw-p 00002000 00:13f8 4611686019099417844      /nix/store/gpxl5qgg8kicmcvivwmybwjlpf7wh20l-graalvm17-ce-22.3.0/bin/.java-wrapped
558d9cc5a000-558d9cc5b000 rw-p 00004000 00:13f8 4611686019099417844      /nix/store/gpxl5qgg8kicmcvivwmybwjlpf7wh20l-graalvm17-ce-22.3.0/bin/.java-wrapped
558d9cc5b000-558d9cc5c000 rw-p 00005000 00:13f8 4611686019099417844      /nix/store/gpxl5qgg8kicmcvivwmybwjlpf7wh20l-graalvm17-ce-22.3.0/bin/.java-wrapped
558d9e3f3000-558d9e43b000 rw-p 00000000 00:00 0                          [heap]
7f9cac000000-7f9cac0c6000 rw-p 00000000 00:00 0 
7f9cac0c6000-7f9cb0000000 ---p 00000000 00:00 0 
7f9cb0400000-7f9cb0450000 rw-p 00000000 00:00 0 
7f9cb0450000-7f9cb0c00000 ---p 00000000 00:00 0 
7f9cb0c00000-7f9cb1300000 rw-p 00000000 00:00 0 
7f9cb1300000-7f9cb1320000 rw-p 00000000 00:00 0 
7f9cb1320000-7f9cb1400000 ---p 00000000 00:00 0 
7f9cb14b3000-7f9cbb000000 r--s 00000000 00:13f8 4611686019135192581      /nix/store/gpxl5qgg8kicmcvivwmybwjlpf7wh20l-graalvm17-ce-22.3.0/lib/modules
7f9cbb000000-7f9cbb100000 rw-p 00000000 00:00 0 
7f9cbb100000-7f9cbb200000 rw-p 00000000 00:00 0 
7f9cbb200000-7f9cbb800000 rw-p 00000000 00:00 0 
7f9cbb800000-7f9cbb8c0000 rw-p 00000000 00:00 0 
7f9cbb8c0000-7f9cbb900000 rw-p 00000000 00:00 0 
7f9cbb900000-7f9cbbb00000 rw-p 00000000 00:00 0 
7f9cbbb00000-7f9cbbd00000 rw-p 00000000 00:00 0 
7f9cbbd00000-7f9cbbe00000 rw-p 00000000 00:00 0 
7f9cbbe00000-7f9cbc000000 rw-p 00000000 00:00 0 
7f9cbc000000-7f9cbc0f6000 rw-p 00000000 00:00 0 
7f9cbc0f6000-7f9cc0000000 ---p 00000000 00:00 0 
7f9cc0000000-7f9cc0061000 rw-p 00000000 00:00 0 
7f9cc0061000-7f9cc4000000 ---p 00000000 00:00 0 
7f9cc4000000-7f9cc40ee000 rw-p 00000000 00:00 0 
7f9cc40ee000-7f9cc8000000 ---p 00000000 00:00 0 
7f9cc8000000-7f9cc8178000 rw-p 00000000 00:00 0 
7f9cc8178000-7f9ccc000000 ---p 00000000 00:00 0 
7f9ccc000000-7f9ccc021000 rw-p 00000000 00:00 0 
7f9ccc021000-7f9cd0000000 ---p 00000000 00:00 0 
7f9cd0000000-7f9cd0021000 rw-p 00000000 00:00 0 
7f9cd0021000-7f9cd4000000 ---p 00000000 00:00 0 
7f9cd4000000-7f9cd40be000 rw-p 00000000 00:00 0 
7f9cd40be000-7f9cd8000000 ---p 00000000 00:00 0 
7f9cd8000000-7f9cd8062000 rw-p 00000000 00:00 0 
7f9cd8062000-7f9cdc000000 ---p 00000000 00:00 0 
7f9cdc000000-7f9cdc021000 rw-p 00000000 00:00 0 
7f9cdc021000-7f9ce0000000 ---p 00000000 00:00 0 
7f9ce0000000-7f9ce0322000 rw-p 00000000 00:00 0 
7f9ce0322000-7f9ce4000000 ---p 00000000 00:00 0 
7f9ce4000000-7f9ce4021000 rw-p 00000000 00:00 0 
7f9ce4021000-7f9ce8000000 ---p 00000000 00:00 0 
7f9ce8000000-7f9ce826b000 rw-p 00000000 00:00 0 
7f9ce826b000-7f9cec000000 ---p 00000000 00:00 0 
7f9cec000000-7f9cec943000 rw-p 00000000 00:00 0 
7f9cec943000-7f9cf0000000 ---p 00000000 00:00 0 
7f9cf0000000-7f9cf0026000 rw-p 00000000 00:00 0 
7f9cf0026000-7f9cf4000000 ---p 00000000 00:00 0 
7f9cf4000000-7f9cf4021000 rw-p 00000000 00:00 0 
7f9cf4021000-7f9cf8000000 ---p 00000000 00:00 0 
7f9cf8000000-7f9cf8021000 rw-p 00000000 00:00 0 
7f9cf8021000-7f9cfc000000 ---p 00000000 00:00 0 
7f9cfc000000-7f9cfc021000 rw-p 00000000 00:00 0 
7f9cfc021000-7f9d00000000 ---p 00000000 00:00 0 
7f9d00400000-7f9d00500000 rw-p 00000000 00:00 0 
7f9d00500000-7f9d00600000 rw-p 00000000 00:00 0 
7f9d00600000-7f9d00bc0000 rw-p 00000000 00:00 0 
7f9d00bc0000-7f9d00c00000 rw-p 00000000 00:00 0 
7f9d00c00000-7f9d00d00000 rw-p 00000000 00:00 0 
7f9d00d00000-7f9d00e00000 rw-p 00000000 00:00 0 
7f9d00e00000-7f9d01300000 rw-p 00000000 00:00 0 
7f9d01300000-7f9d01400000 rw-p 00000000 00:00 0 
7f9d01600000-7f9d01610000 r-xp 00000000 00:13b9 355                      /home/runner/.cache/jdt-language-server/config/org.eclipse.equinox.launcher/org.eclipse.equinox.launcher.gtk.linux.x86_64_1.2.400.v20211117-0650/eclipse_11600.so
7f9d01610000-7f9d0180f000 ---p 00010000 00:13b9 355                      /home/runner/.cache/jdt-language-server/config/org.eclipse.equinox.launcher/org.eclipse.equinox.launcher.gtk.linux.x86_64_1.2.400.v20211117-0650/eclipse_11600.so
7f9d0180f000-7f9d01810000 r--p 0000f000 00:13b9 355                      /home/runner/.cache/jdt-language-server/config/org.eclipse.equinox.launcher/org.eclipse.equinox.launcher.gtk.linux.x86_64_1.2.400.v20211117-0650/eclipse_11600.so
7f9d01810000-7f9d01811000 rw-p 00010000 00:13b9 355                      /home/runner/.cache/jdt-language-server/config/org.eclipse.equinox.launcher/org.eclipse.equinox.launcher.gtk.linux.x86_64_1.2.400.v20211117-0650/eclipse_11600.so
7f9d02b00000-7f9d02c00000 ---p 00000000 00:00 0 
7f9d02c00000-7f9d031af000 r--p 01122000 00:13f8 4611686019135190040      /nix/store/gpxl5qgg8kicmcvivwmybwjlpf7wh20l-graalvm17-ce-22.3.0/lib/libjvmcicompiler.so
7f9d031af000-7f9d03300000 r--p 00000000 00:00 0 
7f9d03300000-7f9d0333d000 rw-p 00000000 00:00 0 
7f9d0333d000-7f9d0385d000 rw-p 0185f000 00:13f8 4611686019135190040      /nix/store/gpxl5qgg8kicmcvivwmybwjlpf7wh20l-graalvm17-ce-22.3.0/lib/libjvmcicompiler.so
7f9d0385d000-7f9d03c44000 r--p 01d7f000 00:13f8 4611686019135190040      /nix/store/gpxl5qgg8kicmcvivwmybwjlpf7wh20l-graalvm17-ce-22.3.0/lib/libjvmcicompiler.so
7f9d03d00000-7f9d03d04000 ---p 00000000 00:00 0 
7f9d03d04000-7f9d03e00000 rw-p 00000000 00:00 0 
7f9d03f00000-7f9d03f04000 ---p 00000000 00:00 0 
7f9d03f04000-7f9d04000000 rw-p 00000000 00:00 0 
7f9d04100000-7f9d04104000 ---p 00000000 00:00 0 
7f9d04104000-7f9d04200000 rw-p 00000000 00:00 0 
7f9d04300000-7f9d04304000 ---p 00000000 00:00 0 
7f9d04304000-7f9d04400000 rw-p 00000000 00:00 0 
7f9d04500000-7f9d04504000 ---p 00000000 00:00 0 
7f9d04504000-7f9d04600000 rw-p 00000000 00:00 0 
7f9d04700000-7f9d04704000 ---p 00000000 00:00 0 
7f9d04704000-7f9d04800000 rw-p 00000000 00:00 0 
7f9d04900000-7f9d04904000 ---p 00000000 00:00 0 
7f9d04904000-7f9d04a00000 rw-p 00000000 00:00 0 
7f9d04b00000-7f9d04b04000 ---p 00000000 00:00 0 
7f9d04b04000-7f9d04c00000 rw-p 00000000 00:00 0 
7f9d04d00000-7f9d04d04000 ---p 00000000 00:00 0 
7f9d04d04000-7f9d04e00000 rw-p 00000000 00:00 0 
7f9d04f00000-7f9d04f04000 ---p 00000000 00:00 0 
7f9d04f04000-7f9d05000000 rw-p 00000000 00:00 0 
7f9d05100000-7f9d05104000 ---p 00000000 00:00 0 
7f9d05104000-7f9d05200000 rw-p 00000000 00:00 0 
7f9d05300000-7f9d05304000 ---p 00000000 00:00 0 
7f9d05304000-7f9d05400000 rw-p 00000000 00:00 0 
7f9d05500000-7f9d05504000 ---p 00000000 00:00 0 
7f9d05504000-7f9d05600000 rw-p 00000000 00:00 0 
7f9d05700000-7f9d05704000 ---p 00000000 00:00 0 
7f9d05704000-7f9d05800000 rw-p 00000000 00:00 0 
7f9d05900000-7f9d05904000 ---p 00000000 00:00 0 
7f9d05904000-7f9d05a00000 rw-p 00000000 00:00 0 
7f9d05b00000-7f9d05b04000 ---p 00000000 00:00 0 
7f9d05b04000-7f9d05c00000 rw-p 00000000 00:00 0 
7f9d05c00000-7f9d07d6a000 r-xp 00000000 00:13f8 4611686019135190040      /nix/store/gpxl5qgg8kicmcvivwmybwjlpf7wh20l-graalvm17-ce-22.3.0/lib/libjvmcicompiler.so
7f9d07d6a000-7f9d07f69000 ---p 0216a000 00:13f8 4611686019135190040      /nix/store/gpxl5qgg8kicmcvivwmybwjlpf7wh20l-graalvm17-ce-22.3.0/lib/libjvmcicompiler.so
7f9d07f69000-7f9d07f6a000 r--p 02169000 00:13f8 4611686019135190040      /nix/store/gpxl5qgg8kicmcvivwmybwjlpf7wh20l-graalvm17-ce-22.3.0/lib/libjvmcicompiler.so
7f9d07f6a000-7f9d07f6c000 rw-p 0216a000 00:13f8 4611686019135190040      /nix/store/gpxl5qgg8kicmcvivwmybwjlpf7wh20l-graalvm17-ce-22.3.0/lib/libjvmcicompiler.so
7f9d07f6c000-7f9d07f6d000 rw-p 00000000 00:00 0 
7f9d07f6d000-7f9d07f72000 rw-p 023c3000 00:13f8 4611686019135190040      /nix/store/gpxl5qgg8kicmcvivwmybwjlpf7wh20l-graalvm17-ce-22.3.0/lib/libjvmcicompiler.so
7f9d08000000-7f9d08021000 rw-p 00000000 00:00 0 
7f9d08021000-7f9d0c000000 ---p 00000000 00:00 0 
7f9d0c000000-7f9d0c021000 rw-p 00000000 00:00 0 
7f9d0c021000-7f9d10000000 ---p 00000000 00:00 0 
7f9d10000000-7f9d10021000 rw-p 00000000 00:00 0 
7f9d10021000-7f9d14000000 ---p 00000000 00:00 0 
7f9d14000000-7f9d14021000 rw-p 00000000 00:00 0 
7f9d14021000-7f9d18000000 ---p 00000000 00:00 0 
7f9d18000000-7f9d180dd000 rw-p 00000000 00:00 0 
7f9d180dd000-7f9d1c000000 ---p 00000000 00:00 0 
7f9d1c000000-7f9d1caaf000 rw-p 00000000 00:00 0 
7f9d1caaf000-7f9d20000000 ---p 00000000 00:00 0 
7f9d20000000-7f9d20021000 rw-p 00000000 00:00 0 
7f9d20021000-7f9d24000000 ---p 00000000 00:00 0 
7f9d24000000-7f9d24021000 rw-p 00000000 00:00 0 
7f9d24021000-7f9d28000000 ---p 00000000 00:00 0 
7f9d28000000-7f9d28021000 rw-p 00000000 00:00 0 
7f9d28021000-7f9d2c000000 ---p 00000000 00:00 0 
7f9d2c000000-7f9d2c021000 rw-p 00000000 00:00 0 
7f9d2c021000-7f9d30000000 ---p 00000000 00:00 0 
7f9d30000000-7f9d30021000 rw-p 00000000 00:00 0 
7f9d30021000-7f9d34000000 ---p 00000000 00:00 0 
7f9d34000000-7f9d34021000 rw-p 00000000 00:00 0 
7f9d34021000-7f9d38000000 ---p 00000000 00:00 0 
7f9d38000000-7f9d3805e000 rw-p 00000000 00:00 0 
7f9d3805e000-7f9d3c000000 ---p 00000000 00:00 0 
7f9d3c100000-7f9d3c104000 ---p 00000000 00:00 0 
7f9d3c104000-7f9d3c200000 rw-p 00000000 00:00 0 
7f9d3cf68000-7f9d3d400000 rw-p 00000000 00:00 0 
7f9d3d418000-7f9d3d419000 ---p 00000000 00:00 0 
7f9d3d419000-7f9d3d51a000 rw-p 00000000 00:00 0 
7f9d3d51a000-7f9d3d51e000 ---p 00000000 00:00 0 
7f9d3d51e000-7f9d3d61a000 rw-p 00000000 00:00 0 
7f9d3d61a000-7f9d3d61e000 ---p 00000000 00:00 0 
7f9d3d61e000-7f9d3d71a000 rw-p 00000000 00:00 0 
7f9d3d71a000-7f9d3d71e000 ---p 00000000 00:00 0 
7f9d3d71e000-7f9d3d81a000 rw-p 00000000 00:00 0 
7f9d3d81a000-7f9d3d81e000 ---p 00000000 00:00 0 
7f9d3d81e000-7f9d3da1a000 rw-p 00000000 00:00 0 
7f9d3da1a000-7f9d3da1e000 ---p 00000000 00:00 0 
7f9d3da1e000-7f9d3dc1a000 rw-p 00000000 00:00 0 
7f9d3dc1a000-7f9d3dc1e000 ---p 00000000 00:00 0 
7f9d3dc1e000-7f9d3dd1a000 rw-p 00000000 00:00 0 
7f9d3dd1a000-7f9d3dd1e000 ---p 00000000 00:00 0 
7f9d3dd1e000-7f9d3de1a000 rw-p 00000000 00:00 0 
7f9d3de1a000-7f9d3de1e000 ---p 00000000 00:00 0 
7f9d3de1e000-7f9d3df1a000 rw-p 00000000 00:00 0 
7f9d3df1a000-7f9d3e200000 r--p 00000000 00:10bb 28444448                 /usr/lib/locale/locale-archive
7f9d3e200000-7f9d3e204000 ---p 00000000 00:00 0 
7f9d3e204000-7f9d3e300000 rw-p 00000000 00:00 0 
7f9d3e300000-7f9d3e304000 ---p 00000000 00:00 0 
7f9d3e304000-7f9d3e800000 rw-p 00000000 00:00 0 
7f9d3e800000-7f9d3e9e0000 rw-p 00000000 00:00 0 
7f9d3e9e0000-7f9d3ea00000 rw-p 00000000 00:00 0 
7f9d3ea00000-7f9d3eb00000 rw-p 00000000 00:00 0 
7f9d3eb00000-7f9d3ec00000 rw-p 00000000 00:00 0 
7f9d3ecb4000-7f9d3ecb6000 r-xp 00000000 00:13f8 4611686019135190017      /nix/store/gpxl5qgg8kicmcvivwmybwjlpf7wh20l-graalvm17-ce-22.3.0/lib/libextnet.so
7f9d3ecb6000-7f9d3ecb7000 r--p 00001000 00:13f8 4611686019135190017      /nix/store/gpxl5qgg8kicmcvivwmybwjlpf7wh20l-graalvm17-ce-22.3.0/lib/libextnet.so
7f9d3ecb7000-7f9d3ecb8000 rw-p 00002000 00:13f8 4611686019135190017      /nix/store/gpxl5qgg8kicmcvivwmybwjlpf7wh20l-graalvm17-ce-22.3.0/lib/libextnet.so
7f9d3ecb8000-7f9d3ecb9000 rw-p 00004000 00:13f8 4611686019135190017      /nix/store/gpxl5qgg8kicmcvivwmybwjlpf7wh20l-graalvm17-ce-22.3.0/lib/libextnet.so
7f9d3ecb9000-7f9d3ecbd000 ---p 00000000 00:00 0 
7f9d3ecbd000-7f9d3ecdb000 rw-p 00000000 00:00 0 
7f9d3ecdb000-7f9d3ecdc000 ---p 00000000 00:00 0 
7f9d3ecdc000-7f9d3eddd000 rw-p 00000000 00:00 0 
7f9d3eddd000-7f9d3eeab000 r-xp 00000000 00:13f8 4611686019135190036      /nix/store/gpxl5qgg8kicmcvivwmybwjlpf7wh20l-graalvm17-ce-22.3.0/lib/libjsvml.so
7f9d3eeab000-7f9d3eeac000 r--p 000cd000 00:13f8 4611686019135190036      /nix/store/gpxl5qgg8kicmcvivwmybwjlpf7wh20l-graalvm17-ce-22.3.0/lib/libjsvml.so
7f9d3eeac000-7f9d3eead000 rw-p 000ce000 00:13f8 4611686019135190036      /nix/store/gpxl5qgg8kicmcvivwmybwjlpf7wh20l-graalvm17-ce-22.3.0/lib/libjsvml.so
7f9d3eead000-7f9d3f4b3000 rw-p 00000000 00:00 0 
7f9d3f4b3000-7f9d3f723000 rwxp 00000000 00:00 0 
7f9d3f723000-7f9d3fa42000 ---p 00000000 00:00 0 
7f9d3fa42000-7f9d40782000 rwxp 00000000 00:00 0 
7f9d40782000-7f9d46f7a000 ---p 00000000 00:00 0 
7f9d46f7a000-7f9d471ea000 rwxp 00000000 00:00 0 
7f9d471ea000-7f9d4e4b3000 ---p 00000000 00:00 0 
7f9d4e4b3000-7f9d58000000 r--s 00000000 00:13f8 4611686019135192581      /nix/store/gpxl5qgg8kicmcvivwmybwjlpf7wh20l-graalvm17-ce-22.3.0/lib/modules
7f9d58000000-7f9d5862b000 rw-p 00000000 00:00 0 
7f9d5862b000-7f9d5c000000 ---p 00000000 00:00 0 
7f9d5c001000-7f9d5c008000 r-xp 00000000 00:13f8 4611686019135192580      /nix/store/gpxl5qgg8kicmcvivwmybwjlpf7wh20l-graalvm17-ce-22.3.0/lib/libzip.so
7f9d5c008000-7f9d5c009000 ---p 00007000 00:13f8 4611686019135192580      /nix/store/gpxl5qgg8kicmcvivwmybwjlpf7wh20l-graalvm17-ce-22.3.0/lib/libzip.so
7f9d5c009000-7f9d5c00a000 r--p 00007000 00:13f8 4611686019135192580      /nix/store/gpxl5qgg8kicmcvivwmybwjlpf7wh20l-graalvm17-ce-22.3.0/lib/libzip.so
7f9d5c00a000-7f9d5c00b000 rw-p 00008000 00:13f8 4611686019135192580      /nix/store/gpxl5qgg8kicmcvivwmybwjlpf7wh20l-graalvm17-ce-22.3.0/lib/libzip.so
7f9d5c00b000-7f9d5c00d000 rw-p 0000b000 00:13f8 4611686019135192580      /nix/store/gpxl5qgg8kicmcvivwmybwjlpf7wh20l-graalvm17-ce-22.3.0/lib/libzip.so
7f9d5c00d000-7f9d5c022000 r-xp 00000000 00:13f8 4611686019135192570      /nix/store/gpxl5qgg8kicmcvivwmybwjlpf7wh20l-graalvm17-ce-22.3.0/lib/libnet.so
7f9d5c022000-7f9d5c023000 ---p 00015000 00:13f8 4611686019135192570      /nix/store/gpxl5qgg8kicmcvivwmybwjlpf7wh20l-graalvm17-ce-22.3.0/lib/libnet.so
7f9d5c023000-7f9d5c024000 r--p 00015000 00:13f8 4611686019135192570      /nix/store/gpxl5qgg8kicmcvivwmybwjlpf7wh20l-graalvm17-ce-22.3.0/lib/libnet.so
7f9d5c024000-7f9d5c025000 rw-p 00016000 00:13f8 4611686019135192570      /nix/store/gpxl5qgg8kicmcvivwmybwjlpf7wh20l-graalvm17-ce-22.3.0/lib/libnet.so
7f9d5c025000-7f9d5c028000 rw-p 0001b000 00:13f8 4611686019135192570      /nix/store/gpxl5qgg8kicmcvivwmybwjlpf7wh20l-graalvm17-ce-22.3.0/lib/libnet.so
7f9d5c028000-7f9d5c03b000 r-xp 00000000 00:13f8 4611686019135192571      /nix/store/gpxl5qgg8kicmcvivwmybwjlpf7wh20l-graalvm17-ce-22.3.0/lib/libnio.so
7f9d5c03b000-7f9d5c03c000 r--p 00012000 00:13f8 4611686019135192571      /nix/store/gpxl5qgg8kicmcvivwmybwjlpf7wh20l-graalvm17-ce-22.3.0/lib/libnio.so
7f9d5c03c000-7f9d5c03d000 rw-p 00013000 00:13f8 4611686019135192571      /nix/store/gpxl5qgg8kicmcvivwmybwjlpf7wh20l-graalvm17-ce-22.3.0/lib/libnio.so
7f9d5c03d000-7f9d5c042000 rw-p 00019000 00:13f8 4611686019135192571      /nix/store/gpxl5qgg8kicmcvivwmybwjlpf7wh20l-graalvm17-ce-22.3.0/lib/libnio.so
7f9d5c042000-7f9d5d314000 rw-p 00000000 00:00 0 
7f9d5d314000-7f9d5d315000 ---p 00000000 00:00 0 
7f9d5d315000-7f9d5d4c0000 rw-p 00000000 00:00 0 
7f9d5d4c0000-7f9d5d4e8000 rw-p 00000000 00:00 0 
7f9d5d4e8000-7f9d5d516000 ---p 00000000 00:00 0 
7f9d5d516000-7f9d5d51c000 rw-p 00000000 00:00 0 
7f9d5d51c000-7f9d5d602000 ---p 00000000 00:00 0 
7f9d5d602000-7f9d5d61d000 rw-p 00000000 00:00 0 
7f9d5d61d000-7f9d5d6ed000 ---p 00000000 00:00 0 
7f9d5d6ed000-7f9d5d6f2000 rw-p 00000000 00:00 0 
7f9d5d6f2000-7f9d5d6f9000 ---p 00000000 00:00 0 
7f9d5d6f9000-7f9d5d71d000 r-xp 00000000 00:13f8 4611686019135190028      /nix/store/gpxl5qgg8kicmcvivwmybwjlpf7wh20l-graalvm17-ce-22.3.0/lib/libjava.so
7f9d5d71d000-7f9d5d71e000 ---p 00024000 00:13f8 4611686019135190028      /nix/store/gpxl5qgg8kicmcvivwmybwjlpf7wh20l-graalvm17-ce-22.3.0/lib/libjava.so
7f9d5d71e000-7f9d5d71f000 r--p 00024000 00:13f8 4611686019135190028      /nix/store/gpxl5qgg8kicmcvivwmybwjlpf7wh20l-graalvm17-ce-22.3.0/lib/libjava.so
7f9d5d71f000-7f9d5d720000 rw-p 00025000 00:13f8 4611686019135190028      /nix/store/gpxl5qgg8kicmcvivwmybwjlpf7wh20l-graalvm17-ce-22.3.0/lib/libjava.so
7f9d5d720000-7f9d5d721000 rw-p 00000000 00:00 0 
7f9d5d721000-7f9d5d728000 rw-p 0002f000 00:13f8 4611686019135190028      /nix/store/gpxl5qgg8kicmcvivwmybwjlpf7wh20l-graalvm17-ce-22.3.0/lib/libjava.so
7f9d5d728000-7f9d5d730000 rw-s 00000000 00:43c 350                       /tmp/hsperfdata_runner/27
7f9d5d730000-7f9d5d731000 ---p 00000000 00:00 0 
7f9d5d731000-7f9d5d732000 r--p 00000000 00:00 0 
7f9d5d732000-7f9d5d733000 rwxp 00000000 00:00 0 
7f9d5d733000-7f9d5d74e000 r-xp 00000000 00:13f8 4611686019135190032      /nix/store/gpxl5qgg8kicmcvivwmybwjlpf7wh20l-graalvm17-ce-22.3.0/lib/libjimage.so
7f9d5d74e000-7f9d5d74f000 ---p 0001b000 00:13f8 4611686019135190032      /nix/store/gpxl5qgg8kicmcvivwmybwjlpf7wh20l-graalvm17-ce-22.3.0/lib/libjimage.so
7f9d5d74f000-7f9d5d751000 r--p 0001b000 00:13f8 4611686019135190032      /nix/store/gpxl5qgg8kicmcvivwmybwjlpf7wh20l-graalvm17-ce-22.3.0/lib/libjimage.so
7f9d5d751000-7f9d5d752000 rw-p 0001d000 00:13f8 4611686019135190032      /nix/store/gpxl5qgg8kicmcvivwmybwjlpf7wh20l-graalvm17-ce-22.3.0/lib/libjimage.so
7f9d5d752000-7f9d5d753000 rw-p 00024000 00:13f8 4611686019135190032      /nix/store/gpxl5qgg8kicmcvivwmybwjlpf7wh20l-graalvm17-ce-22.3.0/lib/libjimage.so
7f9d5d753000-7f9d5d757000 ---p 00000000 00:00 0 
7f9d5d757000-7f9d5d853000 rw-p 00000000 00:00 0 
7f9d5d853000-7f9d5d861000 r--p 00000000 00:13f8 4611686019027979927      /nix/store/4nlgxhb09sdr51nc9hdm8az5b08vzkgx-glibc-2.35-163/lib/libm.so.6
7f9d5d861000-7f9d5d8d4000 r-xp 0000e000 00:13f8 4611686019027979927      /nix/store/4nlgxhb09sdr51nc9hdm8az5b08vzkgx-glibc-2.35-163/lib/libm.so.6
7f9d5d8d4000-7f9d5d931000 r--p 00081000 00:13f8 4611686019027979927      /nix/store/4nlgxhb09sdr51nc9hdm8az5b08vzkgx-glibc-2.35-163/lib/libm.so.6
7f9d5d931000-7f9d5d932000 r--p 000dd000 00:13f8 4611686019027979927      /nix/store/4nlgxhb09sdr51nc9hdm8az5b08vzkgx-glibc-2.35-163/lib/libm.so.6
7f9d5d932000-7f9d5d933000 rw-p 000de000 00:13f8 4611686019027979927      /nix/store/4nlgxhb09sdr51nc9hdm8az5b08vzkgx-glibc-2.35-163/lib/libm.so.6
7f9d5d933000-7f9d5d934000 r--p 00000000 00:13f8 4611686019027979946      /nix/store/4nlgxhb09sdr51nc9hdm8az5b08vzkgx-glibc-2.35-163/lib/librt.so.1
7f9d5d934000-7f9d5d935000 r-xp 00001000 00:13f8 4611686019027979946      /nix/store/4nlgxhb09sdr51nc9hdm8az5b08vzkgx-glibc-2.35-163/lib/librt.so.1
7f9d5d935000-7f9d5d936000 r--p 00002000 00:13f8 4611686019027979946      /nix/store/4nlgxhb09sdr51nc9hdm8az5b08vzkgx-glibc-2.35-163/lib/librt.so.1
7f9d5d936000-7f9d5d937000 r--p 00002000 00:13f8 4611686019027979946      /nix/store/4nlgxhb09sdr51nc9hdm8az5b08vzkgx-glibc-2.35-163/lib/librt.so.1
7f9d5d937000-7f9d5d938000 rw-p 00003000 00:13f8 4611686019027979946      /nix/store/4nlgxhb09sdr51nc9hdm8az5b08vzkgx-glibc-2.35-163/lib/librt.so.1
7f9d5d938000-7f9d5ea4b000 r-xp 00000000 00:13f8 4611686019135360866      /nix/store/gpxl5qgg8kicmcvivwmybwjlpf7wh20l-graalvm17-ce-22.3.0/lib/server/libjvm.so
7f9d5ea4b000-7f9d5ea4c000 ---p 01113000 00:13f8 4611686019135360866      /nix/store/gpxl5qgg8kicmcvivwmybwjlpf7wh20l-graalvm17-ce-22.3.0/lib/server/libjvm.so
7f9d5ea4c000-7f9d5eb01000 r--p 01113000 00:13f8 4611686019135360866      /nix/store/gpxl5qgg8kicmcvivwmybwjlpf7wh20l-graalvm17-ce-22.3.0/lib/server/libjvm.so
7f9d5eb01000-7f9d5eb35000 rw-p 011c8000 00:13f8 4611686019135360866      /nix/store/gpxl5qgg8kicmcvivwmybwjlpf7wh20l-graalvm17-ce-22.3.0/lib/server/libjvm.so
7f9d5eb35000-7f9d5eb91000 rw-p 00000000 00:00 0 
7f9d5eb91000-7f9d5ebb9000 r--p 00000000 00:13f8 4611686019027979918      /nix/store/4nlgxhb09sdr51nc9hdm8az5b08vzkgx-glibc-2.35-163/lib/libc.so.6
7f9d5ebb9000-7f9d5ed2f000 r-xp 00028000 00:13f8 4611686019027979918      /nix/store/4nlgxhb09sdr51nc9hdm8az5b08vzkgx-glibc-2.35-163/lib/libc.so.6
7f9d5ed2f000-7f9d5ed87000 r--p 0019e000 00:13f8 4611686019027979918      /nix/store/4nlgxhb09sdr51nc9hdm8az5b08vzkgx-glibc-2.35-163/lib/libc.so.6
7f9d5ed87000-7f9d5ed8b000 r--p 001f6000 00:13f8 4611686019027979918      /nix/store/4nlgxhb09sdr51nc9hdm8az5b08vzkgx-glibc-2.35-163/lib/libc.so.6
7f9d5ed8b000-7f9d5ed8d000 rw-p 001fa000 00:13f8 4611686019027979918      /nix/store/4nlgxhb09sdr51nc9hdm8az5b08vzkgx-glibc-2.35-163/lib/libc.so.6
7f9d5ed8d000-7f9d5ed9c000 rw-p 00000000 00:00 0 
7f9d5ed9c000-7f9d5ed9d000 r--p 00000000 00:13f8 4611686019027979923      /nix/store/4nlgxhb09sdr51nc9hdm8az5b08vzkgx-glibc-2.35-163/lib/libdl.so.2
7f9d5ed9d000-7f9d5ed9e000 r-xp 00001000 00:13f8 4611686019027979923      /nix/store/4nlgxhb09sdr51nc9hdm8az5b08vzkgx-glibc-2.35-163/lib/libdl.so.2
7f9d5ed9e000-7f9d5ed9f000 r--p 00002000 00:13f8 4611686019027979923      /nix/store/4nlgxhb09sdr51nc9hdm8az5b08vzkgx-glibc-2.35-163/lib/libdl.so.2
7f9d5ed9f000-7f9d5eda0000 r--p 00002000 00:13f8 4611686019027979923      /nix/store/4nlgxhb09sdr51nc9hdm8az5b08vzkgx-glibc-2.35-163/lib/libdl.so.2
7f9d5eda0000-7f9d5eda1000 rw-p 00003000 00:13f8 4611686019027979923      /nix/store/4nlgxhb09sdr51nc9hdm8az5b08vzkgx-glibc-2.35-163/lib/libdl.so.2
7f9d5eda1000-7f9d5eda2000 r--p 00000000 00:13f8 4611686019027979942      /nix/store/4nlgxhb09sdr51nc9hdm8az5b08vzkgx-glibc-2.35-163/lib/libpthread.so.0
7f9d5eda2000-7f9d5eda3000 r-xp 00001000 00:13f8 4611686019027979942      /nix/store/4nlgxhb09sdr51nc9hdm8az5b08vzkgx-glibc-2.35-163/lib/libpthread.so.0
7f9d5eda3000-7f9d5eda4000 r--p 00002000 00:13f8 4611686019027979942      /nix/store/4nlgxhb09sdr51nc9hdm8az5b08vzkgx-glibc-2.35-163/lib/libpthread.so.0
7f9d5eda4000-7f9d5eda5000 r--p 00002000 00:13f8 4611686019027979942      /nix/store/4nlgxhb09sdr51nc9hdm8az5b08vzkgx-glibc-2.35-163/lib/libpthread.so.0
7f9d5eda5000-7f9d5eda6000 rw-p 00003000 00:13f8 4611686019027979942      /nix/store/4nlgxhb09sdr51nc9hdm8az5b08vzkgx-glibc-2.35-163/lib/libpthread.so.0
7f9d5eda6000-7f9d5edb4000 r-xp 00000000 00:13f8 4611686019135190033      /nix/store/gpxl5qgg8kicmcvivwmybwjlpf7wh20l-graalvm17-ce-22.3.0/lib/libjli.so
7f9d5edb4000-7f9d5edb5000 ---p 0000e000 00:13f8 4611686019135190033      /nix/store/gpxl5qgg8kicmcvivwmybwjlpf7wh20l-graalvm17-ce-22.3.0/lib/libjli.so
7f9d5edb5000-7f9d5edb6000 r--p 0000e000 00:13f8 4611686019135190033      /nix/store/gpxl5qgg8kicmcvivwmybwjlpf7wh20l-graalvm17-ce-22.3.0/lib/libjli.so
7f9d5edb6000-7f9d5edb7000 rw-p 0000f000 00:13f8 4611686019135190033      /nix/store/gpxl5qgg8kicmcvivwmybwjlpf7wh20l-graalvm17-ce-22.3.0/lib/libjli.so
7f9d5edb7000-7f9d5edb8000 rw-p 00012000 00:13f8 4611686019135190033      /nix/store/gpxl5qgg8kicmcvivwmybwjlpf7wh20l-graalvm17-ce-22.3.0/lib/libjli.so
7f9d5edb8000-7f9d5edbb000 r--p 00000000 00:13f8 4611686019106210071      /nix/store/026hln0aq1hyshaxsdvhg0kmcm6yf45r-zlib-1.2.13/lib/libz.so.1.2.13
7f9d5edbb000-7f9d5edcd000 r-xp 00003000 00:13f8 4611686019106210071      /nix/store/026hln0aq1hyshaxsdvhg0kmcm6yf45r-zlib-1.2.13/lib/libz.so.1.2.13
7f9d5edcd000-7f9d5edd4000 r--p 00015000 00:13f8 4611686019106210071      /nix/store/026hln0aq1hyshaxsdvhg0kmcm6yf45r-zlib-1.2.13/lib/libz.so.1.2.13
7f9d5edd4000-7f9d5edd5000 r--p 0001b000 00:13f8 4611686019106210071      /nix/store/026hln0aq1hyshaxsdvhg0kmcm6yf45r-zlib-1.2.13/lib/libz.so.1.2.13
7f9d5edd5000-7f9d5edd6000 rw-p 0001c000 00:13f8 4611686019106210071      /nix/store/026hln0aq1hyshaxsdvhg0kmcm6yf45r-zlib-1.2.13/lib/libz.so.1.2.13
7f9d5edd6000-7f9d5edd8000 rw-p 00000000 00:00 0 
7f9d5edd8000-7f9d5edda000 r--p 00000000 00:13f8 4611686019027979912      /nix/store/4nlgxhb09sdr51nc9hdm8az5b08vzkgx-glibc-2.35-163/lib/ld-linux-x86-64.so.2
7f9d5edda000-7f9d5ee01000 r-xp 00002000 00:13f8 4611686019027979912      /nix/store/4nlgxhb09sdr51nc9hdm8az5b08vzkgx-glibc-2.35-163/lib/ld-linux-x86-64.so.2
7f9d5ee01000-7f9d5ee0d000 r--p 00029000 00:13f8 4611686019027979912      /nix/store/4nlgxhb09sdr51nc9hdm8az5b08vzkgx-glibc-2.35-163/lib/ld-linux-x86-64.so.2
7f9d5ee0d000-7f9d5ee0f000 r--p 00034000 00:13f8 4611686019027979912      /nix/store/4nlgxhb09sdr51nc9hdm8az5b08vzkgx-glibc-2.35-163/lib/ld-linux-x86-64.so.2
7f9d5ee0f000-7f9d5ee11000 rw-p 00036000 00:13f8 4611686019027979912      /nix/store/4nlgxhb09sdr51nc9hdm8az5b08vzkgx-glibc-2.35-163/lib/ld-linux-x86-64.so.2
7ffd20989000-7ffd209ad000 rw-p 00000000 00:00 0                          [stack]
7ffd209d0000-7ffd209d4000 r--p 00000000 00:00 0                          [vvar]
7ffd209d4000-7ffd209d6000 r-xp 00000000 00:00 0                          [vdso]
ffffffffff600000-ffffffffff601000 --xp 00000000 00:00 0                  [vsyscall]


VM Arguments:
jvm_args: -XX:ThreadPriorityPolicy=1 -XX:+UnlockExperimentalVMOptions -XX:+EnableJVMCIProduct -XX:JVMCIThreadsPerNativeLibraryRuntime=1 -XX:-UnlockExperimentalVMOptions -Declipse.application=org.eclipse.jdt.ls.core.id1 -Dosgi.bundles.defaultStartLevel=4 -Declipse.product=org.eclipse.jdt.ls.core.product -Dlog.level=ALL -Xverify:none -XX:+UseParallelGC -XX:GCTimeRatio=4 -XX:AdaptiveSizePolicyWeight=90 -Dsun.zip.disableMemoryMapping=true -Xmx512m -Xms100m 
java_command: /nix/store/m6gcpi1ii6rghy04cjwjddcavv7i90df-jdt-language-server-1.9.0/share/java/plugins/org.eclipse.equinox.launcher_1.6.400.v20210924-0641.jar --add-modules=ALL-SYSTEM --add-opens java.base/java.util=ALL-UNNAMED --add-opens java.base/java.lang=ALL-UNNAMED -configuration /home/runner/.cache/jdt-language-server/config -data /home/runner/.cache/jdt-language-server/data/home/runner/HelloWorld-2
java_class_path (initial): /nix/store/m6gcpi1ii6rghy04cjwjddcavv7i90df-jdt-language-server-1.9.0/share/java/plugins/org.eclipse.equinox.launcher_1.6.400.v20210924-0641.jar
Launcher Type: SUN_STANDARD

[Global flags]
    uintx AdaptiveSizePolicyWeight                 = 90                                        {product} {command line}
     intx CICompilerCount                          = 2                                         {product} {ergonomic}
     bool EnableJVMCIProduct                       = true                                {JVMCI product} {jimage}
    uintx GCTimeRatio                              = 4                                         {product} {command line}
   size_t InitialHeapSize                          = 104857600                                 {product} {command line}
     uint JVMCIThreadsPerNativeLibraryRuntime      = 1                                   {JVMCI product} {jimage}
   size_t MaxHeapSize                              = 536870912                                 {product} {command line}
   size_t MaxNewSize                               = 178782208                                 {product} {ergonomic}
   size_t MinHeapDeltaBytes                        = 524288                                    {product} {ergonomic}
   size_t MinHeapSize                              = 104857600                                 {product} {command line}
   size_t NewSize                                  = 34603008                                  {product} {ergonomic}
    uintx NonNMethodCodeHeapSize                   = 5826188                                {pd product} {ergonomic}
    uintx NonProfiledCodeHeapSize                  = 122916026                              {pd product} {ergonomic}
   size_t OldSize                                  = 70254592                                  {product} {ergonomic}
    uintx ProfiledCodeHeapSize                     = 122916026                              {pd product} {ergonomic}
    uintx ReservedCodeCacheSize                    = 251658240                              {pd product} {ergonomic}
     bool SegmentedCodeCache                       = true                                      {product} {ergonomic}
   size_t SoftMaxHeapSize                          = 536870912                              {manageable} {ergonomic}
     intx ThreadPriorityPolicy                     = 1                                         {product} {jimage}
     bool UseCompressedClassPointers               = true                           {product lp64_product} {ergonomic}
     bool UseCompressedOops                        = true                           {product lp64_product} {ergonomic}
     bool UseParallelGC                            = true                                      {product} {command line}

Logging:
Log output configuration:
 #0: stdout all=warning uptime,level,tags
 #1: stderr all=off uptime,level,tags

Environment Variables:
JAVA_HOME=/nix/store/gpxl5qgg8kicmcvivwmybwjlpf7wh20l-graalvm17-ce-22.3.0
PATH=/nix/store/1d6ian3r8kdzspw8hacjhl3xkp40g1lj-binutils-wrapper-2.39/bin:/nix/store/dq0xwmsk1g0i2ayg6pb7y87na2knzylh-gcc-wrapper-11.3.0/bin:/nix/store/bap4d0lpcrhpwmpb8ayjcgkmvfj62lnq-bash-interactive-5.1-p16/bin:/nix/store/pr5n59mb4jzmfx6kanwxly0l07p861fg-patchelf-0.15.0/bin:/nix/store/1gf2flfqnpqbr1b4p4qz2f72y42bs56r-gcc-11.3.0/bin:/nix/store/57xv61c5zi8pphjbcwxxjlgc34p61ic9-glibc-2.35-163-bin/bin:/nix/store/a7gvj343m05j2s32xcnwr35v31ynlypr-coreutils-9.1/bin:/nix/store/039g378vc3pc3dvi9dzdlrd0i4q93qwf-binutils-2.39/bin:/nix/store/gpxl5qgg8kicmcvivwmybwjlpf7wh20l-graalvm17-ce-22.3.0/bin:/nix/store/6z9ag3ihc8mq2hzsw48lhbznvzny65nz-apache-maven-3.8.6/bin:/nix/store/m6gcpi1ii6rghy04cjwjddcavv7i90df-jdt-language-server-1.9.0/bin:/nix/store/84xs5alhs01zrbr4ywm05kxbjbp5590l-java-debug/bin:/nix/store/mydc6f4k2z73xlcz7ilif3v2lcaiqvza-findutils-4.9.0/bin:/nix/store/j9p3g8472iijd50vhdprx0nmk2fqn5gv-diffutils-3.8/bin:/nix/store/89zs7rms6x00xfq4dq6m7mjnhkr8a6r4-gnused-4.8/bin:/nix/store/86bp03jkmsl6f92w0yzg4s59g5mhxwmy-gnugrep-3.7/bin:/nix/store/hwcdqw4jrjnd37wxqgsd47hd0j8bnj09-gawk-5.1.1/bin:/nix/store/cfbhw8r8ags41vwqaz47r583d0p4h4a1-gnutar-1.34/bin:/nix/store/p3m1ndl1lapwrlh698bnb5lvvxh67378-gzip-1.12/bin:/nix/store/a8mhcagrsly7c7mpjrpsnaahk4aax056-bzip2-1.0.8-bin/bin:/nix/store/mblgz65m3zv9x548a3d5m96fj2pbwr09-gnumake-4.3/bin:/nix/store/dsd5gz46hdbdk2rfdimqddhq6m8m8fqs-bash-5.1-p16/bin:/nix/store/v7ljksji50mg3w61dykaa3n3y79n6nil-patch-2.7.6/bin:/nix/store/zlcnmqq14jz5x9439jf937mvayyl63da-xz-5.2.7-bin/bin:/nix/store/y6aj732zm9m87c82fpvf103a1xb22blp-file-5.43/bin:/nix/store/sgqd0ajghcv2axfl1lad0b1alyavp0dc-prybar-elisp-0.0.0-67f7a00/bin:/nix/store/p3hsvljpgs68jqwar41lc0jqhjj734lf-prybar-lua-0.0.0-67f7a00/bin:/nix/store/qzxs2gybds3s9kb1vkaflpgm2nwr85fh-prybar-python3-0.0.0-67f7a00/bin:/nix/store/km94z9mxp8w4m8gxxp5mbfpdf3nkfvd8-prybar-sqlite-0.0.0-67f7a00/bin:/nix/store/2pnc7b76asw0z59c4l6h6qy8arwqrii1-prybar-tcl-0.0.0-67f7a00/bin:/nix/store/hpbvrlwd5viqmvcaisb3x0118i913a9n-st
LD_LIBRARY_PATH=/nix/store/a4pff549sk2idnkpzk5nsfps3mdkdnvm-cups-2.4.2-lib/lib:/nix/store/72mqxxhh3cy5yifh92wh2yb8cl2hikyy-cairo-1.16.0/lib:/nix/store/2k366jrbsra97gjfxwvrhvixjfxdach5-glib-2.74.1/lib:/nix/store/2j2znigd8ak37rlwh9khz0ry3clqlw1l-gtk+3-3.24.34/lib:/nix/store/hisqvx32cd57apbpcsnkpx6k3549wql1-libglvnd-1.4.0/lib:/nix/store/p36pgcv991mq5srvg765b78yqpxvk3qs-mesa-21.3.3-drivers/lib:/nix/store/mav4251if1ahjq5vkpwycyyvnmy459c4-pulseaudio-14.2/lib
DISPLAY=:0
LANG=en_US.UTF-8

Signal Handlers:
   SIGSEGV: crash_handler in libjvm.so, mask=11100100010111111101111111111110, flags=SA_RESTART|SA_SIGINFO
    SIGBUS: crash_handler in libjvm.so, mask=11100100010111111101111111111110, flags=SA_RESTART|SA_SIGINFO
    SIGFPE: crash_handler in libjvm.so, mask=11100100010111111101111111111110, flags=SA_RESTART|SA_SIGINFO
   SIGPIPE: IsolateEnterStub_IgnoreSIGPIPEStartupHook_noopSignalHandler_8f19bff2f35b5f630d83b364d6b2339320d4ec70_216e8361c6bc87a8f89f58cc10d3b2fd4415bf87 in libjvmcicompiler.so, mask=00000000000000000000000000000000, flags=SA_RESTART
  *** Handler was modified!
  *** Expected: javaSignalHandler in libjvm.so, mask=11100100110111111111111111111110, flags=SA_RESTART|SA_SIGINFO
   SIGXFSZ: javaSignalHandler in libjvm.so, mask=11100100010111111101111111111110, flags=SA_RESTART|SA_SIGINFO
    SIGILL: crash_handler in libjvm.so, mask=11100100010111111101111111111110, flags=SA_RESTART|SA_SIGINFO
   SIGUSR2: SR_handler in libjvm.so, mask=00000000000000000000000000000000, flags=SA_RESTART|SA_SIGINFO
    SIGHUP: UserHandler in libjvm.so, mask=11100100010111111101111111111110, flags=SA_RESTART|SA_SIGINFO
    SIGINT: UserHandler in libjvm.so, mask=11100100010111111101111111111110, flags=SA_RESTART|SA_SIGINFO
   SIGTERM: UserHandler in libjvm.so, mask=11100100010111111101111111111110, flags=SA_RESTART|SA_SIGINFO
   SIGQUIT: UserHandler in libjvm.so, mask=11100100010111111101111111111110, flags=SA_RESTART|SA_SIGINFO
  *** Handler was modified!
  *** Expected: javaSignalHandler in libjvm.so, mask=11100100110111111111111111111110, flags=SA_RESTART|SA_SIGINFO
   SIGTRAP: crash_handler in libjvm.so, mask=11100100010111111101111111111110, flags=SA_RESTART|SA_SIGINFO


---------------  S Y S T E M  ---------------

OS:
DISTRIB_ID=Ubuntu
DISTRIB_RELEASE=20.04
DISTRIB_CODENAME=focal
DISTRIB_DESCRIPTION="Ubuntu 20.04.2 LTS"
uname: Linux 5.15.0-1030-gcp #37~20.04.1-Ubuntu SMP Mon Feb 20 04:30:57 UTC 2023 x86_64
OS uptime: 0 days 1:45 hours
libc: glibc 2.35 NPTL 2.35 
rlimit (soft/hard): STACK 8192k/infinity , CORE infinity/infinity , NPROC infinity/infinity , NOFILE 5242/5242 , AS infinity/infinity , CPU infinity/infinity , DATA infinity/infinity , FSIZE infinity/infinity , MEMLOCK 64k/64k
load average: 32.79 19.37 15.46

/proc/meminfo:
MemTotal:       65852728 kB
MemFree:        30349196 kB
MemAvailable:   46251212 kB
Buffers:         1323644 kB
Cached:         13594536 kB
SwapCached:            0 kB
Active:          5959540 kB
Inactive:       26123744 kB
Active(anon):      18688 kB
Inactive(anon): 16677424 kB
Active(file):    5940852 kB
Inactive(file):  9446320 kB
Unevictable:       43548 kB
Mlocked:           43548 kB
SwapTotal:             0 kB
SwapFree:              0 kB
Dirty:              3260 kB
Writeback:             0 kB
AnonPages:      16706460 kB
Mapped:          1727744 kB
Shmem:             36804 kB
KReclaimable:    1241444 kB
Slab:            2368988 kB
SReclaimable:    1241444 kB
SUnreclaim:      1127544 kB
KernelStack:      419292 kB
PageTables:       197168 kB
NFS_Unstable:          0 kB
Bounce:                0 kB
WritebackTmp:          0 kB
CommitLimit:    32926364 kB
Committed_AS:   80296088 kB
VmallocTotal:   34359738367 kB
VmallocUsed:      456516 kB
VmallocChunk:          0 kB
Percpu:            54560 kB
HardwareCorrupted:     0 kB
AnonHugePages:   1236992 kB
ShmemHugePages:        0 kB
ShmemPmdMapped:        0 kB
FileHugePages:         0 kB
FilePmdMapped:         0 kB
HugePages_Total:       0
HugePages_Free:        0
HugePages_Rsvd:        0
HugePages_Surp:        0
Hugepagesize:       2048 kB
Hugetlb:               0 kB
DirectMap4k:     3076928 kB
DirectMap2M:    35717120 kB
DirectMap1G:    30408704 kB

/sys/kernel/mm/transparent_hugepage/enabled: always [madvise] never
/sys/kernel/mm/transparent_hugepage/defrag (defrag/compaction efforts parameter): always defer defer+madvise [madvise] never

Process Memory:
Virtual Size: 4456060K (peak: 4537148K)
Resident Set Size: 765432K (peak: 809016K) (anon: 567920K, file: 197512K, shmem: 0K)
Swapped out: 0K
C-Heap outstanding allocations: 40352K, retained: 15047K
glibc malloc tunables: (default)

/proc/sys/kernel/threads-max (system-wide limit on the number of threads): 514406
/proc/sys/vm/max_map_count (maximum number of memory map areas a process may have): 65530
/proc/sys/kernel/pid_max (system-wide limit on number of process identifiers): 4194304

container (cgroup) information:
container_type: cgroupv1
cpu_cpuset_cpus: 2-7
cpu_memory_nodes: 0
active_processor_count: 1
cpu_quota: 50000
cpu_period: 100000
cpu_shares: 512
memory_limit_in_bytes: 1048576 k
memory_and_swap_limit_in_bytes: 1048576 k
memory_soft_limit_in_bytes: 524288 k
memory_usage_in_bytes: 609384 k
memory_max_usage_in_bytes: 638468 k
maximum number of tasks: 1000
current number of tasks: 49

KVM virtualization detected
Steal ticks since vm start: 0
Steal ticks percentage since vm start:  0.000

CPU: total 8 (initial active 1) (8 cores per cpu, 2 threads per core) family 23 model 49 stepping 0 microcode 0xffffffff, cx8, cmov, fxsr, ht, mmx, 3dnowpref, sse, sse2, sse3, ssse3, sse4a, sse4.1, sse4.2, popcnt, lzcnt, tsc, tscinvbit, avx, avx2, aes, clmul, bmi1, bmi2, adx, sha, fma, vzeroupper, clflush, clflushopt, hv
CPU Model and flags from /proc/cpuinfo:
model name	: AMD EPYC 7B12
flags		: fpu vme de pse tsc msr pae mce cx8 apic sep mtrr pge mca cmov pat pse36 clflush mmx fxsr sse sse2 ht syscall nx mmxext fxsr_opt pdpe1gb rdtscp lm constant_tsc rep_good nopl nonstop_tsc cpuid extd_apicid tsc_known_freq pni pclmulqdq ssse3 fma cx16 sse4_1 sse4_2 movbe popcnt aes xsave avx f16c rdrand hypervisor lahf_lm cmp_legacy cr8_legacy abm sse4a misalignsse 3dnowprefetch osvw topoext ssbd ibrs ibpb stibp vmmcall fsgsbase tsc_adjust bmi1 avx2 smep bmi2 rdseed adx smap clflushopt clwb sha_ni xsaveopt xsavec xgetbv1 clzero xsaveerptr arat npt nrip_save umip rdpid

Online cpus: 0-7
Offline cpus: 
BIOS frequency limitation: <Not Available>
Frequency switch latency (ns): <Not Available>
Available cpu frequencies: <Not Available>
Current governor: <Not Available>
Core performance/turbo boost: <Not Available>

Memory: 4k page, physical 1048576k(439312k free), swap 0k(0k free)
Page Sizes: 4k

vm_info: OpenJDK 64-Bit Server VM (17.0.5+8-jvmci-22.3-b08) for linux-amd64 JRE (17.0.5+8-jvmci-22.3-b08), built on Oct 19 2022 09:01:27 by "buildslave" with gcc 10.3.0

END.
